This file contains any messages produced by compilers while
running configure, to aid debugging if configure makes a mistake.

It was created by libffi configure 3.4.2, which was
generated by GNU Autoconf 2.72.  Invocation command line was

  $ /Users/clementtongpersonal/Desktop/Programming/2023/safelybuoy-debug2/safelybuoy-debug2/kivy-app/.buildozer/android/platform/build-arm64-v8a_armeabi-v7a/build/other_builds/libffi/arm64-v8a__ndk_target_21/libffi/configure --host=aarch64-linux-android --prefix=/Users/clementtongpersonal/Desktop/Programming/2023/safelybuoy-debug2/safelybuoy-debug2/kivy-app/.buildozer/android/platform/build-arm64-v8a_armeabi-v7a/build/other_builds/libffi/arm64-v8a__ndk_target_21/libffi --disable-builddir --enable-shared

## --------- ##
## Platform. ##
## --------- ##

hostname = HISHK-MBP1210-3.local
uname -m = x86_64
uname -r = 23.1.0
uname -s = Darwin
uname -v = Darwin Kernel Version 23.1.0: Mon Oct  9 21:28:12 PDT 2023; root:xnu-10002.41.9~6/RELEASE_ARM64_T8103

/usr/bin/uname -p = i386
/bin/uname -X     = unknown

/bin/arch              = unknown
/usr/bin/arch -k       = unknown
/usr/convex/getsysinfo = unknown
/usr/bin/hostinfo      = Mach kernel version:
	 Darwin Kernel Version 23.1.0: Mon Oct  9 21:28:12 PDT 2023; root:xnu-10002.41.9~6/RELEASE_ARM64_T8103
Kernel configured for up to 8 processors.
8 processors are physically available.
8 processors are logically available.
Processor type: i486 (Intel 80486)
Processors active: 0 1 2 3 4 5 6 7
Primary memory available: 16.00 gigabytes
Default processor set: 606 tasks, 2939 threads, 8 processors
Load average: 3.29, Mach factor: 4.69
/bin/machine           = unknown
/usr/bin/oslevel       = unknown
/bin/universe          = unknown

PATH: /Users/clementtongpersonal/.buildozer/android/platform/android-ndk-r25b/toolchains/llvm/prebuilt/darwin-x86_64/bin/
PATH: /Users/clementtongpersonal/.buildozer/android/platform/android-ndk-r25b/
PATH: /Users/clementtongpersonal/.buildozer/android/platform/android-sdk/tools/
PATH: /Users/clementtongpersonal/.buildozer/android/platform/apache-ant-1.9.4/bin/
PATH: /Users/clementtongpersonal/.deta/bin/
PATH: /usr/local/sbin/
PATH: /Users/clementtongpersonal/opt/anaconda3/envs/buoydebug/bin/
PATH: /Users/clementtongpersonal/miniforge3/condabin/
PATH: /opt/homebrew/bin/
PATH: /opt/homebrew/sbin/
PATH: /opt/local/bin/
PATH: /opt/local/sbin/
PATH: /Library/Frameworks/Python.framework/Versions/3.10/bin/
PATH: /usr/local/bin/
PATH: /System/Cryptexes/App/usr/bin/
PATH: /usr/bin/
PATH: /bin/
PATH: /usr/sbin/
PATH: /sbin/
PATH: /var/run/com.apple.security.cryptexd/codex.system/bootstrap/usr/local/bin/
PATH: /var/run/com.apple.security.cryptexd/codex.system/bootstrap/usr/bin/
PATH: /var/run/com.apple.security.cryptexd/codex.system/bootstrap/usr/appleinternal/bin/
PATH: /Library/Apple/usr/bin/
PATH: /Library/Frameworks/Mono.framework/Versions/Current/Commands/
PATH: /Users/clementtongpersonal/esp/xtensa-esp32-elf/bin/
PATH: /Users/clementtongpersonal/Developer/flutter/bin/
PATH: /Users/clementtongpersonal/.local/bin/


## ----------- ##
## Core tests. ##
## ----------- ##

configure:3100: looking for aux files: ltmain.sh compile missing install-sh config.guess config.sub
configure:3113:  trying ./
configure:3142:   ./ltmain.sh found
configure:3142:   ./compile found
configure:3142:   ./missing found
configure:3124:   ./install-sh found
configure:3142:   ./config.guess found
configure:3142:   ./config.sub found
configure:3264: checking build system type
configure:3280: result: x86_64-apple-darwin23.1.0
configure:3300: checking host system type
configure:3315: result: aarch64-unknown-linux-android
configure:3335: checking target system type
configure:3350: result: aarch64-unknown-linux-android
configure:3450: checking for gsed
configure:3487: result: sed
configure:3516: checking for a BSD-compatible install
configure:3590: result: /usr/local/bin/ginstall -c
configure:3601: checking whether build environment is sane
configure:3656: result: yes
configure:3708: checking for aarch64-linux-android-strip
configure:3741: result: /Users/clementtongpersonal/.buildozer/android/platform/android-ndk-r25b/toolchains/llvm/prebuilt/darwin-x86_64/bin/llvm-strip --strip-unneeded
configure:3813: checking for a race-free mkdir -p
configure:3856: result: /usr/local/bin/gmkdir -p
configure:3863: checking for gawk
configure:3899: result: no
configure:3863: checking for mawk
configure:3899: result: no
configure:3863: checking for nawk
configure:3899: result: no
configure:3863: checking for awk
configure:3884: found /usr/bin/awk
configure:3896: result: awk
configure:3907: checking whether make -j8 sets $(MAKE)
configure:3931: result: yes
configure:3961: checking whether make -j8 supports nested variables
configure:3980: result: yes
configure:4144: checking for aarch64-linux-android-gcc
configure:4177: result: /usr/local/bin/ccache /Users/clementtongpersonal/.buildozer/android/platform/android-ndk-r25b/toolchains/llvm/prebuilt/darwin-x86_64/bin/clang -target aarch64-linux-android21 -fomit-frame-pointer -march=armv8-a -fPIC
configure:4582: checking for C compiler version
configure:4591: /usr/local/bin/ccache /Users/clementtongpersonal/.buildozer/android/platform/android-ndk-r25b/toolchains/llvm/prebuilt/darwin-x86_64/bin/clang -target aarch64-linux-android21 -fomit-frame-pointer -march=armv8-a -fPIC --version >&5
Android (8490178, based on r450784d) clang version 14.0.6 (https://android.googlesource.com/toolchain/llvm-project 4c603efb0cca074e9238af8b4106c30add4418f6)
Target: aarch64-unknown-linux-android21
Thread model: posix
InstalledDir: /Users/clementtongpersonal/.buildozer/android/platform/android-ndk-r25b/toolchains/llvm/prebuilt/darwin-x86_64/bin
configure:4602: $? = 0
configure:4591: /usr/local/bin/ccache /Users/clementtongpersonal/.buildozer/android/platform/android-ndk-r25b/toolchains/llvm/prebuilt/darwin-x86_64/bin/clang -target aarch64-linux-android21 -fomit-frame-pointer -march=armv8-a -fPIC -v >&5
Android (8490178, based on r450784d) clang version 14.0.6 (https://android.googlesource.com/toolchain/llvm-project 4c603efb0cca074e9238af8b4106c30add4418f6)
Target: aarch64-unknown-linux-android21
Thread model: posix
InstalledDir: /Users/clementtongpersonal/.buildozer/android/platform/android-ndk-r25b/toolchains/llvm/prebuilt/darwin-x86_64/bin
clang-14: warning: argument unused during compilation: '-fomit-frame-pointer' [-Wunused-command-line-argument]
clang-14: warning: argument unused during compilation: '-fPIC' [-Wunused-command-line-argument]
configure:4602: $? = 0
configure:4591: /usr/local/bin/ccache /Users/clementtongpersonal/.buildozer/android/platform/android-ndk-r25b/toolchains/llvm/prebuilt/darwin-x86_64/bin/clang -target aarch64-linux-android21 -fomit-frame-pointer -march=armv8-a -fPIC -V >&5
clang-14: error: argument to '-V' is missing (expected 1 value)
clang-14: error: no input files
configure:4602: $? = 1
configure:4591: /usr/local/bin/ccache /Users/clementtongpersonal/.buildozer/android/platform/android-ndk-r25b/toolchains/llvm/prebuilt/darwin-x86_64/bin/clang -target aarch64-linux-android21 -fomit-frame-pointer -march=armv8-a -fPIC -qversion >&5
clang-14: error: unknown argument '-qversion'; did you mean '--version'?
clang-14: error: no input files
configure:4602: $? = 1
configure:4591: /usr/local/bin/ccache /Users/clementtongpersonal/.buildozer/android/platform/android-ndk-r25b/toolchains/llvm/prebuilt/darwin-x86_64/bin/clang -target aarch64-linux-android21 -fomit-frame-pointer -march=armv8-a -fPIC -version >&5
clang-14: error: unknown argument '-version'; did you mean '--version'?
clang-14: error: no input files
configure:4602: $? = 1
configure:4622: checking whether the C compiler works
configure:4644: /usr/local/bin/ccache /Users/clementtongpersonal/.buildozer/android/platform/android-ndk-r25b/toolchains/llvm/prebuilt/darwin-x86_64/bin/clang -target aarch64-linux-android21 -fomit-frame-pointer -march=armv8-a -fPIC -target aarch64-linux-android21 -fomit-frame-pointer -march=armv8-a -fPIC -DANDROID -I/Users/clementtongpersonal/.buildozer/android/platform/android-ndk-r25b/toolchains/llvm/prebuilt/darwin-x86_64/sysroot/usr/include -I/Users/clementtongpersonal/Desktop/Programming/2023/safelybuoy-debug2/safelybuoy-debug2/kivy-app/.buildozer/android/platform/build-arm64-v8a_armeabi-v7a/build/python-installs/safelybuoydebug/arm64-v8a/include/python3.1   -L/Users/clementtongpersonal/Desktop/Programming/2023/safelybuoy-debug2/safelybuoy-debug2/kivy-app/.buildozer/android/platform/build-arm64-v8a_armeabi-v7a/build/libs_collections/safelybuoydebug/arm64-v8a conftest.c  >&5
configure:4648: $? = 0
configure:4699: result: yes
configure:4703: checking for C compiler default output file name
configure:4705: result: a.out
configure:4711: checking for suffix of executables
configure:4718: /usr/local/bin/ccache /Users/clementtongpersonal/.buildozer/android/platform/android-ndk-r25b/toolchains/llvm/prebuilt/darwin-x86_64/bin/clang -target aarch64-linux-android21 -fomit-frame-pointer -march=armv8-a -fPIC -o conftest -target aarch64-linux-android21 -fomit-frame-pointer -march=armv8-a -fPIC -DANDROID -I/Users/clementtongpersonal/.buildozer/android/platform/android-ndk-r25b/toolchains/llvm/prebuilt/darwin-x86_64/sysroot/usr/include -I/Users/clementtongpersonal/Desktop/Programming/2023/safelybuoy-debug2/safelybuoy-debug2/kivy-app/.buildozer/android/platform/build-arm64-v8a_armeabi-v7a/build/python-installs/safelybuoydebug/arm64-v8a/include/python3.1   -L/Users/clementtongpersonal/Desktop/Programming/2023/safelybuoy-debug2/safelybuoy-debug2/kivy-app/.buildozer/android/platform/build-arm64-v8a_armeabi-v7a/build/libs_collections/safelybuoydebug/arm64-v8a conftest.c  >&5
configure:4722: $? = 0
configure:4746: result: 
configure:4770: checking whether we are cross compiling
configure:4778: /usr/local/bin/ccache /Users/clementtongpersonal/.buildozer/android/platform/android-ndk-r25b/toolchains/llvm/prebuilt/darwin-x86_64/bin/clang -target aarch64-linux-android21 -fomit-frame-pointer -march=armv8-a -fPIC -o conftest -target aarch64-linux-android21 -fomit-frame-pointer -march=armv8-a -fPIC -DANDROID -I/Users/clementtongpersonal/.buildozer/android/platform/android-ndk-r25b/toolchains/llvm/prebuilt/darwin-x86_64/sysroot/usr/include -I/Users/clementtongpersonal/Desktop/Programming/2023/safelybuoy-debug2/safelybuoy-debug2/kivy-app/.buildozer/android/platform/build-arm64-v8a_armeabi-v7a/build/python-installs/safelybuoydebug/arm64-v8a/include/python3.1   -L/Users/clementtongpersonal/Desktop/Programming/2023/safelybuoy-debug2/safelybuoy-debug2/kivy-app/.buildozer/android/platform/build-arm64-v8a_armeabi-v7a/build/libs_collections/safelybuoydebug/arm64-v8a conftest.c  >&5
configure:4782: $? = 0
configure:4789: ./conftest
/Users/clementtongpersonal/Desktop/Programming/2023/safelybuoy-debug2/safelybuoy-debug2/kivy-app/.buildozer/android/platform/build-arm64-v8a_armeabi-v7a/build/other_builds/libffi/arm64-v8a__ndk_target_21/libffi/configure: line 4791: ./conftest: cannot execute binary file
configure:4793: $? = 126
configure:4808: result: yes
configure:4814: checking for suffix of object files
configure:4837: /usr/local/bin/ccache /Users/clementtongpersonal/.buildozer/android/platform/android-ndk-r25b/toolchains/llvm/prebuilt/darwin-x86_64/bin/clang -target aarch64-linux-android21 -fomit-frame-pointer -march=armv8-a -fPIC -c -target aarch64-linux-android21 -fomit-frame-pointer -march=armv8-a -fPIC -DANDROID -I/Users/clementtongpersonal/.buildozer/android/platform/android-ndk-r25b/toolchains/llvm/prebuilt/darwin-x86_64/sysroot/usr/include -I/Users/clementtongpersonal/Desktop/Programming/2023/safelybuoy-debug2/safelybuoy-debug2/kivy-app/.buildozer/android/platform/build-arm64-v8a_armeabi-v7a/build/python-installs/safelybuoydebug/arm64-v8a/include/python3.1 conftest.c >&5
configure:4841: $? = 0
configure:4865: result: o
configure:4869: checking whether the compiler supports GNU C
configure:4889: /usr/local/bin/ccache /Users/clementtongpersonal/.buildozer/android/platform/android-ndk-r25b/toolchains/llvm/prebuilt/darwin-x86_64/bin/clang -target aarch64-linux-android21 -fomit-frame-pointer -march=armv8-a -fPIC -c -target aarch64-linux-android21 -fomit-frame-pointer -march=armv8-a -fPIC -DANDROID -I/Users/clementtongpersonal/.buildozer/android/platform/android-ndk-r25b/toolchains/llvm/prebuilt/darwin-x86_64/sysroot/usr/include -I/Users/clementtongpersonal/Desktop/Programming/2023/safelybuoy-debug2/safelybuoy-debug2/kivy-app/.buildozer/android/platform/build-arm64-v8a_armeabi-v7a/build/python-installs/safelybuoydebug/arm64-v8a/include/python3.1 conftest.c >&5
configure:4889: $? = 0
configure:4901: result: yes
configure:4912: checking whether /usr/local/bin/ccache /Users/clementtongpersonal/.buildozer/android/platform/android-ndk-r25b/toolchains/llvm/prebuilt/darwin-x86_64/bin/clang -target aarch64-linux-android21 -fomit-frame-pointer -march=armv8-a -fPIC accepts -g
configure:4933: /usr/local/bin/ccache /Users/clementtongpersonal/.buildozer/android/platform/android-ndk-r25b/toolchains/llvm/prebuilt/darwin-x86_64/bin/clang -target aarch64-linux-android21 -fomit-frame-pointer -march=armv8-a -fPIC -c -g -DANDROID -I/Users/clementtongpersonal/.buildozer/android/platform/android-ndk-r25b/toolchains/llvm/prebuilt/darwin-x86_64/sysroot/usr/include -I/Users/clementtongpersonal/Desktop/Programming/2023/safelybuoy-debug2/safelybuoy-debug2/kivy-app/.buildozer/android/platform/build-arm64-v8a_armeabi-v7a/build/python-installs/safelybuoydebug/arm64-v8a/include/python3.1 conftest.c >&5
configure:4933: $? = 0
configure:4980: result: yes
configure:5000: checking for /usr/local/bin/ccache /Users/clementtongpersonal/.buildozer/android/platform/android-ndk-r25b/toolchains/llvm/prebuilt/darwin-x86_64/bin/clang -target aarch64-linux-android21 -fomit-frame-pointer -march=armv8-a -fPIC option to enable C11 features
configure:5015: /usr/local/bin/ccache /Users/clementtongpersonal/.buildozer/android/platform/android-ndk-r25b/toolchains/llvm/prebuilt/darwin-x86_64/bin/clang -target aarch64-linux-android21 -fomit-frame-pointer -march=armv8-a -fPIC  -c -target aarch64-linux-android21 -fomit-frame-pointer -march=armv8-a -fPIC -DANDROID -I/Users/clementtongpersonal/.buildozer/android/platform/android-ndk-r25b/toolchains/llvm/prebuilt/darwin-x86_64/sysroot/usr/include -I/Users/clementtongpersonal/Desktop/Programming/2023/safelybuoy-debug2/safelybuoy-debug2/kivy-app/.buildozer/android/platform/build-arm64-v8a_armeabi-v7a/build/python-installs/safelybuoydebug/arm64-v8a/include/python3.1 conftest.c >&5
configure:5015: $? = 0
configure:5034: result: none needed
configure:5158: checking whether /usr/local/bin/ccache /Users/clementtongpersonal/.buildozer/android/platform/android-ndk-r25b/toolchains/llvm/prebuilt/darwin-x86_64/bin/clang -target aarch64-linux-android21 -fomit-frame-pointer -march=armv8-a -fPIC understands -c and -o together
configure:5181: /usr/local/bin/ccache /Users/clementtongpersonal/.buildozer/android/platform/android-ndk-r25b/toolchains/llvm/prebuilt/darwin-x86_64/bin/clang -target aarch64-linux-android21 -fomit-frame-pointer -march=armv8-a -fPIC -c conftest.c -o conftest2.o
configure:5184: $? = 0
configure:5181: /usr/local/bin/ccache /Users/clementtongpersonal/.buildozer/android/platform/android-ndk-r25b/toolchains/llvm/prebuilt/darwin-x86_64/bin/clang -target aarch64-linux-android21 -fomit-frame-pointer -march=armv8-a -fPIC -c conftest.c -o conftest2.o
configure:5184: $? = 0
configure:5197: result: yes
configure:5217: checking whether make -j8 supports the include directive
configure:5232: make -j8 -f confmf.GNU && cat confinc.out
this is the am__doit target
configure:5235: $? = 0
configure:5254: result: yes (GNU style)
configure:5280: checking dependency style of /usr/local/bin/ccache /Users/clementtongpersonal/.buildozer/android/platform/android-ndk-r25b/toolchains/llvm/prebuilt/darwin-x86_64/bin/clang -target aarch64-linux-android21 -fomit-frame-pointer -march=armv8-a -fPIC
configure:5393: result: gcc3
configure:5538: checking for C++ compiler version
configure:5547: /usr/local/bin/ccache /Users/clementtongpersonal/.buildozer/android/platform/android-ndk-r25b/toolchains/llvm/prebuilt/darwin-x86_64/bin/clang++ -target aarch64-linux-android21 -fomit-frame-pointer -march=armv8-a -fPIC --version >&5
Android (8490178, based on r450784d) clang version 14.0.6 (https://android.googlesource.com/toolchain/llvm-project 4c603efb0cca074e9238af8b4106c30add4418f6)
Target: aarch64-unknown-linux-android21
Thread model: posix
InstalledDir: /Users/clementtongpersonal/.buildozer/android/platform/android-ndk-r25b/toolchains/llvm/prebuilt/darwin-x86_64/bin
configure:5558: $? = 0
configure:5547: /usr/local/bin/ccache /Users/clementtongpersonal/.buildozer/android/platform/android-ndk-r25b/toolchains/llvm/prebuilt/darwin-x86_64/bin/clang++ -target aarch64-linux-android21 -fomit-frame-pointer -march=armv8-a -fPIC -v >&5
Android (8490178, based on r450784d) clang version 14.0.6 (https://android.googlesource.com/toolchain/llvm-project 4c603efb0cca074e9238af8b4106c30add4418f6)
Target: aarch64-unknown-linux-android21
Thread model: posix
InstalledDir: /Users/clementtongpersonal/.buildozer/android/platform/android-ndk-r25b/toolchains/llvm/prebuilt/darwin-x86_64/bin
clang-14: warning: argument unused during compilation: '-fomit-frame-pointer' [-Wunused-command-line-argument]
clang-14: warning: argument unused during compilation: '-fPIC' [-Wunused-command-line-argument]
configure:5558: $? = 0
configure:5547: /usr/local/bin/ccache /Users/clementtongpersonal/.buildozer/android/platform/android-ndk-r25b/toolchains/llvm/prebuilt/darwin-x86_64/bin/clang++ -target aarch64-linux-android21 -fomit-frame-pointer -march=armv8-a -fPIC -V >&5
clang-14: error: argument to '-V' is missing (expected 1 value)
clang-14: error: no input files
configure:5558: $? = 1
configure:5547: /usr/local/bin/ccache /Users/clementtongpersonal/.buildozer/android/platform/android-ndk-r25b/toolchains/llvm/prebuilt/darwin-x86_64/bin/clang++ -target aarch64-linux-android21 -fomit-frame-pointer -march=armv8-a -fPIC -qversion >&5
clang-14: error: unknown argument '-qversion'; did you mean '--version'?
clang-14: error: no input files
configure:5558: $? = 1
configure:5562: checking whether the compiler supports GNU C++
configure:5582: /usr/local/bin/ccache /Users/clementtongpersonal/.buildozer/android/platform/android-ndk-r25b/toolchains/llvm/prebuilt/darwin-x86_64/bin/clang++ -target aarch64-linux-android21 -fomit-frame-pointer -march=armv8-a -fPIC -c -target aarch64-linux-android21 -fomit-frame-pointer -march=armv8-a -fPIC -DANDROID -I/Users/clementtongpersonal/.buildozer/android/platform/android-ndk-r25b/toolchains/llvm/prebuilt/darwin-x86_64/sysroot/usr/include -I/Users/clementtongpersonal/Desktop/Programming/2023/safelybuoy-debug2/safelybuoy-debug2/kivy-app/.buildozer/android/platform/build-arm64-v8a_armeabi-v7a/build/python-installs/safelybuoydebug/arm64-v8a/include/python3.1 conftest.cpp >&5
configure:5582: $? = 0
configure:5594: result: yes
configure:5605: checking whether /usr/local/bin/ccache /Users/clementtongpersonal/.buildozer/android/platform/android-ndk-r25b/toolchains/llvm/prebuilt/darwin-x86_64/bin/clang++ -target aarch64-linux-android21 -fomit-frame-pointer -march=armv8-a -fPIC accepts -g
configure:5626: /usr/local/bin/ccache /Users/clementtongpersonal/.buildozer/android/platform/android-ndk-r25b/toolchains/llvm/prebuilt/darwin-x86_64/bin/clang++ -target aarch64-linux-android21 -fomit-frame-pointer -march=armv8-a -fPIC -c -g -DANDROID -I/Users/clementtongpersonal/.buildozer/android/platform/android-ndk-r25b/toolchains/llvm/prebuilt/darwin-x86_64/sysroot/usr/include -I/Users/clementtongpersonal/Desktop/Programming/2023/safelybuoy-debug2/safelybuoy-debug2/kivy-app/.buildozer/android/platform/build-arm64-v8a_armeabi-v7a/build/python-installs/safelybuoydebug/arm64-v8a/include/python3.1 conftest.cpp >&5
configure:5626: $? = 0
configure:5673: result: yes
configure:5693: checking for /usr/local/bin/ccache /Users/clementtongpersonal/.buildozer/android/platform/android-ndk-r25b/toolchains/llvm/prebuilt/darwin-x86_64/bin/clang++ -target aarch64-linux-android21 -fomit-frame-pointer -march=armv8-a -fPIC option to enable C++11 features
configure:5708: /usr/local/bin/ccache /Users/clementtongpersonal/.buildozer/android/platform/android-ndk-r25b/toolchains/llvm/prebuilt/darwin-x86_64/bin/clang++ -target aarch64-linux-android21 -fomit-frame-pointer -march=armv8-a -fPIC  -c -target aarch64-linux-android21 -fomit-frame-pointer -march=armv8-a -fPIC -DANDROID -I/Users/clementtongpersonal/.buildozer/android/platform/android-ndk-r25b/toolchains/llvm/prebuilt/darwin-x86_64/sysroot/usr/include -I/Users/clementtongpersonal/Desktop/Programming/2023/safelybuoy-debug2/safelybuoy-debug2/kivy-app/.buildozer/android/platform/build-arm64-v8a_armeabi-v7a/build/python-installs/safelybuoydebug/arm64-v8a/include/python3.1 conftest.cpp >&5
conftest.cpp:177:25: warning: empty parentheses interpreted as a function declaration [-Wvexing-parse]
  cxx11test::delegate d2();
                        ^~
conftest.cpp:177:25: note: remove parentheses to declare a variable
  cxx11test::delegate d2();
                        ^~
1 warning generated.
configure:5708: $? = 0
configure:5727: result: none needed
configure:5798: checking dependency style of /usr/local/bin/ccache /Users/clementtongpersonal/.buildozer/android/platform/android-ndk-r25b/toolchains/llvm/prebuilt/darwin-x86_64/bin/clang++ -target aarch64-linux-android21 -fomit-frame-pointer -march=armv8-a -fPIC
configure:5911: result: gcc3
configure:5941: checking dependency style of /usr/local/bin/ccache /Users/clementtongpersonal/.buildozer/android/platform/android-ndk-r25b/toolchains/llvm/prebuilt/darwin-x86_64/bin/clang -target aarch64-linux-android21 -fomit-frame-pointer -march=armv8-a -fPIC
configure:6052: result: gcc3
configure:6115: checking how to print strings
configure:6142: result: printf
configure:6163: checking for a sed that does not truncate output
configure:6235: result: /usr/bin/sed
configure:6253: checking for grep that handles long lines and -e
configure:6319: result: /usr/bin/grep
configure:6324: checking for egrep
configure:6394: result: /usr/bin/grep -E
configure:6401: checking for fgrep
configure:6471: result: /usr/bin/grep -F
configure:6508: checking for ld used by /usr/local/bin/ccache /Users/clementtongpersonal/.buildozer/android/platform/android-ndk-r25b/toolchains/llvm/prebuilt/darwin-x86_64/bin/clang -target aarch64-linux-android21 -fomit-frame-pointer -march=armv8-a -fPIC
configure:6577: result: /Users/clementtongpersonal/.buildozer/android/platform/android-ndk-r25b/toolchains/llvm/prebuilt/darwin-x86_64/bin/ld
configure:6584: checking if the linker (/Users/clementtongpersonal/.buildozer/android/platform/android-ndk-r25b/toolchains/llvm/prebuilt/darwin-x86_64/bin/ld) is GNU ld
configure:6601: result: yes
configure:6613: checking for BSD- or MS-compatible name lister (nm)
configure:6669: result: no
configure:6683: checking for aarch64-linux-android-dumpbin
configure:6719: result: no
configure:6683: checking for aarch64-linux-android-link
configure:6719: result: no
configure:6733: checking for dumpbin
configure:6769: result: no
configure:6733: checking for link
configure:6754: found /bin/link
configure:6766: result: link -dump
configure:6782: WARNING: using cross tools not prefixed with host triplet
configure:6811: checking the name lister (nm) interface
configure:6819: /usr/local/bin/ccache /Users/clementtongpersonal/.buildozer/android/platform/android-ndk-r25b/toolchains/llvm/prebuilt/darwin-x86_64/bin/clang -target aarch64-linux-android21 -fomit-frame-pointer -march=armv8-a -fPIC -c -target aarch64-linux-android21 -fomit-frame-pointer -march=armv8-a -fPIC -DANDROID -I/Users/clementtongpersonal/.buildozer/android/platform/android-ndk-r25b/toolchains/llvm/prebuilt/darwin-x86_64/sysroot/usr/include -I/Users/clementtongpersonal/Desktop/Programming/2023/safelybuoy-debug2/safelybuoy-debug2/kivy-app/.buildozer/android/platform/build-arm64-v8a_armeabi-v7a/build/python-installs/safelybuoydebug/arm64-v8a/include/python3.1 conftest.c >&5
configure:6822: nm "conftest.o"
configure:6825: output
0000000000000000 B some_variable
configure:6833: result: BSD nm
configure:6836: checking whether ln -s works
configure:6840: result: yes
configure:6848: checking the maximum length of command line arguments
configure:6981: result: 786432
configure:7029: checking how to convert x86_64-apple-darwin23.1.0 file names to aarch64-unknown-linux-android format
configure:7071: result: func_convert_file_noop
configure:7078: checking how to convert x86_64-apple-darwin23.1.0 file names to toolchain format
configure:7100: result: func_convert_file_noop
configure:7107: checking for /Users/clementtongpersonal/.buildozer/android/platform/android-ndk-r25b/toolchains/llvm/prebuilt/darwin-x86_64/bin/ld option to reload object files
configure:7116: result: -r
configure:7150: checking for aarch64-linux-android-file
configure:7186: result: no
configure:7196: checking for file
configure:7217: found /usr/bin/file
configure:7229: result: file
configure:7260: checking for aarch64-linux-android-objdump
configure:7296: result: no
configure:7306: checking for objdump
configure:7327: found /usr/bin/objdump
configure:7339: result: objdump
configure:7371: checking how to recognize dependent libraries
configure:7573: result: pass_all
configure:7618: checking for aarch64-linux-android-dlltool
configure:7654: result: no
configure:7664: checking for dlltool
configure:7700: result: no
configure:7730: checking how to associate runtime and link libraries
configure:7759: result: printf %s\n
configure:7776: checking for aarch64-linux-android-ar
configure:7809: result: /Users/clementtongpersonal/.buildozer/android/platform/android-ndk-r25b/toolchains/llvm/prebuilt/darwin-x86_64/bin/llvm-ar
configure:7912: checking for archiver @FILE support
configure:7930: /usr/local/bin/ccache /Users/clementtongpersonal/.buildozer/android/platform/android-ndk-r25b/toolchains/llvm/prebuilt/darwin-x86_64/bin/clang -target aarch64-linux-android21 -fomit-frame-pointer -march=armv8-a -fPIC -c -target aarch64-linux-android21 -fomit-frame-pointer -march=armv8-a -fPIC -DANDROID -I/Users/clementtongpersonal/.buildozer/android/platform/android-ndk-r25b/toolchains/llvm/prebuilt/darwin-x86_64/sysroot/usr/include -I/Users/clementtongpersonal/Desktop/Programming/2023/safelybuoy-debug2/safelybuoy-debug2/kivy-app/.buildozer/android/platform/build-arm64-v8a_armeabi-v7a/build/python-installs/safelybuoydebug/arm64-v8a/include/python3.1 conftest.c >&5
configure:7930: $? = 0
configure:7934: /Users/clementtongpersonal/.buildozer/android/platform/android-ndk-r25b/toolchains/llvm/prebuilt/darwin-x86_64/bin/llvm-ar cr libconftest.a @conftest.lst >&5
configure:7937: $? = 0
configure:7942: /Users/clementtongpersonal/.buildozer/android/platform/android-ndk-r25b/toolchains/llvm/prebuilt/darwin-x86_64/bin/llvm-ar cr libconftest.a @conftest.lst >&5
/Users/clementtongpersonal/.buildozer/android/platform/android-ndk-r25b/toolchains/llvm/prebuilt/darwin-x86_64/bin/llvm-ar: error: conftest.o: No such file or directory
configure:7945: $? = 1
configure:7958: result: @
configure:7976: checking for aarch64-linux-android-strip
configure:8009: result: /Users/clementtongpersonal/.buildozer/android/platform/android-ndk-r25b/toolchains/llvm/prebuilt/darwin-x86_64/bin/llvm-strip --strip-unneeded
configure:8087: checking for aarch64-linux-android-ranlib
configure:8120: result: /Users/clementtongpersonal/.buildozer/android/platform/android-ndk-r25b/toolchains/llvm/prebuilt/darwin-x86_64/bin/llvm-ranlib
configure:8268: checking command to parse nm output from /usr/local/bin/ccache /Users/clementtongpersonal/.buildozer/android/platform/android-ndk-r25b/toolchains/llvm/prebuilt/darwin-x86_64/bin/clang -target aarch64-linux-android21 -fomit-frame-pointer -march=armv8-a -fPIC object
configure:8422: /usr/local/bin/ccache /Users/clementtongpersonal/.buildozer/android/platform/android-ndk-r25b/toolchains/llvm/prebuilt/darwin-x86_64/bin/clang -target aarch64-linux-android21 -fomit-frame-pointer -march=armv8-a -fPIC -c -target aarch64-linux-android21 -fomit-frame-pointer -march=armv8-a -fPIC -DANDROID -I/Users/clementtongpersonal/.buildozer/android/platform/android-ndk-r25b/toolchains/llvm/prebuilt/darwin-x86_64/sysroot/usr/include -I/Users/clementtongpersonal/Desktop/Programming/2023/safelybuoy-debug2/safelybuoy-debug2/kivy-app/.buildozer/android/platform/build-arm64-v8a_armeabi-v7a/build/python-installs/safelybuoydebug/arm64-v8a/include/python3.1 conftest.c >&5
configure:8425: $? = 0
configure:8429: nm conftest.o \| /usr/bin/sed -n -e 's/^.*[ ]\([ABCDGIRSTW][ABCDGIRSTW]*\)[ ][ ]*\([_A-Za-z][_A-Za-z0-9]*\)$/\1 \2 \2/p' | /usr/bin/sed '/ __gnu_lto/d' \> conftest.nm
configure:8432: $? = 0
configure:8498: /usr/local/bin/ccache /Users/clementtongpersonal/.buildozer/android/platform/android-ndk-r25b/toolchains/llvm/prebuilt/darwin-x86_64/bin/clang -target aarch64-linux-android21 -fomit-frame-pointer -march=armv8-a -fPIC -o conftest -target aarch64-linux-android21 -fomit-frame-pointer -march=armv8-a -fPIC -DANDROID -I/Users/clementtongpersonal/.buildozer/android/platform/android-ndk-r25b/toolchains/llvm/prebuilt/darwin-x86_64/sysroot/usr/include -I/Users/clementtongpersonal/Desktop/Programming/2023/safelybuoy-debug2/safelybuoy-debug2/kivy-app/.buildozer/android/platform/build-arm64-v8a_armeabi-v7a/build/python-installs/safelybuoydebug/arm64-v8a/include/python3.1   -L/Users/clementtongpersonal/Desktop/Programming/2023/safelybuoy-debug2/safelybuoy-debug2/kivy-app/.buildozer/android/platform/build-arm64-v8a_armeabi-v7a/build/libs_collections/safelybuoydebug/arm64-v8a conftest.c conftstm.o >&5
configure:8501: $? = 0
configure:8540: result: ok
configure:8587: checking for sysroot
configure:8619: result: no
configure:8626: checking for a working dd
configure:8671: result: /bin/dd
configure:8675: checking how to truncate binary pipes
configure:8692: result: /bin/dd bs=4096 count=1
configure:8986: checking for aarch64-linux-android-mt
configure:9022: result: no
configure:9032: checking for mt
configure:9068: result: no
configure:9088: checking if : is a manifest tool
configure:9095: : '-?'
configure:9104: result: no
configure:9843: checking for stdio.h
configure:9843: /usr/local/bin/ccache /Users/clementtongpersonal/.buildozer/android/platform/android-ndk-r25b/toolchains/llvm/prebuilt/darwin-x86_64/bin/clang -target aarch64-linux-android21 -fomit-frame-pointer -march=armv8-a -fPIC -c -target aarch64-linux-android21 -fomit-frame-pointer -march=armv8-a -fPIC -DANDROID -I/Users/clementtongpersonal/.buildozer/android/platform/android-ndk-r25b/toolchains/llvm/prebuilt/darwin-x86_64/sysroot/usr/include -I/Users/clementtongpersonal/Desktop/Programming/2023/safelybuoy-debug2/safelybuoy-debug2/kivy-app/.buildozer/android/platform/build-arm64-v8a_armeabi-v7a/build/python-installs/safelybuoydebug/arm64-v8a/include/python3.1 conftest.c >&5
configure:9843: $? = 0
configure:9843: result: yes
configure:9843: checking for stdlib.h
configure:9843: /usr/local/bin/ccache /Users/clementtongpersonal/.buildozer/android/platform/android-ndk-r25b/toolchains/llvm/prebuilt/darwin-x86_64/bin/clang -target aarch64-linux-android21 -fomit-frame-pointer -march=armv8-a -fPIC -c -target aarch64-linux-android21 -fomit-frame-pointer -march=armv8-a -fPIC -DANDROID -I/Users/clementtongpersonal/.buildozer/android/platform/android-ndk-r25b/toolchains/llvm/prebuilt/darwin-x86_64/sysroot/usr/include -I/Users/clementtongpersonal/Desktop/Programming/2023/safelybuoy-debug2/safelybuoy-debug2/kivy-app/.buildozer/android/platform/build-arm64-v8a_armeabi-v7a/build/python-installs/safelybuoydebug/arm64-v8a/include/python3.1 conftest.c >&5
configure:9843: $? = 0
configure:9843: result: yes
configure:9843: checking for string.h
configure:9843: /usr/local/bin/ccache /Users/clementtongpersonal/.buildozer/android/platform/android-ndk-r25b/toolchains/llvm/prebuilt/darwin-x86_64/bin/clang -target aarch64-linux-android21 -fomit-frame-pointer -march=armv8-a -fPIC -c -target aarch64-linux-android21 -fomit-frame-pointer -march=armv8-a -fPIC -DANDROID -I/Users/clementtongpersonal/.buildozer/android/platform/android-ndk-r25b/toolchains/llvm/prebuilt/darwin-x86_64/sysroot/usr/include -I/Users/clementtongpersonal/Desktop/Programming/2023/safelybuoy-debug2/safelybuoy-debug2/kivy-app/.buildozer/android/platform/build-arm64-v8a_armeabi-v7a/build/python-installs/safelybuoydebug/arm64-v8a/include/python3.1 conftest.c >&5
configure:9843: $? = 0
configure:9843: result: yes
configure:9843: checking for inttypes.h
configure:9843: /usr/local/bin/ccache /Users/clementtongpersonal/.buildozer/android/platform/android-ndk-r25b/toolchains/llvm/prebuilt/darwin-x86_64/bin/clang -target aarch64-linux-android21 -fomit-frame-pointer -march=armv8-a -fPIC -c -target aarch64-linux-android21 -fomit-frame-pointer -march=armv8-a -fPIC -DANDROID -I/Users/clementtongpersonal/.buildozer/android/platform/android-ndk-r25b/toolchains/llvm/prebuilt/darwin-x86_64/sysroot/usr/include -I/Users/clementtongpersonal/Desktop/Programming/2023/safelybuoy-debug2/safelybuoy-debug2/kivy-app/.buildozer/android/platform/build-arm64-v8a_armeabi-v7a/build/python-installs/safelybuoydebug/arm64-v8a/include/python3.1 conftest.c >&5
configure:9843: $? = 0
configure:9843: result: yes
configure:9843: checking for stdint.h
configure:9843: /usr/local/bin/ccache /Users/clementtongpersonal/.buildozer/android/platform/android-ndk-r25b/toolchains/llvm/prebuilt/darwin-x86_64/bin/clang -target aarch64-linux-android21 -fomit-frame-pointer -march=armv8-a -fPIC -c -target aarch64-linux-android21 -fomit-frame-pointer -march=armv8-a -fPIC -DANDROID -I/Users/clementtongpersonal/.buildozer/android/platform/android-ndk-r25b/toolchains/llvm/prebuilt/darwin-x86_64/sysroot/usr/include -I/Users/clementtongpersonal/Desktop/Programming/2023/safelybuoy-debug2/safelybuoy-debug2/kivy-app/.buildozer/android/platform/build-arm64-v8a_armeabi-v7a/build/python-installs/safelybuoydebug/arm64-v8a/include/python3.1 conftest.c >&5
configure:9843: $? = 0
configure:9843: result: yes
configure:9843: checking for strings.h
configure:9843: /usr/local/bin/ccache /Users/clementtongpersonal/.buildozer/android/platform/android-ndk-r25b/toolchains/llvm/prebuilt/darwin-x86_64/bin/clang -target aarch64-linux-android21 -fomit-frame-pointer -march=armv8-a -fPIC -c -target aarch64-linux-android21 -fomit-frame-pointer -march=armv8-a -fPIC -DANDROID -I/Users/clementtongpersonal/.buildozer/android/platform/android-ndk-r25b/toolchains/llvm/prebuilt/darwin-x86_64/sysroot/usr/include -I/Users/clementtongpersonal/Desktop/Programming/2023/safelybuoy-debug2/safelybuoy-debug2/kivy-app/.buildozer/android/platform/build-arm64-v8a_armeabi-v7a/build/python-installs/safelybuoydebug/arm64-v8a/include/python3.1 conftest.c >&5
configure:9843: $? = 0
configure:9843: result: yes
configure:9843: checking for sys/stat.h
configure:9843: /usr/local/bin/ccache /Users/clementtongpersonal/.buildozer/android/platform/android-ndk-r25b/toolchains/llvm/prebuilt/darwin-x86_64/bin/clang -target aarch64-linux-android21 -fomit-frame-pointer -march=armv8-a -fPIC -c -target aarch64-linux-android21 -fomit-frame-pointer -march=armv8-a -fPIC -DANDROID -I/Users/clementtongpersonal/.buildozer/android/platform/android-ndk-r25b/toolchains/llvm/prebuilt/darwin-x86_64/sysroot/usr/include -I/Users/clementtongpersonal/Desktop/Programming/2023/safelybuoy-debug2/safelybuoy-debug2/kivy-app/.buildozer/android/platform/build-arm64-v8a_armeabi-v7a/build/python-installs/safelybuoydebug/arm64-v8a/include/python3.1 conftest.c >&5
configure:9843: $? = 0
configure:9843: result: yes
configure:9843: checking for sys/types.h
configure:9843: /usr/local/bin/ccache /Users/clementtongpersonal/.buildozer/android/platform/android-ndk-r25b/toolchains/llvm/prebuilt/darwin-x86_64/bin/clang -target aarch64-linux-android21 -fomit-frame-pointer -march=armv8-a -fPIC -c -target aarch64-linux-android21 -fomit-frame-pointer -march=armv8-a -fPIC -DANDROID -I/Users/clementtongpersonal/.buildozer/android/platform/android-ndk-r25b/toolchains/llvm/prebuilt/darwin-x86_64/sysroot/usr/include -I/Users/clementtongpersonal/Desktop/Programming/2023/safelybuoy-debug2/safelybuoy-debug2/kivy-app/.buildozer/android/platform/build-arm64-v8a_armeabi-v7a/build/python-installs/safelybuoydebug/arm64-v8a/include/python3.1 conftest.c >&5
configure:9843: $? = 0
configure:9843: result: yes
configure:9843: checking for unistd.h
configure:9843: /usr/local/bin/ccache /Users/clementtongpersonal/.buildozer/android/platform/android-ndk-r25b/toolchains/llvm/prebuilt/darwin-x86_64/bin/clang -target aarch64-linux-android21 -fomit-frame-pointer -march=armv8-a -fPIC -c -target aarch64-linux-android21 -fomit-frame-pointer -march=armv8-a -fPIC -DANDROID -I/Users/clementtongpersonal/.buildozer/android/platform/android-ndk-r25b/toolchains/llvm/prebuilt/darwin-x86_64/sysroot/usr/include -I/Users/clementtongpersonal/Desktop/Programming/2023/safelybuoy-debug2/safelybuoy-debug2/kivy-app/.buildozer/android/platform/build-arm64-v8a_armeabi-v7a/build/python-installs/safelybuoydebug/arm64-v8a/include/python3.1 conftest.c >&5
configure:9843: $? = 0
configure:9843: result: yes
configure:9868: checking for dlfcn.h
configure:9868: /usr/local/bin/ccache /Users/clementtongpersonal/.buildozer/android/platform/android-ndk-r25b/toolchains/llvm/prebuilt/darwin-x86_64/bin/clang -target aarch64-linux-android21 -fomit-frame-pointer -march=armv8-a -fPIC -c -target aarch64-linux-android21 -fomit-frame-pointer -march=armv8-a -fPIC -DANDROID -I/Users/clementtongpersonal/.buildozer/android/platform/android-ndk-r25b/toolchains/llvm/prebuilt/darwin-x86_64/sysroot/usr/include -I/Users/clementtongpersonal/Desktop/Programming/2023/safelybuoy-debug2/safelybuoy-debug2/kivy-app/.buildozer/android/platform/build-arm64-v8a_armeabi-v7a/build/python-installs/safelybuoydebug/arm64-v8a/include/python3.1 conftest.c >&5
configure:9868: $? = 0
configure:9868: result: yes
configure:10144: checking for objdir
configure:10161: result: .libs
configure:10427: checking if /usr/local/bin/ccache /Users/clementtongpersonal/.buildozer/android/platform/android-ndk-r25b/toolchains/llvm/prebuilt/darwin-x86_64/bin/clang -target aarch64-linux-android21 -fomit-frame-pointer -march=armv8-a -fPIC supports -fno-rtti -fno-exceptions
configure:10446: /usr/local/bin/ccache /Users/clementtongpersonal/.buildozer/android/platform/android-ndk-r25b/toolchains/llvm/prebuilt/darwin-x86_64/bin/clang -target aarch64-linux-android21 -fomit-frame-pointer -march=armv8-a -fPIC -c -target aarch64-linux-android21 -fomit-frame-pointer -march=armv8-a -fPIC -DANDROID -I/Users/clementtongpersonal/.buildozer/android/platform/android-ndk-r25b/toolchains/llvm/prebuilt/darwin-x86_64/sysroot/usr/include -I/Users/clementtongpersonal/Desktop/Programming/2023/safelybuoy-debug2/safelybuoy-debug2/kivy-app/.buildozer/android/platform/build-arm64-v8a_armeabi-v7a/build/python-installs/safelybuoydebug/arm64-v8a/include/python3.1 -fno-rtti -fno-exceptions conftest.c >&5
configure:10450: $? = 0
configure:10464: result: yes
configure:10822: checking for /usr/local/bin/ccache /Users/clementtongpersonal/.buildozer/android/platform/android-ndk-r25b/toolchains/llvm/prebuilt/darwin-x86_64/bin/clang -target aarch64-linux-android21 -fomit-frame-pointer -march=armv8-a -fPIC option to produce PIC
configure:10831: result: -fPIC -DPIC
configure:10839: checking if /usr/local/bin/ccache /Users/clementtongpersonal/.buildozer/android/platform/android-ndk-r25b/toolchains/llvm/prebuilt/darwin-x86_64/bin/clang -target aarch64-linux-android21 -fomit-frame-pointer -march=armv8-a -fPIC PIC flag -fPIC -DPIC works
configure:10858: /usr/local/bin/ccache /Users/clementtongpersonal/.buildozer/android/platform/android-ndk-r25b/toolchains/llvm/prebuilt/darwin-x86_64/bin/clang -target aarch64-linux-android21 -fomit-frame-pointer -march=armv8-a -fPIC -c -target aarch64-linux-android21 -fomit-frame-pointer -march=armv8-a -fPIC -DANDROID -I/Users/clementtongpersonal/.buildozer/android/platform/android-ndk-r25b/toolchains/llvm/prebuilt/darwin-x86_64/sysroot/usr/include -I/Users/clementtongpersonal/Desktop/Programming/2023/safelybuoy-debug2/safelybuoy-debug2/kivy-app/.buildozer/android/platform/build-arm64-v8a_armeabi-v7a/build/python-installs/safelybuoydebug/arm64-v8a/include/python3.1 -fPIC -DPIC -DPIC conftest.c >&5
configure:10862: $? = 0
configure:10876: result: yes
configure:10905: checking if /usr/local/bin/ccache /Users/clementtongpersonal/.buildozer/android/platform/android-ndk-r25b/toolchains/llvm/prebuilt/darwin-x86_64/bin/clang -target aarch64-linux-android21 -fomit-frame-pointer -march=armv8-a -fPIC static flag -static works
configure:10935: result: yes
configure:10950: checking if /usr/local/bin/ccache /Users/clementtongpersonal/.buildozer/android/platform/android-ndk-r25b/toolchains/llvm/prebuilt/darwin-x86_64/bin/clang -target aarch64-linux-android21 -fomit-frame-pointer -march=armv8-a -fPIC supports -c -o file.o
configure:10972: /usr/local/bin/ccache /Users/clementtongpersonal/.buildozer/android/platform/android-ndk-r25b/toolchains/llvm/prebuilt/darwin-x86_64/bin/clang -target aarch64-linux-android21 -fomit-frame-pointer -march=armv8-a -fPIC -c -target aarch64-linux-android21 -fomit-frame-pointer -march=armv8-a -fPIC -DANDROID -I/Users/clementtongpersonal/.buildozer/android/platform/android-ndk-r25b/toolchains/llvm/prebuilt/darwin-x86_64/sysroot/usr/include -I/Users/clementtongpersonal/Desktop/Programming/2023/safelybuoy-debug2/safelybuoy-debug2/kivy-app/.buildozer/android/platform/build-arm64-v8a_armeabi-v7a/build/python-installs/safelybuoydebug/arm64-v8a/include/python3.1 -o out/conftest2.o conftest.c >&5
configure:10976: $? = 0
configure:10999: result: yes
configure:11007: checking if /usr/local/bin/ccache /Users/clementtongpersonal/.buildozer/android/platform/android-ndk-r25b/toolchains/llvm/prebuilt/darwin-x86_64/bin/clang -target aarch64-linux-android21 -fomit-frame-pointer -march=armv8-a -fPIC supports -c -o file.o
configure:11056: result: yes
configure:11089: checking whether the /usr/local/bin/ccache /Users/clementtongpersonal/.buildozer/android/platform/android-ndk-r25b/toolchains/llvm/prebuilt/darwin-x86_64/bin/clang -target aarch64-linux-android21 -fomit-frame-pointer -march=armv8-a -fPIC linker (/Users/clementtongpersonal/.buildozer/android/platform/android-ndk-r25b/toolchains/llvm/prebuilt/darwin-x86_64/bin/ld) supports shared libraries
configure:12362: result: yes
configure:12399: checking whether -lc should be explicitly linked in
configure:12408: /usr/local/bin/ccache /Users/clementtongpersonal/.buildozer/android/platform/android-ndk-r25b/toolchains/llvm/prebuilt/darwin-x86_64/bin/clang -target aarch64-linux-android21 -fomit-frame-pointer -march=armv8-a -fPIC -c -target aarch64-linux-android21 -fomit-frame-pointer -march=armv8-a -fPIC -DANDROID -I/Users/clementtongpersonal/.buildozer/android/platform/android-ndk-r25b/toolchains/llvm/prebuilt/darwin-x86_64/sysroot/usr/include -I/Users/clementtongpersonal/Desktop/Programming/2023/safelybuoy-debug2/safelybuoy-debug2/kivy-app/.buildozer/android/platform/build-arm64-v8a_armeabi-v7a/build/python-installs/safelybuoydebug/arm64-v8a/include/python3.1 conftest.c >&5
configure:12411: $? = 0
configure:12426: /usr/local/bin/ccache /Users/clementtongpersonal/.buildozer/android/platform/android-ndk-r25b/toolchains/llvm/prebuilt/darwin-x86_64/bin/clang -target aarch64-linux-android21 -fomit-frame-pointer -march=armv8-a -fPIC -shared  -fPIC -DPIC conftest.o  -v -Wl,-soname -Wl,conftest -o conftest 2\>\&1 \| /usr/bin/grep  -lc  \>/dev/null 2\>\&1
configure:12429: $? = 0
configure:12444: result: no
configure:12604: checking dynamic linker characteristics
configure:13426: result: Android linker
configure:13548: checking how to hardcode library paths into programs
configure:13573: result: immediate
configure:14173: checking whether stripping libraries is possible
configure:14182: result: yes
configure:14224: checking if libtool supports shared libraries
configure:14226: result: yes
configure:14229: checking whether to build shared libraries
configure:14254: result: yes
configure:14257: checking whether to build static libraries
configure:14261: result: yes
configure:14284: checking how to run the C++ preprocessor
configure:14306: /usr/local/bin/ccache /Users/clementtongpersonal/.buildozer/android/platform/android-ndk-r25b/toolchains/llvm/prebuilt/darwin-x86_64/bin/clang++ -target aarch64-linux-android21 -fomit-frame-pointer -march=armv8-a -fPIC -E -DANDROID -I/Users/clementtongpersonal/.buildozer/android/platform/android-ndk-r25b/toolchains/llvm/prebuilt/darwin-x86_64/sysroot/usr/include -I/Users/clementtongpersonal/Desktop/Programming/2023/safelybuoy-debug2/safelybuoy-debug2/kivy-app/.buildozer/android/platform/build-arm64-v8a_armeabi-v7a/build/python-installs/safelybuoydebug/arm64-v8a/include/python3.1 conftest.cpp
configure:14306: $? = 0
configure:14322: /usr/local/bin/ccache /Users/clementtongpersonal/.buildozer/android/platform/android-ndk-r25b/toolchains/llvm/prebuilt/darwin-x86_64/bin/clang++ -target aarch64-linux-android21 -fomit-frame-pointer -march=armv8-a -fPIC -E -DANDROID -I/Users/clementtongpersonal/.buildozer/android/platform/android-ndk-r25b/toolchains/llvm/prebuilt/darwin-x86_64/sysroot/usr/include -I/Users/clementtongpersonal/Desktop/Programming/2023/safelybuoy-debug2/safelybuoy-debug2/kivy-app/.buildozer/android/platform/build-arm64-v8a_armeabi-v7a/build/python-installs/safelybuoydebug/arm64-v8a/include/python3.1 conftest.cpp
conftest.cpp:23:10: fatal error: 'ac_nonexistent.h' file not found
#include <ac_nonexistent.h>
         ^~~~~~~~~~~~~~~~~~
1 error generated.
configure:14322: $? = 1
configure: failed program was:
| /* confdefs.h */
| #define PACKAGE_NAME "libffi"
| #define PACKAGE_TARNAME "libffi"
| #define PACKAGE_VERSION "3.4.2"
| #define PACKAGE_STRING "libffi 3.4.2"
| #define PACKAGE_BUGREPORT "http://github.com/libffi/libffi/issues"
| #define PACKAGE_URL ""
| #define PACKAGE "libffi"
| #define VERSION "3.4.2"
| #define HAVE_STDIO_H 1
| #define HAVE_STDLIB_H 1
| #define HAVE_STRING_H 1
| #define HAVE_INTTYPES_H 1
| #define HAVE_STDINT_H 1
| #define HAVE_STRINGS_H 1
| #define HAVE_SYS_STAT_H 1
| #define HAVE_SYS_TYPES_H 1
| #define HAVE_UNISTD_H 1
| #define STDC_HEADERS 1
| #define HAVE_DLFCN_H 1
| #define LT_OBJDIR ".libs/"
| /* end confdefs.h.  */
| #include <ac_nonexistent.h>
configure:14351: result: /usr/local/bin/ccache /Users/clementtongpersonal/.buildozer/android/platform/android-ndk-r25b/toolchains/llvm/prebuilt/darwin-x86_64/bin/clang++ -target aarch64-linux-android21 -fomit-frame-pointer -march=armv8-a -fPIC -E
configure:14365: /usr/local/bin/ccache /Users/clementtongpersonal/.buildozer/android/platform/android-ndk-r25b/toolchains/llvm/prebuilt/darwin-x86_64/bin/clang++ -target aarch64-linux-android21 -fomit-frame-pointer -march=armv8-a -fPIC -E -DANDROID -I/Users/clementtongpersonal/.buildozer/android/platform/android-ndk-r25b/toolchains/llvm/prebuilt/darwin-x86_64/sysroot/usr/include -I/Users/clementtongpersonal/Desktop/Programming/2023/safelybuoy-debug2/safelybuoy-debug2/kivy-app/.buildozer/android/platform/build-arm64-v8a_armeabi-v7a/build/python-installs/safelybuoydebug/arm64-v8a/include/python3.1 conftest.cpp
configure:14365: $? = 0
configure:14381: /usr/local/bin/ccache /Users/clementtongpersonal/.buildozer/android/platform/android-ndk-r25b/toolchains/llvm/prebuilt/darwin-x86_64/bin/clang++ -target aarch64-linux-android21 -fomit-frame-pointer -march=armv8-a -fPIC -E -DANDROID -I/Users/clementtongpersonal/.buildozer/android/platform/android-ndk-r25b/toolchains/llvm/prebuilt/darwin-x86_64/sysroot/usr/include -I/Users/clementtongpersonal/Desktop/Programming/2023/safelybuoy-debug2/safelybuoy-debug2/kivy-app/.buildozer/android/platform/build-arm64-v8a_armeabi-v7a/build/python-installs/safelybuoydebug/arm64-v8a/include/python3.1 conftest.cpp
conftest.cpp:23:10: fatal error: 'ac_nonexistent.h' file not found
#include <ac_nonexistent.h>
         ^~~~~~~~~~~~~~~~~~
1 error generated.
configure:14381: $? = 1
configure: failed program was:
| /* confdefs.h */
| #define PACKAGE_NAME "libffi"
| #define PACKAGE_TARNAME "libffi"
| #define PACKAGE_VERSION "3.4.2"
| #define PACKAGE_STRING "libffi 3.4.2"
| #define PACKAGE_BUGREPORT "http://github.com/libffi/libffi/issues"
| #define PACKAGE_URL ""
| #define PACKAGE "libffi"
| #define VERSION "3.4.2"
| #define HAVE_STDIO_H 1
| #define HAVE_STDLIB_H 1
| #define HAVE_STRING_H 1
| #define HAVE_INTTYPES_H 1
| #define HAVE_STDINT_H 1
| #define HAVE_STRINGS_H 1
| #define HAVE_SYS_STAT_H 1
| #define HAVE_SYS_TYPES_H 1
| #define HAVE_UNISTD_H 1
| #define STDC_HEADERS 1
| #define HAVE_DLFCN_H 1
| #define LT_OBJDIR ".libs/"
| /* end confdefs.h.  */
| #include <ac_nonexistent.h>
configure:14549: checking for ld used by /usr/local/bin/ccache /Users/clementtongpersonal/.buildozer/android/platform/android-ndk-r25b/toolchains/llvm/prebuilt/darwin-x86_64/bin/clang++ -target aarch64-linux-android21 -fomit-frame-pointer -march=armv8-a -fPIC
configure:14618: result: /Users/clementtongpersonal/.buildozer/android/platform/android-ndk-r25b/toolchains/llvm/prebuilt/darwin-x86_64/bin/ld
configure:14625: checking if the linker (/Users/clementtongpersonal/.buildozer/android/platform/android-ndk-r25b/toolchains/llvm/prebuilt/darwin-x86_64/bin/ld) is GNU ld
configure:14642: result: yes
configure:14697: checking whether the /usr/local/bin/ccache /Users/clementtongpersonal/.buildozer/android/platform/android-ndk-r25b/toolchains/llvm/prebuilt/darwin-x86_64/bin/clang++ -target aarch64-linux-android21 -fomit-frame-pointer -march=armv8-a -fPIC linker (/Users/clementtongpersonal/.buildozer/android/platform/android-ndk-r25b/toolchains/llvm/prebuilt/darwin-x86_64/bin/ld) supports shared libraries
configure:15777: result: yes
configure:15813: /usr/local/bin/ccache /Users/clementtongpersonal/.buildozer/android/platform/android-ndk-r25b/toolchains/llvm/prebuilt/darwin-x86_64/bin/clang++ -target aarch64-linux-android21 -fomit-frame-pointer -march=armv8-a -fPIC -c -target aarch64-linux-android21 -fomit-frame-pointer -march=armv8-a -fPIC -DANDROID -I/Users/clementtongpersonal/.buildozer/android/platform/android-ndk-r25b/toolchains/llvm/prebuilt/darwin-x86_64/sysroot/usr/include -I/Users/clementtongpersonal/Desktop/Programming/2023/safelybuoy-debug2/safelybuoy-debug2/kivy-app/.buildozer/android/platform/build-arm64-v8a_armeabi-v7a/build/python-installs/safelybuoydebug/arm64-v8a/include/python3.1 conftest.cpp >&5
configure:15816: $? = 0
configure:16297: checking for /usr/local/bin/ccache /Users/clementtongpersonal/.buildozer/android/platform/android-ndk-r25b/toolchains/llvm/prebuilt/darwin-x86_64/bin/clang++ -target aarch64-linux-android21 -fomit-frame-pointer -march=armv8-a -fPIC option to produce PIC
configure:16306: result: -fPIC -DPIC
configure:16314: checking if /usr/local/bin/ccache /Users/clementtongpersonal/.buildozer/android/platform/android-ndk-r25b/toolchains/llvm/prebuilt/darwin-x86_64/bin/clang++ -target aarch64-linux-android21 -fomit-frame-pointer -march=armv8-a -fPIC PIC flag -fPIC -DPIC works
configure:16333: /usr/local/bin/ccache /Users/clementtongpersonal/.buildozer/android/platform/android-ndk-r25b/toolchains/llvm/prebuilt/darwin-x86_64/bin/clang++ -target aarch64-linux-android21 -fomit-frame-pointer -march=armv8-a -fPIC -c -target aarch64-linux-android21 -fomit-frame-pointer -march=armv8-a -fPIC -DANDROID -I/Users/clementtongpersonal/.buildozer/android/platform/android-ndk-r25b/toolchains/llvm/prebuilt/darwin-x86_64/sysroot/usr/include -I/Users/clementtongpersonal/Desktop/Programming/2023/safelybuoy-debug2/safelybuoy-debug2/kivy-app/.buildozer/android/platform/build-arm64-v8a_armeabi-v7a/build/python-installs/safelybuoydebug/arm64-v8a/include/python3.1 -fPIC -DPIC -DPIC conftest.cpp >&5
configure:16337: $? = 0
configure:16351: result: yes
configure:16374: checking if /usr/local/bin/ccache /Users/clementtongpersonal/.buildozer/android/platform/android-ndk-r25b/toolchains/llvm/prebuilt/darwin-x86_64/bin/clang++ -target aarch64-linux-android21 -fomit-frame-pointer -march=armv8-a -fPIC static flag -static works
configure:16404: result: yes
configure:16416: checking if /usr/local/bin/ccache /Users/clementtongpersonal/.buildozer/android/platform/android-ndk-r25b/toolchains/llvm/prebuilt/darwin-x86_64/bin/clang++ -target aarch64-linux-android21 -fomit-frame-pointer -march=armv8-a -fPIC supports -c -o file.o
configure:16438: /usr/local/bin/ccache /Users/clementtongpersonal/.buildozer/android/platform/android-ndk-r25b/toolchains/llvm/prebuilt/darwin-x86_64/bin/clang++ -target aarch64-linux-android21 -fomit-frame-pointer -march=armv8-a -fPIC -c -target aarch64-linux-android21 -fomit-frame-pointer -march=armv8-a -fPIC -DANDROID -I/Users/clementtongpersonal/.buildozer/android/platform/android-ndk-r25b/toolchains/llvm/prebuilt/darwin-x86_64/sysroot/usr/include -I/Users/clementtongpersonal/Desktop/Programming/2023/safelybuoy-debug2/safelybuoy-debug2/kivy-app/.buildozer/android/platform/build-arm64-v8a_armeabi-v7a/build/python-installs/safelybuoydebug/arm64-v8a/include/python3.1 -o out/conftest2.o conftest.cpp >&5
configure:16442: $? = 0
configure:16465: result: yes
configure:16470: checking if /usr/local/bin/ccache /Users/clementtongpersonal/.buildozer/android/platform/android-ndk-r25b/toolchains/llvm/prebuilt/darwin-x86_64/bin/clang++ -target aarch64-linux-android21 -fomit-frame-pointer -march=armv8-a -fPIC supports -c -o file.o
configure:16519: result: yes
configure:16549: checking whether the /usr/local/bin/ccache /Users/clementtongpersonal/.buildozer/android/platform/android-ndk-r25b/toolchains/llvm/prebuilt/darwin-x86_64/bin/clang++ -target aarch64-linux-android21 -fomit-frame-pointer -march=armv8-a -fPIC linker (/Users/clementtongpersonal/.buildozer/android/platform/android-ndk-r25b/toolchains/llvm/prebuilt/darwin-x86_64/bin/ld) supports shared libraries
configure:16589: result: yes
configure:16732: checking dynamic linker characteristics
configure:17481: result: Android linker
configure:17546: checking how to hardcode library paths into programs
configure:17571: result: immediate
configure:17637: checking for aarch64-linux-android-readelf
configure:17670: result: /Users/clementtongpersonal/.buildozer/android/platform/android-ndk-r25b/toolchains/llvm/prebuilt/darwin-x86_64/bin/llvm-readelf
configure:17744: checking size of size_t
configure:17750: /usr/local/bin/ccache /Users/clementtongpersonal/.buildozer/android/platform/android-ndk-r25b/toolchains/llvm/prebuilt/darwin-x86_64/bin/clang -target aarch64-linux-android21 -fomit-frame-pointer -march=armv8-a -fPIC -c -target aarch64-linux-android21 -fomit-frame-pointer -march=armv8-a -fPIC -DANDROID -I/Users/clementtongpersonal/.buildozer/android/platform/android-ndk-r25b/toolchains/llvm/prebuilt/darwin-x86_64/sysroot/usr/include -I/Users/clementtongpersonal/Desktop/Programming/2023/safelybuoy-debug2/safelybuoy-debug2/kivy-app/.buildozer/android/platform/build-arm64-v8a_armeabi-v7a/build/python-installs/safelybuoydebug/arm64-v8a/include/python3.1 conftest.c >&5
configure:17750: $? = 0
configure:17750: /usr/local/bin/ccache /Users/clementtongpersonal/.buildozer/android/platform/android-ndk-r25b/toolchains/llvm/prebuilt/darwin-x86_64/bin/clang -target aarch64-linux-android21 -fomit-frame-pointer -march=armv8-a -fPIC -c -target aarch64-linux-android21 -fomit-frame-pointer -march=armv8-a -fPIC -DANDROID -I/Users/clementtongpersonal/.buildozer/android/platform/android-ndk-r25b/toolchains/llvm/prebuilt/darwin-x86_64/sysroot/usr/include -I/Users/clementtongpersonal/Desktop/Programming/2023/safelybuoy-debug2/safelybuoy-debug2/kivy-app/.buildozer/android/platform/build-arm64-v8a_armeabi-v7a/build/python-installs/safelybuoydebug/arm64-v8a/include/python3.1 conftest.c >&5
conftest.c:54:24: error: 'test_array' declared as an array with a negative size
static int test_array [1 - 2 * !(((long int) (sizeof (size_t))) <= 0)];
                       ^~~~~~~~~~~~~~~~~~~~~~~~~~~~~~~~~~~~~~~~~~~~~~
1 error generated.
configure:17750: $? = 1
configure: failed program was:
| /* confdefs.h */
| #define PACKAGE_NAME "libffi"
| #define PACKAGE_TARNAME "libffi"
| #define PACKAGE_VERSION "3.4.2"
| #define PACKAGE_STRING "libffi 3.4.2"
| #define PACKAGE_BUGREPORT "http://github.com/libffi/libffi/issues"
| #define PACKAGE_URL ""
| #define PACKAGE "libffi"
| #define VERSION "3.4.2"
| #define HAVE_STDIO_H 1
| #define HAVE_STDLIB_H 1
| #define HAVE_STRING_H 1
| #define HAVE_INTTYPES_H 1
| #define HAVE_STDINT_H 1
| #define HAVE_STRINGS_H 1
| #define HAVE_SYS_STAT_H 1
| #define HAVE_SYS_TYPES_H 1
| #define HAVE_UNISTD_H 1
| #define STDC_HEADERS 1
| #define HAVE_DLFCN_H 1
| #define LT_OBJDIR ".libs/"
| /* end confdefs.h.  */
| #include <stddef.h>
| #ifdef HAVE_STDIO_H
| # include <stdio.h>
| #endif
| #ifdef HAVE_STDLIB_H
| # include <stdlib.h>
| #endif
| #ifdef HAVE_STRING_H
| # include <string.h>
| #endif
| #ifdef HAVE_INTTYPES_H
| # include <inttypes.h>
| #endif
| #ifdef HAVE_STDINT_H
| # include <stdint.h>
| #endif
| #ifdef HAVE_STRINGS_H
| # include <strings.h>
| #endif
| #ifdef HAVE_SYS_TYPES_H
| # include <sys/types.h>
| #endif
| #ifdef HAVE_SYS_STAT_H
| # include <sys/stat.h>
| #endif
| #ifdef HAVE_UNISTD_H
| # include <unistd.h>
| #endif
| int
| main (void)
| {
| static int test_array [1 - 2 * !(((long int) (sizeof (size_t))) <= 0)];
| test_array [0] = 0;
| return test_array [0];
| 
|   ;
|   return 0;
| }
configure:17750: /usr/local/bin/ccache /Users/clementtongpersonal/.buildozer/android/platform/android-ndk-r25b/toolchains/llvm/prebuilt/darwin-x86_64/bin/clang -target aarch64-linux-android21 -fomit-frame-pointer -march=armv8-a -fPIC -c -target aarch64-linux-android21 -fomit-frame-pointer -march=armv8-a -fPIC -DANDROID -I/Users/clementtongpersonal/.buildozer/android/platform/android-ndk-r25b/toolchains/llvm/prebuilt/darwin-x86_64/sysroot/usr/include -I/Users/clementtongpersonal/Desktop/Programming/2023/safelybuoy-debug2/safelybuoy-debug2/kivy-app/.buildozer/android/platform/build-arm64-v8a_armeabi-v7a/build/python-installs/safelybuoydebug/arm64-v8a/include/python3.1 conftest.c >&5
conftest.c:54:24: error: 'test_array' declared as an array with a negative size
static int test_array [1 - 2 * !(((long int) (sizeof (size_t))) <= 1)];
                       ^~~~~~~~~~~~~~~~~~~~~~~~~~~~~~~~~~~~~~~~~~~~~~
1 error generated.
configure:17750: $? = 1
configure: failed program was:
| /* confdefs.h */
| #define PACKAGE_NAME "libffi"
| #define PACKAGE_TARNAME "libffi"
| #define PACKAGE_VERSION "3.4.2"
| #define PACKAGE_STRING "libffi 3.4.2"
| #define PACKAGE_BUGREPORT "http://github.com/libffi/libffi/issues"
| #define PACKAGE_URL ""
| #define PACKAGE "libffi"
| #define VERSION "3.4.2"
| #define HAVE_STDIO_H 1
| #define HAVE_STDLIB_H 1
| #define HAVE_STRING_H 1
| #define HAVE_INTTYPES_H 1
| #define HAVE_STDINT_H 1
| #define HAVE_STRINGS_H 1
| #define HAVE_SYS_STAT_H 1
| #define HAVE_SYS_TYPES_H 1
| #define HAVE_UNISTD_H 1
| #define STDC_HEADERS 1
| #define HAVE_DLFCN_H 1
| #define LT_OBJDIR ".libs/"
| /* end confdefs.h.  */
| #include <stddef.h>
| #ifdef HAVE_STDIO_H
| # include <stdio.h>
| #endif
| #ifdef HAVE_STDLIB_H
| # include <stdlib.h>
| #endif
| #ifdef HAVE_STRING_H
| # include <string.h>
| #endif
| #ifdef HAVE_INTTYPES_H
| # include <inttypes.h>
| #endif
| #ifdef HAVE_STDINT_H
| # include <stdint.h>
| #endif
| #ifdef HAVE_STRINGS_H
| # include <strings.h>
| #endif
| #ifdef HAVE_SYS_TYPES_H
| # include <sys/types.h>
| #endif
| #ifdef HAVE_SYS_STAT_H
| # include <sys/stat.h>
| #endif
| #ifdef HAVE_UNISTD_H
| # include <unistd.h>
| #endif
| int
| main (void)
| {
| static int test_array [1 - 2 * !(((long int) (sizeof (size_t))) <= 1)];
| test_array [0] = 0;
| return test_array [0];
| 
|   ;
|   return 0;
| }
configure:17750: /usr/local/bin/ccache /Users/clementtongpersonal/.buildozer/android/platform/android-ndk-r25b/toolchains/llvm/prebuilt/darwin-x86_64/bin/clang -target aarch64-linux-android21 -fomit-frame-pointer -march=armv8-a -fPIC -c -target aarch64-linux-android21 -fomit-frame-pointer -march=armv8-a -fPIC -DANDROID -I/Users/clementtongpersonal/.buildozer/android/platform/android-ndk-r25b/toolchains/llvm/prebuilt/darwin-x86_64/sysroot/usr/include -I/Users/clementtongpersonal/Desktop/Programming/2023/safelybuoy-debug2/safelybuoy-debug2/kivy-app/.buildozer/android/platform/build-arm64-v8a_armeabi-v7a/build/python-installs/safelybuoydebug/arm64-v8a/include/python3.1 conftest.c >&5
conftest.c:54:24: error: 'test_array' declared as an array with a negative size
static int test_array [1 - 2 * !(((long int) (sizeof (size_t))) <= 3)];
                       ^~~~~~~~~~~~~~~~~~~~~~~~~~~~~~~~~~~~~~~~~~~~~~
1 error generated.
configure:17750: $? = 1
configure: failed program was:
| /* confdefs.h */
| #define PACKAGE_NAME "libffi"
| #define PACKAGE_TARNAME "libffi"
| #define PACKAGE_VERSION "3.4.2"
| #define PACKAGE_STRING "libffi 3.4.2"
| #define PACKAGE_BUGREPORT "http://github.com/libffi/libffi/issues"
| #define PACKAGE_URL ""
| #define PACKAGE "libffi"
| #define VERSION "3.4.2"
| #define HAVE_STDIO_H 1
| #define HAVE_STDLIB_H 1
| #define HAVE_STRING_H 1
| #define HAVE_INTTYPES_H 1
| #define HAVE_STDINT_H 1
| #define HAVE_STRINGS_H 1
| #define HAVE_SYS_STAT_H 1
| #define HAVE_SYS_TYPES_H 1
| #define HAVE_UNISTD_H 1
| #define STDC_HEADERS 1
| #define HAVE_DLFCN_H 1
| #define LT_OBJDIR ".libs/"
| /* end confdefs.h.  */
| #include <stddef.h>
| #ifdef HAVE_STDIO_H
| # include <stdio.h>
| #endif
| #ifdef HAVE_STDLIB_H
| # include <stdlib.h>
| #endif
| #ifdef HAVE_STRING_H
| # include <string.h>
| #endif
| #ifdef HAVE_INTTYPES_H
| # include <inttypes.h>
| #endif
| #ifdef HAVE_STDINT_H
| # include <stdint.h>
| #endif
| #ifdef HAVE_STRINGS_H
| # include <strings.h>
| #endif
| #ifdef HAVE_SYS_TYPES_H
| # include <sys/types.h>
| #endif
| #ifdef HAVE_SYS_STAT_H
| # include <sys/stat.h>
| #endif
| #ifdef HAVE_UNISTD_H
| # include <unistd.h>
| #endif
| int
| main (void)
| {
| static int test_array [1 - 2 * !(((long int) (sizeof (size_t))) <= 3)];
| test_array [0] = 0;
| return test_array [0];
| 
|   ;
|   return 0;
| }
configure:17750: /usr/local/bin/ccache /Users/clementtongpersonal/.buildozer/android/platform/android-ndk-r25b/toolchains/llvm/prebuilt/darwin-x86_64/bin/clang -target aarch64-linux-android21 -fomit-frame-pointer -march=armv8-a -fPIC -c -target aarch64-linux-android21 -fomit-frame-pointer -march=armv8-a -fPIC -DANDROID -I/Users/clementtongpersonal/.buildozer/android/platform/android-ndk-r25b/toolchains/llvm/prebuilt/darwin-x86_64/sysroot/usr/include -I/Users/clementtongpersonal/Desktop/Programming/2023/safelybuoy-debug2/safelybuoy-debug2/kivy-app/.buildozer/android/platform/build-arm64-v8a_armeabi-v7a/build/python-installs/safelybuoydebug/arm64-v8a/include/python3.1 conftest.c >&5
conftest.c:54:24: error: 'test_array' declared as an array with a negative size
static int test_array [1 - 2 * !(((long int) (sizeof (size_t))) <= 7)];
                       ^~~~~~~~~~~~~~~~~~~~~~~~~~~~~~~~~~~~~~~~~~~~~~
1 error generated.
configure:17750: $? = 1
configure: failed program was:
| /* confdefs.h */
| #define PACKAGE_NAME "libffi"
| #define PACKAGE_TARNAME "libffi"
| #define PACKAGE_VERSION "3.4.2"
| #define PACKAGE_STRING "libffi 3.4.2"
| #define PACKAGE_BUGREPORT "http://github.com/libffi/libffi/issues"
| #define PACKAGE_URL ""
| #define PACKAGE "libffi"
| #define VERSION "3.4.2"
| #define HAVE_STDIO_H 1
| #define HAVE_STDLIB_H 1
| #define HAVE_STRING_H 1
| #define HAVE_INTTYPES_H 1
| #define HAVE_STDINT_H 1
| #define HAVE_STRINGS_H 1
| #define HAVE_SYS_STAT_H 1
| #define HAVE_SYS_TYPES_H 1
| #define HAVE_UNISTD_H 1
| #define STDC_HEADERS 1
| #define HAVE_DLFCN_H 1
| #define LT_OBJDIR ".libs/"
| /* end confdefs.h.  */
| #include <stddef.h>
| #ifdef HAVE_STDIO_H
| # include <stdio.h>
| #endif
| #ifdef HAVE_STDLIB_H
| # include <stdlib.h>
| #endif
| #ifdef HAVE_STRING_H
| # include <string.h>
| #endif
| #ifdef HAVE_INTTYPES_H
| # include <inttypes.h>
| #endif
| #ifdef HAVE_STDINT_H
| # include <stdint.h>
| #endif
| #ifdef HAVE_STRINGS_H
| # include <strings.h>
| #endif
| #ifdef HAVE_SYS_TYPES_H
| # include <sys/types.h>
| #endif
| #ifdef HAVE_SYS_STAT_H
| # include <sys/stat.h>
| #endif
| #ifdef HAVE_UNISTD_H
| # include <unistd.h>
| #endif
| int
| main (void)
| {
| static int test_array [1 - 2 * !(((long int) (sizeof (size_t))) <= 7)];
| test_array [0] = 0;
| return test_array [0];
| 
|   ;
|   return 0;
| }
configure:17750: /usr/local/bin/ccache /Users/clementtongpersonal/.buildozer/android/platform/android-ndk-r25b/toolchains/llvm/prebuilt/darwin-x86_64/bin/clang -target aarch64-linux-android21 -fomit-frame-pointer -march=armv8-a -fPIC -c -target aarch64-linux-android21 -fomit-frame-pointer -march=armv8-a -fPIC -DANDROID -I/Users/clementtongpersonal/.buildozer/android/platform/android-ndk-r25b/toolchains/llvm/prebuilt/darwin-x86_64/sysroot/usr/include -I/Users/clementtongpersonal/Desktop/Programming/2023/safelybuoy-debug2/safelybuoy-debug2/kivy-app/.buildozer/android/platform/build-arm64-v8a_armeabi-v7a/build/python-installs/safelybuoydebug/arm64-v8a/include/python3.1 conftest.c >&5
configure:17750: $? = 0
configure:17750: /usr/local/bin/ccache /Users/clementtongpersonal/.buildozer/android/platform/android-ndk-r25b/toolchains/llvm/prebuilt/darwin-x86_64/bin/clang -target aarch64-linux-android21 -fomit-frame-pointer -march=armv8-a -fPIC -c -target aarch64-linux-android21 -fomit-frame-pointer -march=armv8-a -fPIC -DANDROID -I/Users/clementtongpersonal/.buildozer/android/platform/android-ndk-r25b/toolchains/llvm/prebuilt/darwin-x86_64/sysroot/usr/include -I/Users/clementtongpersonal/Desktop/Programming/2023/safelybuoy-debug2/safelybuoy-debug2/kivy-app/.buildozer/android/platform/build-arm64-v8a_armeabi-v7a/build/python-installs/safelybuoydebug/arm64-v8a/include/python3.1 conftest.c >&5
configure:17750: $? = 0
configure:17750: /usr/local/bin/ccache /Users/clementtongpersonal/.buildozer/android/platform/android-ndk-r25b/toolchains/llvm/prebuilt/darwin-x86_64/bin/clang -target aarch64-linux-android21 -fomit-frame-pointer -march=armv8-a -fPIC -c -target aarch64-linux-android21 -fomit-frame-pointer -march=armv8-a -fPIC -DANDROID -I/Users/clementtongpersonal/.buildozer/android/platform/android-ndk-r25b/toolchains/llvm/prebuilt/darwin-x86_64/sysroot/usr/include -I/Users/clementtongpersonal/Desktop/Programming/2023/safelybuoy-debug2/safelybuoy-debug2/kivy-app/.buildozer/android/platform/build-arm64-v8a_armeabi-v7a/build/python-installs/safelybuoydebug/arm64-v8a/include/python3.1 conftest.c >&5
configure:17750: $? = 0
configure:17750: /usr/local/bin/ccache /Users/clementtongpersonal/.buildozer/android/platform/android-ndk-r25b/toolchains/llvm/prebuilt/darwin-x86_64/bin/clang -target aarch64-linux-android21 -fomit-frame-pointer -march=armv8-a -fPIC -c -target aarch64-linux-android21 -fomit-frame-pointer -march=armv8-a -fPIC -DANDROID -I/Users/clementtongpersonal/.buildozer/android/platform/android-ndk-r25b/toolchains/llvm/prebuilt/darwin-x86_64/sysroot/usr/include -I/Users/clementtongpersonal/Desktop/Programming/2023/safelybuoy-debug2/safelybuoy-debug2/kivy-app/.buildozer/android/platform/build-arm64-v8a_armeabi-v7a/build/python-installs/safelybuoydebug/arm64-v8a/include/python3.1 conftest.c >&5
configure:17750: $? = 0
configure:17767: result: 8
configure:17776: checking for C compiler vendor
configure:17825: /usr/local/bin/ccache /Users/clementtongpersonal/.buildozer/android/platform/android-ndk-r25b/toolchains/llvm/prebuilt/darwin-x86_64/bin/clang -target aarch64-linux-android21 -fomit-frame-pointer -march=armv8-a -fPIC -c -target aarch64-linux-android21 -fomit-frame-pointer -march=armv8-a -fPIC -DANDROID -I/Users/clementtongpersonal/.buildozer/android/platform/android-ndk-r25b/toolchains/llvm/prebuilt/darwin-x86_64/sysroot/usr/include -I/Users/clementtongpersonal/Desktop/Programming/2023/safelybuoy-debug2/safelybuoy-debug2/kivy-app/.buildozer/android/platform/build-arm64-v8a_armeabi-v7a/build/python-installs/safelybuoydebug/arm64-v8a/include/python3.1 conftest.c >&5
conftest.c:30:9: error: use of undeclared identifier 'thisisanerror'
        thisisanerror;
        ^
1 error generated.
configure:17825: $? = 1
configure: failed program was:
| /* confdefs.h */
| #define PACKAGE_NAME "libffi"
| #define PACKAGE_TARNAME "libffi"
| #define PACKAGE_VERSION "3.4.2"
| #define PACKAGE_STRING "libffi 3.4.2"
| #define PACKAGE_BUGREPORT "http://github.com/libffi/libffi/issues"
| #define PACKAGE_URL ""
| #define PACKAGE "libffi"
| #define VERSION "3.4.2"
| #define HAVE_STDIO_H 1
| #define HAVE_STDLIB_H 1
| #define HAVE_STRING_H 1
| #define HAVE_INTTYPES_H 1
| #define HAVE_STDINT_H 1
| #define HAVE_STRINGS_H 1
| #define HAVE_SYS_STAT_H 1
| #define HAVE_SYS_TYPES_H 1
| #define HAVE_UNISTD_H 1
| #define STDC_HEADERS 1
| #define HAVE_DLFCN_H 1
| #define LT_OBJDIR ".libs/"
| #define SIZEOF_SIZE_T 8
| /* end confdefs.h.  */
| 
| int
| main (void)
| {
| 
|       #if !(defined(__ICC) || defined(__ECC) || defined(__INTEL_COMPILER))
|         thisisanerror;
|       #endif
| 
|   ;
|   return 0;
| }
configure:17825: /usr/local/bin/ccache /Users/clementtongpersonal/.buildozer/android/platform/android-ndk-r25b/toolchains/llvm/prebuilt/darwin-x86_64/bin/clang -target aarch64-linux-android21 -fomit-frame-pointer -march=armv8-a -fPIC -c -target aarch64-linux-android21 -fomit-frame-pointer -march=armv8-a -fPIC -DANDROID -I/Users/clementtongpersonal/.buildozer/android/platform/android-ndk-r25b/toolchains/llvm/prebuilt/darwin-x86_64/sysroot/usr/include -I/Users/clementtongpersonal/Desktop/Programming/2023/safelybuoy-debug2/safelybuoy-debug2/kivy-app/.buildozer/android/platform/build-arm64-v8a_armeabi-v7a/build/python-installs/safelybuoydebug/arm64-v8a/include/python3.1 conftest.c >&5
conftest.c:30:9: error: use of undeclared identifier 'thisisanerror'
        thisisanerror;
        ^
1 error generated.
configure:17825: $? = 1
configure: failed program was:
| /* confdefs.h */
| #define PACKAGE_NAME "libffi"
| #define PACKAGE_TARNAME "libffi"
| #define PACKAGE_VERSION "3.4.2"
| #define PACKAGE_STRING "libffi 3.4.2"
| #define PACKAGE_BUGREPORT "http://github.com/libffi/libffi/issues"
| #define PACKAGE_URL ""
| #define PACKAGE "libffi"
| #define VERSION "3.4.2"
| #define HAVE_STDIO_H 1
| #define HAVE_STDLIB_H 1
| #define HAVE_STRING_H 1
| #define HAVE_INTTYPES_H 1
| #define HAVE_STDINT_H 1
| #define HAVE_STRINGS_H 1
| #define HAVE_SYS_STAT_H 1
| #define HAVE_SYS_TYPES_H 1
| #define HAVE_UNISTD_H 1
| #define STDC_HEADERS 1
| #define HAVE_DLFCN_H 1
| #define LT_OBJDIR ".libs/"
| #define SIZEOF_SIZE_T 8
| /* end confdefs.h.  */
| 
| int
| main (void)
| {
| 
|       #if !(defined(__xlc__) || defined(__xlC__) || defined(__IBMC__) || defined(__IBMCPP__))
|         thisisanerror;
|       #endif
| 
|   ;
|   return 0;
| }
configure:17825: /usr/local/bin/ccache /Users/clementtongpersonal/.buildozer/android/platform/android-ndk-r25b/toolchains/llvm/prebuilt/darwin-x86_64/bin/clang -target aarch64-linux-android21 -fomit-frame-pointer -march=armv8-a -fPIC -c -target aarch64-linux-android21 -fomit-frame-pointer -march=armv8-a -fPIC -DANDROID -I/Users/clementtongpersonal/.buildozer/android/platform/android-ndk-r25b/toolchains/llvm/prebuilt/darwin-x86_64/sysroot/usr/include -I/Users/clementtongpersonal/Desktop/Programming/2023/safelybuoy-debug2/safelybuoy-debug2/kivy-app/.buildozer/android/platform/build-arm64-v8a_armeabi-v7a/build/python-installs/safelybuoydebug/arm64-v8a/include/python3.1 conftest.c >&5
conftest.c:30:9: error: use of undeclared identifier 'thisisanerror'
        thisisanerror;
        ^
1 error generated.
configure:17825: $? = 1
configure: failed program was:
| /* confdefs.h */
| #define PACKAGE_NAME "libffi"
| #define PACKAGE_TARNAME "libffi"
| #define PACKAGE_VERSION "3.4.2"
| #define PACKAGE_STRING "libffi 3.4.2"
| #define PACKAGE_BUGREPORT "http://github.com/libffi/libffi/issues"
| #define PACKAGE_URL ""
| #define PACKAGE "libffi"
| #define VERSION "3.4.2"
| #define HAVE_STDIO_H 1
| #define HAVE_STDLIB_H 1
| #define HAVE_STRING_H 1
| #define HAVE_INTTYPES_H 1
| #define HAVE_STDINT_H 1
| #define HAVE_STRINGS_H 1
| #define HAVE_SYS_STAT_H 1
| #define HAVE_SYS_TYPES_H 1
| #define HAVE_UNISTD_H 1
| #define STDC_HEADERS 1
| #define HAVE_DLFCN_H 1
| #define LT_OBJDIR ".libs/"
| #define SIZEOF_SIZE_T 8
| /* end confdefs.h.  */
| 
| int
| main (void)
| {
| 
|       #if !(defined(__PATHCC__) || defined(__PATHSCALE__))
|         thisisanerror;
|       #endif
| 
|   ;
|   return 0;
| }
configure:17825: /usr/local/bin/ccache /Users/clementtongpersonal/.buildozer/android/platform/android-ndk-r25b/toolchains/llvm/prebuilt/darwin-x86_64/bin/clang -target aarch64-linux-android21 -fomit-frame-pointer -march=armv8-a -fPIC -c -target aarch64-linux-android21 -fomit-frame-pointer -march=armv8-a -fPIC -DANDROID -I/Users/clementtongpersonal/.buildozer/android/platform/android-ndk-r25b/toolchains/llvm/prebuilt/darwin-x86_64/sysroot/usr/include -I/Users/clementtongpersonal/Desktop/Programming/2023/safelybuoy-debug2/safelybuoy-debug2/kivy-app/.buildozer/android/platform/build-arm64-v8a_armeabi-v7a/build/python-installs/safelybuoydebug/arm64-v8a/include/python3.1 conftest.c >&5
configure:17825: $? = 0
configure:17835: result: clang
configure:18688: checking whether C compiler accepts -target aarch64-linux-android21 -fomit-frame-pointer -march=armv8-a -fPIC
configure:18708: /usr/local/bin/ccache /Users/clementtongpersonal/.buildozer/android/platform/android-ndk-r25b/toolchains/llvm/prebuilt/darwin-x86_64/bin/clang -target aarch64-linux-android21 -fomit-frame-pointer -march=armv8-a -fPIC -c -target aarch64-linux-android21 -fomit-frame-pointer -march=armv8-a -fPIC  -target aarch64-linux-android21 -fomit-frame-pointer -march=armv8-a -fPIC -DANDROID -I/Users/clementtongpersonal/.buildozer/android/platform/android-ndk-r25b/toolchains/llvm/prebuilt/darwin-x86_64/sysroot/usr/include -I/Users/clementtongpersonal/Desktop/Programming/2023/safelybuoy-debug2/safelybuoy-debug2/kivy-app/.buildozer/android/platform/build-arm64-v8a_armeabi-v7a/build/python-installs/safelybuoydebug/arm64-v8a/include/python3.1 conftest.c >&5
configure:18708: $? = 0
configure:18720: result: yes
configure:18750: checking CFLAGS for maximum warnings
configure:18771: /usr/local/bin/ccache /Users/clementtongpersonal/.buildozer/android/platform/android-ndk-r25b/toolchains/llvm/prebuilt/darwin-x86_64/bin/clang -target aarch64-linux-android21 -fomit-frame-pointer -march=armv8-a -fPIC -c -target aarch64-linux-android21 -fomit-frame-pointer -march=armv8-a -fPIC -warn all  -warn all -DANDROID -I/Users/clementtongpersonal/.buildozer/android/platform/android-ndk-r25b/toolchains/llvm/prebuilt/darwin-x86_64/sysroot/usr/include -I/Users/clementtongpersonal/Desktop/Programming/2023/safelybuoy-debug2/safelybuoy-debug2/kivy-app/.buildozer/android/platform/build-arm64-v8a_armeabi-v7a/build/python-installs/safelybuoydebug/arm64-v8a/include/python3.1 conftest.c >&5
clang-14: error: unknown argument: '-warn'
clang-14: error: unknown argument: '-warn'
clang-14: error: no such file or directory: 'all'
clang-14: error: no such file or directory: 'all'
configure:18771: $? = 1
configure: failed program was:
| /* confdefs.h */
| #define PACKAGE_NAME "libffi"
| #define PACKAGE_TARNAME "libffi"
| #define PACKAGE_VERSION "3.4.2"
| #define PACKAGE_STRING "libffi 3.4.2"
| #define PACKAGE_BUGREPORT "http://github.com/libffi/libffi/issues"
| #define PACKAGE_URL ""
| #define PACKAGE "libffi"
| #define VERSION "3.4.2"
| #define HAVE_STDIO_H 1
| #define HAVE_STDLIB_H 1
| #define HAVE_STRING_H 1
| #define HAVE_INTTYPES_H 1
| #define HAVE_STDINT_H 1
| #define HAVE_STRINGS_H 1
| #define HAVE_SYS_STAT_H 1
| #define HAVE_SYS_TYPES_H 1
| #define HAVE_UNISTD_H 1
| #define STDC_HEADERS 1
| #define HAVE_DLFCN_H 1
| #define LT_OBJDIR ".libs/"
| #define SIZEOF_SIZE_T 8
| /* end confdefs.h.  */
| 
| int
| main (void)
| {
| 
|   ;
|   return 0;
| }
configure:18771: /usr/local/bin/ccache /Users/clementtongpersonal/.buildozer/android/platform/android-ndk-r25b/toolchains/llvm/prebuilt/darwin-x86_64/bin/clang -target aarch64-linux-android21 -fomit-frame-pointer -march=armv8-a -fPIC -c -target aarch64-linux-android21 -fomit-frame-pointer -march=armv8-a -fPIC -pedantic  -Wall -DANDROID -I/Users/clementtongpersonal/.buildozer/android/platform/android-ndk-r25b/toolchains/llvm/prebuilt/darwin-x86_64/sysroot/usr/include -I/Users/clementtongpersonal/Desktop/Programming/2023/safelybuoy-debug2/safelybuoy-debug2/kivy-app/.buildozer/android/platform/build-arm64-v8a_armeabi-v7a/build/python-installs/safelybuoydebug/arm64-v8a/include/python3.1 conftest.c >&5
configure:18771: $? = 0
configure:18781: result: -Wall
configure:18802: : CFLAGS="$CFLAGS"
configure:18805: $? = 0
configure:18844: checking whether to enable maintainer-specific portions of Makefiles
configure:18855: result: no
configure:18869: checking for sys/memfd.h
configure:18869: /usr/local/bin/ccache /Users/clementtongpersonal/.buildozer/android/platform/android-ndk-r25b/toolchains/llvm/prebuilt/darwin-x86_64/bin/clang -target aarch64-linux-android21 -fomit-frame-pointer -march=armv8-a -fPIC -c -target aarch64-linux-android21 -fomit-frame-pointer -march=armv8-a -fPIC -Wall -fexceptions -DANDROID -I/Users/clementtongpersonal/.buildozer/android/platform/android-ndk-r25b/toolchains/llvm/prebuilt/darwin-x86_64/sysroot/usr/include -I/Users/clementtongpersonal/Desktop/Programming/2023/safelybuoy-debug2/safelybuoy-debug2/kivy-app/.buildozer/android/platform/build-arm64-v8a_armeabi-v7a/build/python-installs/safelybuoydebug/arm64-v8a/include/python3.1 conftest.c >&5
conftest.c:52:10: fatal error: 'sys/memfd.h' file not found
#include <sys/memfd.h>
         ^~~~~~~~~~~~~
1 error generated.
configure:18869: $? = 1
configure: failed program was:
| /* confdefs.h */
| #define PACKAGE_NAME "libffi"
| #define PACKAGE_TARNAME "libffi"
| #define PACKAGE_VERSION "3.4.2"
| #define PACKAGE_STRING "libffi 3.4.2"
| #define PACKAGE_BUGREPORT "http://github.com/libffi/libffi/issues"
| #define PACKAGE_URL ""
| #define PACKAGE "libffi"
| #define VERSION "3.4.2"
| #define HAVE_STDIO_H 1
| #define HAVE_STDLIB_H 1
| #define HAVE_STRING_H 1
| #define HAVE_INTTYPES_H 1
| #define HAVE_STDINT_H 1
| #define HAVE_STRINGS_H 1
| #define HAVE_SYS_STAT_H 1
| #define HAVE_SYS_TYPES_H 1
| #define HAVE_UNISTD_H 1
| #define STDC_HEADERS 1
| #define HAVE_DLFCN_H 1
| #define LT_OBJDIR ".libs/"
| #define SIZEOF_SIZE_T 8
| /* end confdefs.h.  */
| #include <stddef.h>
| #ifdef HAVE_STDIO_H
| # include <stdio.h>
| #endif
| #ifdef HAVE_STDLIB_H
| # include <stdlib.h>
| #endif
| #ifdef HAVE_STRING_H
| # include <string.h>
| #endif
| #ifdef HAVE_INTTYPES_H
| # include <inttypes.h>
| #endif
| #ifdef HAVE_STDINT_H
| # include <stdint.h>
| #endif
| #ifdef HAVE_STRINGS_H
| # include <strings.h>
| #endif
| #ifdef HAVE_SYS_TYPES_H
| # include <sys/types.h>
| #endif
| #ifdef HAVE_SYS_STAT_H
| # include <sys/stat.h>
| #endif
| #ifdef HAVE_UNISTD_H
| # include <unistd.h>
| #endif
| #include <sys/memfd.h>
configure:18869: result: no
configure:18876: checking for memfd_create
configure:18876: /usr/local/bin/ccache /Users/clementtongpersonal/.buildozer/android/platform/android-ndk-r25b/toolchains/llvm/prebuilt/darwin-x86_64/bin/clang -target aarch64-linux-android21 -fomit-frame-pointer -march=armv8-a -fPIC -o conftest -target aarch64-linux-android21 -fomit-frame-pointer -march=armv8-a -fPIC -Wall -fexceptions -DANDROID -I/Users/clementtongpersonal/.buildozer/android/platform/android-ndk-r25b/toolchains/llvm/prebuilt/darwin-x86_64/sysroot/usr/include -I/Users/clementtongpersonal/Desktop/Programming/2023/safelybuoy-debug2/safelybuoy-debug2/kivy-app/.buildozer/android/platform/build-arm64-v8a_armeabi-v7a/build/python-installs/safelybuoydebug/arm64-v8a/include/python3.1   -L/Users/clementtongpersonal/Desktop/Programming/2023/safelybuoy-debug2/safelybuoy-debug2/kivy-app/.buildozer/android/platform/build-arm64-v8a_armeabi-v7a/build/libs_collections/safelybuoydebug/arm64-v8a conftest.c  >&5
ld: error: undefined symbol: memfd_create
>>> referenced by conftest.c
>>>               /var/folders/gl/qthvj2sj4_s98882m2b8pl880000gn/T/conftest-72898f.o:(main)
clang-14: error: linker command failed with exit code 1 (use -v to see invocation)
configure:18876: $? = 1
configure: failed program was:
| /* confdefs.h */
| #define PACKAGE_NAME "libffi"
| #define PACKAGE_TARNAME "libffi"
| #define PACKAGE_VERSION "3.4.2"
| #define PACKAGE_STRING "libffi 3.4.2"
| #define PACKAGE_BUGREPORT "http://github.com/libffi/libffi/issues"
| #define PACKAGE_URL ""
| #define PACKAGE "libffi"
| #define VERSION "3.4.2"
| #define HAVE_STDIO_H 1
| #define HAVE_STDLIB_H 1
| #define HAVE_STRING_H 1
| #define HAVE_INTTYPES_H 1
| #define HAVE_STDINT_H 1
| #define HAVE_STRINGS_H 1
| #define HAVE_SYS_STAT_H 1
| #define HAVE_SYS_TYPES_H 1
| #define HAVE_UNISTD_H 1
| #define STDC_HEADERS 1
| #define HAVE_DLFCN_H 1
| #define LT_OBJDIR ".libs/"
| #define SIZEOF_SIZE_T 8
| /* end confdefs.h.  */
| /* Define memfd_create to an innocuous variant, in case <limits.h> declares memfd_create.
|    For example, HP-UX 11i <limits.h> declares gettimeofday.  */
| #define memfd_create innocuous_memfd_create
| 
| /* System header to define __stub macros and hopefully few prototypes,
|    which can conflict with char memfd_create (void); below.  */
| 
| #include <limits.h>
| #undef memfd_create
| 
| /* Override any GCC internal prototype to avoid an error.
|    Use char because int might match the return type of a GCC
|    builtin and then its argument prototype would still apply.  */
| #ifdef __cplusplus
| extern "C"
| #endif
| char memfd_create (void);
| /* The GNU C library defines this for functions which it implements
|     to always fail with ENOSYS.  Some functions are actually named
|     something starting with __ and the normal name is an alias.  */
| #if defined __stub_memfd_create || defined __stub___memfd_create
| choke me
| #endif
| 
| int
| main (void)
| {
| return memfd_create ();
|   ;
|   return 0;
| }
configure:18876: result: no
configure:18884: checking for sys/mman.h
configure:18884: /usr/local/bin/ccache /Users/clementtongpersonal/.buildozer/android/platform/android-ndk-r25b/toolchains/llvm/prebuilt/darwin-x86_64/bin/clang -target aarch64-linux-android21 -fomit-frame-pointer -march=armv8-a -fPIC -c -target aarch64-linux-android21 -fomit-frame-pointer -march=armv8-a -fPIC -Wall -fexceptions -DANDROID -I/Users/clementtongpersonal/.buildozer/android/platform/android-ndk-r25b/toolchains/llvm/prebuilt/darwin-x86_64/sysroot/usr/include -I/Users/clementtongpersonal/Desktop/Programming/2023/safelybuoy-debug2/safelybuoy-debug2/kivy-app/.buildozer/android/platform/build-arm64-v8a_armeabi-v7a/build/python-installs/safelybuoydebug/arm64-v8a/include/python3.1 conftest.c >&5
configure:18884: $? = 0
configure:18884: result: yes
configure:18891: checking for mmap
configure:18891: /usr/local/bin/ccache /Users/clementtongpersonal/.buildozer/android/platform/android-ndk-r25b/toolchains/llvm/prebuilt/darwin-x86_64/bin/clang -target aarch64-linux-android21 -fomit-frame-pointer -march=armv8-a -fPIC -o conftest -target aarch64-linux-android21 -fomit-frame-pointer -march=armv8-a -fPIC -Wall -fexceptions -DANDROID -I/Users/clementtongpersonal/.buildozer/android/platform/android-ndk-r25b/toolchains/llvm/prebuilt/darwin-x86_64/sysroot/usr/include -I/Users/clementtongpersonal/Desktop/Programming/2023/safelybuoy-debug2/safelybuoy-debug2/kivy-app/.buildozer/android/platform/build-arm64-v8a_armeabi-v7a/build/python-installs/safelybuoydebug/arm64-v8a/include/python3.1   -L/Users/clementtongpersonal/Desktop/Programming/2023/safelybuoy-debug2/safelybuoy-debug2/kivy-app/.buildozer/android/platform/build-arm64-v8a_armeabi-v7a/build/libs_collections/safelybuoydebug/arm64-v8a conftest.c  >&5
configure:18891: $? = 0
configure:18891: result: yes
configure:18897: checking for mkostemp
configure:18897: /usr/local/bin/ccache /Users/clementtongpersonal/.buildozer/android/platform/android-ndk-r25b/toolchains/llvm/prebuilt/darwin-x86_64/bin/clang -target aarch64-linux-android21 -fomit-frame-pointer -march=armv8-a -fPIC -o conftest -target aarch64-linux-android21 -fomit-frame-pointer -march=armv8-a -fPIC -Wall -fexceptions -DANDROID -I/Users/clementtongpersonal/.buildozer/android/platform/android-ndk-r25b/toolchains/llvm/prebuilt/darwin-x86_64/sysroot/usr/include -I/Users/clementtongpersonal/Desktop/Programming/2023/safelybuoy-debug2/safelybuoy-debug2/kivy-app/.buildozer/android/platform/build-arm64-v8a_armeabi-v7a/build/python-installs/safelybuoydebug/arm64-v8a/include/python3.1   -L/Users/clementtongpersonal/Desktop/Programming/2023/safelybuoy-debug2/safelybuoy-debug2/kivy-app/.buildozer/android/platform/build-arm64-v8a_armeabi-v7a/build/libs_collections/safelybuoydebug/arm64-v8a conftest.c  >&5
ld: error: undefined symbol: mkostemp
>>> referenced by conftest.c
>>>               /var/folders/gl/qthvj2sj4_s98882m2b8pl880000gn/T/conftest-acdec8.o:(main)
>>> did you mean: mkstemp
>>> defined in: /Users/clementtongpersonal/.buildozer/android/platform/android-ndk-r25b/toolchains/llvm/prebuilt/darwin-x86_64/bin/../sysroot/usr/lib/aarch64-linux-android/21/libc.so
clang-14: error: linker command failed with exit code 1 (use -v to see invocation)
configure:18897: $? = 1
configure: failed program was:
| /* confdefs.h */
| #define PACKAGE_NAME "libffi"
| #define PACKAGE_TARNAME "libffi"
| #define PACKAGE_VERSION "3.4.2"
| #define PACKAGE_STRING "libffi 3.4.2"
| #define PACKAGE_BUGREPORT "http://github.com/libffi/libffi/issues"
| #define PACKAGE_URL ""
| #define PACKAGE "libffi"
| #define VERSION "3.4.2"
| #define HAVE_STDIO_H 1
| #define HAVE_STDLIB_H 1
| #define HAVE_STRING_H 1
| #define HAVE_INTTYPES_H 1
| #define HAVE_STDINT_H 1
| #define HAVE_STRINGS_H 1
| #define HAVE_SYS_STAT_H 1
| #define HAVE_SYS_TYPES_H 1
| #define HAVE_UNISTD_H 1
| #define STDC_HEADERS 1
| #define HAVE_DLFCN_H 1
| #define LT_OBJDIR ".libs/"
| #define SIZEOF_SIZE_T 8
| #define HAVE_SYS_MMAN_H 1
| #define HAVE_MMAP 1
| /* end confdefs.h.  */
| /* Define mkostemp to an innocuous variant, in case <limits.h> declares mkostemp.
|    For example, HP-UX 11i <limits.h> declares gettimeofday.  */
| #define mkostemp innocuous_mkostemp
| 
| /* System header to define __stub macros and hopefully few prototypes,
|    which can conflict with char mkostemp (void); below.  */
| 
| #include <limits.h>
| #undef mkostemp
| 
| /* Override any GCC internal prototype to avoid an error.
|    Use char because int might match the return type of a GCC
|    builtin and then its argument prototype would still apply.  */
| #ifdef __cplusplus
| extern "C"
| #endif
| char mkostemp (void);
| /* The GNU C library defines this for functions which it implements
|     to always fail with ENOSYS.  Some functions are actually named
|     something starting with __ and the normal name is an alias.  */
| #if defined __stub_mkostemp || defined __stub___mkostemp
| choke me
| #endif
| 
| int
| main (void)
| {
| return mkostemp ();
|   ;
|   return 0;
| }
configure:18897: result: no
configure:18903: checking for mkstemp
configure:18903: /usr/local/bin/ccache /Users/clementtongpersonal/.buildozer/android/platform/android-ndk-r25b/toolchains/llvm/prebuilt/darwin-x86_64/bin/clang -target aarch64-linux-android21 -fomit-frame-pointer -march=armv8-a -fPIC -o conftest -target aarch64-linux-android21 -fomit-frame-pointer -march=armv8-a -fPIC -Wall -fexceptions -DANDROID -I/Users/clementtongpersonal/.buildozer/android/platform/android-ndk-r25b/toolchains/llvm/prebuilt/darwin-x86_64/sysroot/usr/include -I/Users/clementtongpersonal/Desktop/Programming/2023/safelybuoy-debug2/safelybuoy-debug2/kivy-app/.buildozer/android/platform/build-arm64-v8a_armeabi-v7a/build/python-installs/safelybuoydebug/arm64-v8a/include/python3.1   -L/Users/clementtongpersonal/Desktop/Programming/2023/safelybuoy-debug2/safelybuoy-debug2/kivy-app/.buildozer/android/platform/build-arm64-v8a_armeabi-v7a/build/libs_collections/safelybuoydebug/arm64-v8a conftest.c  >&5
configure:18903: $? = 0
configure:18903: result: yes
configure:18911: checking for sys/mman.h
configure:18911: result: yes
configure:18920: checking for mmap
configure:18920: result: yes
configure:18935: checking whether read-only mmap of a plain file works
configure:18954: result: yes
configure:18956: checking whether mmap from /dev/zero works
configure:18980: result: yes
configure:18984: checking for MAP_ANON(YMOUS)
configure:19008: /usr/local/bin/ccache /Users/clementtongpersonal/.buildozer/android/platform/android-ndk-r25b/toolchains/llvm/prebuilt/darwin-x86_64/bin/clang -target aarch64-linux-android21 -fomit-frame-pointer -march=armv8-a -fPIC -c -target aarch64-linux-android21 -fomit-frame-pointer -march=armv8-a -fPIC -Wall -fexceptions -DANDROID -I/Users/clementtongpersonal/.buildozer/android/platform/android-ndk-r25b/toolchains/llvm/prebuilt/darwin-x86_64/sysroot/usr/include -I/Users/clementtongpersonal/Desktop/Programming/2023/safelybuoy-debug2/safelybuoy-debug2/kivy-app/.buildozer/android/platform/build-arm64-v8a_armeabi-v7a/build/python-installs/safelybuoydebug/arm64-v8a/include/python3.1 conftest.c >&5
conftest.c:38:5: warning: unused variable 'n' [-Wunused-variable]
int n = MAP_ANONYMOUS;
    ^
1 warning generated.
configure:19008: $? = 0
configure:19018: result: yes
configure:19024: checking whether mmap with MAP_ANON(YMOUS) works
configure:19043: result: yes
configure:19089: checking for egrep
configure:19159: result: /usr/bin/grep -E
configure:19167: checking for memcpy
configure:19167: /usr/local/bin/ccache /Users/clementtongpersonal/.buildozer/android/platform/android-ndk-r25b/toolchains/llvm/prebuilt/darwin-x86_64/bin/clang -target aarch64-linux-android21 -fomit-frame-pointer -march=armv8-a -fPIC -o conftest -target aarch64-linux-android21 -fomit-frame-pointer -march=armv8-a -fPIC -Wall -fexceptions -DANDROID -I/Users/clementtongpersonal/.buildozer/android/platform/android-ndk-r25b/toolchains/llvm/prebuilt/darwin-x86_64/sysroot/usr/include -I/Users/clementtongpersonal/Desktop/Programming/2023/safelybuoy-debug2/safelybuoy-debug2/kivy-app/.buildozer/android/platform/build-arm64-v8a_armeabi-v7a/build/python-installs/safelybuoydebug/arm64-v8a/include/python3.1   -L/Users/clementtongpersonal/Desktop/Programming/2023/safelybuoy-debug2/safelybuoy-debug2/kivy-app/.buildozer/android/platform/build-arm64-v8a_armeabi-v7a/build/libs_collections/safelybuoydebug/arm64-v8a conftest.c  >&5
conftest.c:46:6: warning: incompatible redeclaration of library function 'memcpy' [-Wincompatible-library-redeclaration]
char memcpy (void);
     ^
conftest.c:46:6: note: 'memcpy' is a builtin with type 'void *(void *, const void *, unsigned long)'
1 warning generated.
configure:19167: $? = 0
configure:19167: result: yes
configure:19174: checking for size_t
configure:19174: /usr/local/bin/ccache /Users/clementtongpersonal/.buildozer/android/platform/android-ndk-r25b/toolchains/llvm/prebuilt/darwin-x86_64/bin/clang -target aarch64-linux-android21 -fomit-frame-pointer -march=armv8-a -fPIC -c -target aarch64-linux-android21 -fomit-frame-pointer -march=armv8-a -fPIC -Wall -fexceptions -DANDROID -I/Users/clementtongpersonal/.buildozer/android/platform/android-ndk-r25b/toolchains/llvm/prebuilt/darwin-x86_64/sysroot/usr/include -I/Users/clementtongpersonal/Desktop/Programming/2023/safelybuoy-debug2/safelybuoy-debug2/kivy-app/.buildozer/android/platform/build-arm64-v8a_armeabi-v7a/build/python-installs/safelybuoydebug/arm64-v8a/include/python3.1 conftest.c >&5
configure:19174: $? = 0
configure:19174: /usr/local/bin/ccache /Users/clementtongpersonal/.buildozer/android/platform/android-ndk-r25b/toolchains/llvm/prebuilt/darwin-x86_64/bin/clang -target aarch64-linux-android21 -fomit-frame-pointer -march=armv8-a -fPIC -c -target aarch64-linux-android21 -fomit-frame-pointer -march=armv8-a -fPIC -Wall -fexceptions -DANDROID -I/Users/clementtongpersonal/.buildozer/android/platform/android-ndk-r25b/toolchains/llvm/prebuilt/darwin-x86_64/sysroot/usr/include -I/Users/clementtongpersonal/Desktop/Programming/2023/safelybuoy-debug2/safelybuoy-debug2/kivy-app/.buildozer/android/platform/build-arm64-v8a_armeabi-v7a/build/python-installs/safelybuoydebug/arm64-v8a/include/python3.1 conftest.c >&5
conftest.c:62:21: error: expected expression
if (sizeof ((size_t)))
                    ^
1 error generated.
configure:19174: $? = 1
configure: failed program was:
| /* confdefs.h */
| #define PACKAGE_NAME "libffi"
| #define PACKAGE_TARNAME "libffi"
| #define PACKAGE_VERSION "3.4.2"
| #define PACKAGE_STRING "libffi 3.4.2"
| #define PACKAGE_BUGREPORT "http://github.com/libffi/libffi/issues"
| #define PACKAGE_URL ""
| #define PACKAGE "libffi"
| #define VERSION "3.4.2"
| #define HAVE_STDIO_H 1
| #define HAVE_STDLIB_H 1
| #define HAVE_STRING_H 1
| #define HAVE_INTTYPES_H 1
| #define HAVE_STDINT_H 1
| #define HAVE_STRINGS_H 1
| #define HAVE_SYS_STAT_H 1
| #define HAVE_SYS_TYPES_H 1
| #define HAVE_UNISTD_H 1
| #define STDC_HEADERS 1
| #define HAVE_DLFCN_H 1
| #define LT_OBJDIR ".libs/"
| #define SIZEOF_SIZE_T 8
| #define HAVE_SYS_MMAN_H 1
| #define HAVE_MMAP 1
| #define HAVE_MKSTEMP 1
| #define HAVE_MMAP_FILE 1
| #define HAVE_MMAP_DEV_ZERO 1
| #define HAVE_MMAP_ANON 1
| #define HAVE_MEMCPY 1
| /* end confdefs.h.  */
| #include <stddef.h>
| #ifdef HAVE_STDIO_H
| # include <stdio.h>
| #endif
| #ifdef HAVE_STDLIB_H
| # include <stdlib.h>
| #endif
| #ifdef HAVE_STRING_H
| # include <string.h>
| #endif
| #ifdef HAVE_INTTYPES_H
| # include <inttypes.h>
| #endif
| #ifdef HAVE_STDINT_H
| # include <stdint.h>
| #endif
| #ifdef HAVE_STRINGS_H
| # include <strings.h>
| #endif
| #ifdef HAVE_SYS_TYPES_H
| # include <sys/types.h>
| #endif
| #ifdef HAVE_SYS_STAT_H
| # include <sys/stat.h>
| #endif
| #ifdef HAVE_UNISTD_H
| # include <unistd.h>
| #endif
| int
| main (void)
| {
| if (sizeof ((size_t)))
| 	    return 0;
|   ;
|   return 0;
| }
configure:19174: result: yes
configure:19187: checking for working alloca.h
configure:19205: /usr/local/bin/ccache /Users/clementtongpersonal/.buildozer/android/platform/android-ndk-r25b/toolchains/llvm/prebuilt/darwin-x86_64/bin/clang -target aarch64-linux-android21 -fomit-frame-pointer -march=armv8-a -fPIC -o conftest -target aarch64-linux-android21 -fomit-frame-pointer -march=armv8-a -fPIC -Wall -fexceptions -DANDROID -I/Users/clementtongpersonal/.buildozer/android/platform/android-ndk-r25b/toolchains/llvm/prebuilt/darwin-x86_64/sysroot/usr/include -I/Users/clementtongpersonal/Desktop/Programming/2023/safelybuoy-debug2/safelybuoy-debug2/kivy-app/.buildozer/android/platform/build-arm64-v8a_armeabi-v7a/build/python-installs/safelybuoydebug/arm64-v8a/include/python3.1   -L/Users/clementtongpersonal/Desktop/Programming/2023/safelybuoy-debug2/safelybuoy-debug2/kivy-app/.buildozer/android/platform/build-arm64-v8a_armeabi-v7a/build/libs_collections/safelybuoydebug/arm64-v8a conftest.c  >&5
configure:19205: $? = 0
configure:19216: result: yes
configure:19224: checking for alloca
configure:19269: result: yes
configure:19343: checking size of double
configure:19349: /usr/local/bin/ccache /Users/clementtongpersonal/.buildozer/android/platform/android-ndk-r25b/toolchains/llvm/prebuilt/darwin-x86_64/bin/clang -target aarch64-linux-android21 -fomit-frame-pointer -march=armv8-a -fPIC -c -target aarch64-linux-android21 -fomit-frame-pointer -march=armv8-a -fPIC -Wall -fexceptions -DANDROID -I/Users/clementtongpersonal/.buildozer/android/platform/android-ndk-r25b/toolchains/llvm/prebuilt/darwin-x86_64/sysroot/usr/include -I/Users/clementtongpersonal/Desktop/Programming/2023/safelybuoy-debug2/safelybuoy-debug2/kivy-app/.buildozer/android/platform/build-arm64-v8a_armeabi-v7a/build/python-installs/safelybuoydebug/arm64-v8a/include/python3.1 conftest.c >&5
configure:19349: $? = 0
configure:19349: /usr/local/bin/ccache /Users/clementtongpersonal/.buildozer/android/platform/android-ndk-r25b/toolchains/llvm/prebuilt/darwin-x86_64/bin/clang -target aarch64-linux-android21 -fomit-frame-pointer -march=armv8-a -fPIC -c -target aarch64-linux-android21 -fomit-frame-pointer -march=armv8-a -fPIC -Wall -fexceptions -DANDROID -I/Users/clementtongpersonal/.buildozer/android/platform/android-ndk-r25b/toolchains/llvm/prebuilt/darwin-x86_64/sysroot/usr/include -I/Users/clementtongpersonal/Desktop/Programming/2023/safelybuoy-debug2/safelybuoy-debug2/kivy-app/.buildozer/android/platform/build-arm64-v8a_armeabi-v7a/build/python-installs/safelybuoydebug/arm64-v8a/include/python3.1 conftest.c >&5
conftest.c:64:24: error: 'test_array' declared as an array with a negative size
static int test_array [1 - 2 * !(((long int) (sizeof (double))) <= 0)];
                       ^~~~~~~~~~~~~~~~~~~~~~~~~~~~~~~~~~~~~~~~~~~~~~
1 error generated.
configure:19349: $? = 1
configure: failed program was:
| /* confdefs.h */
| #define PACKAGE_NAME "libffi"
| #define PACKAGE_TARNAME "libffi"
| #define PACKAGE_VERSION "3.4.2"
| #define PACKAGE_STRING "libffi 3.4.2"
| #define PACKAGE_BUGREPORT "http://github.com/libffi/libffi/issues"
| #define PACKAGE_URL ""
| #define PACKAGE "libffi"
| #define VERSION "3.4.2"
| #define HAVE_STDIO_H 1
| #define HAVE_STDLIB_H 1
| #define HAVE_STRING_H 1
| #define HAVE_INTTYPES_H 1
| #define HAVE_STDINT_H 1
| #define HAVE_STRINGS_H 1
| #define HAVE_SYS_STAT_H 1
| #define HAVE_SYS_TYPES_H 1
| #define HAVE_UNISTD_H 1
| #define STDC_HEADERS 1
| #define HAVE_DLFCN_H 1
| #define LT_OBJDIR ".libs/"
| #define SIZEOF_SIZE_T 8
| #define HAVE_SYS_MMAN_H 1
| #define HAVE_MMAP 1
| #define HAVE_MKSTEMP 1
| #define HAVE_MMAP_FILE 1
| #define HAVE_MMAP_DEV_ZERO 1
| #define HAVE_MMAP_ANON 1
| #define HAVE_MEMCPY 1
| #define HAVE_ALLOCA_H 1
| #define HAVE_ALLOCA 1
| /* end confdefs.h.  */
| #include <stddef.h>
| #ifdef HAVE_STDIO_H
| # include <stdio.h>
| #endif
| #ifdef HAVE_STDLIB_H
| # include <stdlib.h>
| #endif
| #ifdef HAVE_STRING_H
| # include <string.h>
| #endif
| #ifdef HAVE_INTTYPES_H
| # include <inttypes.h>
| #endif
| #ifdef HAVE_STDINT_H
| # include <stdint.h>
| #endif
| #ifdef HAVE_STRINGS_H
| # include <strings.h>
| #endif
| #ifdef HAVE_SYS_TYPES_H
| # include <sys/types.h>
| #endif
| #ifdef HAVE_SYS_STAT_H
| # include <sys/stat.h>
| #endif
| #ifdef HAVE_UNISTD_H
| # include <unistd.h>
| #endif
| int
| main (void)
| {
| static int test_array [1 - 2 * !(((long int) (sizeof (double))) <= 0)];
| test_array [0] = 0;
| return test_array [0];
| 
|   ;
|   return 0;
| }
configure:19349: /usr/local/bin/ccache /Users/clementtongpersonal/.buildozer/android/platform/android-ndk-r25b/toolchains/llvm/prebuilt/darwin-x86_64/bin/clang -target aarch64-linux-android21 -fomit-frame-pointer -march=armv8-a -fPIC -c -target aarch64-linux-android21 -fomit-frame-pointer -march=armv8-a -fPIC -Wall -fexceptions -DANDROID -I/Users/clementtongpersonal/.buildozer/android/platform/android-ndk-r25b/toolchains/llvm/prebuilt/darwin-x86_64/sysroot/usr/include -I/Users/clementtongpersonal/Desktop/Programming/2023/safelybuoy-debug2/safelybuoy-debug2/kivy-app/.buildozer/android/platform/build-arm64-v8a_armeabi-v7a/build/python-installs/safelybuoydebug/arm64-v8a/include/python3.1 conftest.c >&5
conftest.c:64:24: error: 'test_array' declared as an array with a negative size
static int test_array [1 - 2 * !(((long int) (sizeof (double))) <= 1)];
                       ^~~~~~~~~~~~~~~~~~~~~~~~~~~~~~~~~~~~~~~~~~~~~~
1 error generated.
configure:19349: $? = 1
configure: failed program was:
| /* confdefs.h */
| #define PACKAGE_NAME "libffi"
| #define PACKAGE_TARNAME "libffi"
| #define PACKAGE_VERSION "3.4.2"
| #define PACKAGE_STRING "libffi 3.4.2"
| #define PACKAGE_BUGREPORT "http://github.com/libffi/libffi/issues"
| #define PACKAGE_URL ""
| #define PACKAGE "libffi"
| #define VERSION "3.4.2"
| #define HAVE_STDIO_H 1
| #define HAVE_STDLIB_H 1
| #define HAVE_STRING_H 1
| #define HAVE_INTTYPES_H 1
| #define HAVE_STDINT_H 1
| #define HAVE_STRINGS_H 1
| #define HAVE_SYS_STAT_H 1
| #define HAVE_SYS_TYPES_H 1
| #define HAVE_UNISTD_H 1
| #define STDC_HEADERS 1
| #define HAVE_DLFCN_H 1
| #define LT_OBJDIR ".libs/"
| #define SIZEOF_SIZE_T 8
| #define HAVE_SYS_MMAN_H 1
| #define HAVE_MMAP 1
| #define HAVE_MKSTEMP 1
| #define HAVE_MMAP_FILE 1
| #define HAVE_MMAP_DEV_ZERO 1
| #define HAVE_MMAP_ANON 1
| #define HAVE_MEMCPY 1
| #define HAVE_ALLOCA_H 1
| #define HAVE_ALLOCA 1
| /* end confdefs.h.  */
| #include <stddef.h>
| #ifdef HAVE_STDIO_H
| # include <stdio.h>
| #endif
| #ifdef HAVE_STDLIB_H
| # include <stdlib.h>
| #endif
| #ifdef HAVE_STRING_H
| # include <string.h>
| #endif
| #ifdef HAVE_INTTYPES_H
| # include <inttypes.h>
| #endif
| #ifdef HAVE_STDINT_H
| # include <stdint.h>
| #endif
| #ifdef HAVE_STRINGS_H
| # include <strings.h>
| #endif
| #ifdef HAVE_SYS_TYPES_H
| # include <sys/types.h>
| #endif
| #ifdef HAVE_SYS_STAT_H
| # include <sys/stat.h>
| #endif
| #ifdef HAVE_UNISTD_H
| # include <unistd.h>
| #endif
| int
| main (void)
| {
| static int test_array [1 - 2 * !(((long int) (sizeof (double))) <= 1)];
| test_array [0] = 0;
| return test_array [0];
| 
|   ;
|   return 0;
| }
configure:19349: /usr/local/bin/ccache /Users/clementtongpersonal/.buildozer/android/platform/android-ndk-r25b/toolchains/llvm/prebuilt/darwin-x86_64/bin/clang -target aarch64-linux-android21 -fomit-frame-pointer -march=armv8-a -fPIC -c -target aarch64-linux-android21 -fomit-frame-pointer -march=armv8-a -fPIC -Wall -fexceptions -DANDROID -I/Users/clementtongpersonal/.buildozer/android/platform/android-ndk-r25b/toolchains/llvm/prebuilt/darwin-x86_64/sysroot/usr/include -I/Users/clementtongpersonal/Desktop/Programming/2023/safelybuoy-debug2/safelybuoy-debug2/kivy-app/.buildozer/android/platform/build-arm64-v8a_armeabi-v7a/build/python-installs/safelybuoydebug/arm64-v8a/include/python3.1 conftest.c >&5
conftest.c:64:24: error: 'test_array' declared as an array with a negative size
static int test_array [1 - 2 * !(((long int) (sizeof (double))) <= 3)];
                       ^~~~~~~~~~~~~~~~~~~~~~~~~~~~~~~~~~~~~~~~~~~~~~
1 error generated.
configure:19349: $? = 1
configure: failed program was:
| /* confdefs.h */
| #define PACKAGE_NAME "libffi"
| #define PACKAGE_TARNAME "libffi"
| #define PACKAGE_VERSION "3.4.2"
| #define PACKAGE_STRING "libffi 3.4.2"
| #define PACKAGE_BUGREPORT "http://github.com/libffi/libffi/issues"
| #define PACKAGE_URL ""
| #define PACKAGE "libffi"
| #define VERSION "3.4.2"
| #define HAVE_STDIO_H 1
| #define HAVE_STDLIB_H 1
| #define HAVE_STRING_H 1
| #define HAVE_INTTYPES_H 1
| #define HAVE_STDINT_H 1
| #define HAVE_STRINGS_H 1
| #define HAVE_SYS_STAT_H 1
| #define HAVE_SYS_TYPES_H 1
| #define HAVE_UNISTD_H 1
| #define STDC_HEADERS 1
| #define HAVE_DLFCN_H 1
| #define LT_OBJDIR ".libs/"
| #define SIZEOF_SIZE_T 8
| #define HAVE_SYS_MMAN_H 1
| #define HAVE_MMAP 1
| #define HAVE_MKSTEMP 1
| #define HAVE_MMAP_FILE 1
| #define HAVE_MMAP_DEV_ZERO 1
| #define HAVE_MMAP_ANON 1
| #define HAVE_MEMCPY 1
| #define HAVE_ALLOCA_H 1
| #define HAVE_ALLOCA 1
| /* end confdefs.h.  */
| #include <stddef.h>
| #ifdef HAVE_STDIO_H
| # include <stdio.h>
| #endif
| #ifdef HAVE_STDLIB_H
| # include <stdlib.h>
| #endif
| #ifdef HAVE_STRING_H
| # include <string.h>
| #endif
| #ifdef HAVE_INTTYPES_H
| # include <inttypes.h>
| #endif
| #ifdef HAVE_STDINT_H
| # include <stdint.h>
| #endif
| #ifdef HAVE_STRINGS_H
| # include <strings.h>
| #endif
| #ifdef HAVE_SYS_TYPES_H
| # include <sys/types.h>
| #endif
| #ifdef HAVE_SYS_STAT_H
| # include <sys/stat.h>
| #endif
| #ifdef HAVE_UNISTD_H
| # include <unistd.h>
| #endif
| int
| main (void)
| {
| static int test_array [1 - 2 * !(((long int) (sizeof (double))) <= 3)];
| test_array [0] = 0;
| return test_array [0];
| 
|   ;
|   return 0;
| }
configure:19349: /usr/local/bin/ccache /Users/clementtongpersonal/.buildozer/android/platform/android-ndk-r25b/toolchains/llvm/prebuilt/darwin-x86_64/bin/clang -target aarch64-linux-android21 -fomit-frame-pointer -march=armv8-a -fPIC -c -target aarch64-linux-android21 -fomit-frame-pointer -march=armv8-a -fPIC -Wall -fexceptions -DANDROID -I/Users/clementtongpersonal/.buildozer/android/platform/android-ndk-r25b/toolchains/llvm/prebuilt/darwin-x86_64/sysroot/usr/include -I/Users/clementtongpersonal/Desktop/Programming/2023/safelybuoy-debug2/safelybuoy-debug2/kivy-app/.buildozer/android/platform/build-arm64-v8a_armeabi-v7a/build/python-installs/safelybuoydebug/arm64-v8a/include/python3.1 conftest.c >&5
conftest.c:64:24: error: 'test_array' declared as an array with a negative size
static int test_array [1 - 2 * !(((long int) (sizeof (double))) <= 7)];
                       ^~~~~~~~~~~~~~~~~~~~~~~~~~~~~~~~~~~~~~~~~~~~~~
1 error generated.
configure:19349: $? = 1
configure: failed program was:
| /* confdefs.h */
| #define PACKAGE_NAME "libffi"
| #define PACKAGE_TARNAME "libffi"
| #define PACKAGE_VERSION "3.4.2"
| #define PACKAGE_STRING "libffi 3.4.2"
| #define PACKAGE_BUGREPORT "http://github.com/libffi/libffi/issues"
| #define PACKAGE_URL ""
| #define PACKAGE "libffi"
| #define VERSION "3.4.2"
| #define HAVE_STDIO_H 1
| #define HAVE_STDLIB_H 1
| #define HAVE_STRING_H 1
| #define HAVE_INTTYPES_H 1
| #define HAVE_STDINT_H 1
| #define HAVE_STRINGS_H 1
| #define HAVE_SYS_STAT_H 1
| #define HAVE_SYS_TYPES_H 1
| #define HAVE_UNISTD_H 1
| #define STDC_HEADERS 1
| #define HAVE_DLFCN_H 1
| #define LT_OBJDIR ".libs/"
| #define SIZEOF_SIZE_T 8
| #define HAVE_SYS_MMAN_H 1
| #define HAVE_MMAP 1
| #define HAVE_MKSTEMP 1
| #define HAVE_MMAP_FILE 1
| #define HAVE_MMAP_DEV_ZERO 1
| #define HAVE_MMAP_ANON 1
| #define HAVE_MEMCPY 1
| #define HAVE_ALLOCA_H 1
| #define HAVE_ALLOCA 1
| /* end confdefs.h.  */
| #include <stddef.h>
| #ifdef HAVE_STDIO_H
| # include <stdio.h>
| #endif
| #ifdef HAVE_STDLIB_H
| # include <stdlib.h>
| #endif
| #ifdef HAVE_STRING_H
| # include <string.h>
| #endif
| #ifdef HAVE_INTTYPES_H
| # include <inttypes.h>
| #endif
| #ifdef HAVE_STDINT_H
| # include <stdint.h>
| #endif
| #ifdef HAVE_STRINGS_H
| # include <strings.h>
| #endif
| #ifdef HAVE_SYS_TYPES_H
| # include <sys/types.h>
| #endif
| #ifdef HAVE_SYS_STAT_H
| # include <sys/stat.h>
| #endif
| #ifdef HAVE_UNISTD_H
| # include <unistd.h>
| #endif
| int
| main (void)
| {
| static int test_array [1 - 2 * !(((long int) (sizeof (double))) <= 7)];
| test_array [0] = 0;
| return test_array [0];
| 
|   ;
|   return 0;
| }
configure:19349: /usr/local/bin/ccache /Users/clementtongpersonal/.buildozer/android/platform/android-ndk-r25b/toolchains/llvm/prebuilt/darwin-x86_64/bin/clang -target aarch64-linux-android21 -fomit-frame-pointer -march=armv8-a -fPIC -c -target aarch64-linux-android21 -fomit-frame-pointer -march=armv8-a -fPIC -Wall -fexceptions -DANDROID -I/Users/clementtongpersonal/.buildozer/android/platform/android-ndk-r25b/toolchains/llvm/prebuilt/darwin-x86_64/sysroot/usr/include -I/Users/clementtongpersonal/Desktop/Programming/2023/safelybuoy-debug2/safelybuoy-debug2/kivy-app/.buildozer/android/platform/build-arm64-v8a_armeabi-v7a/build/python-installs/safelybuoydebug/arm64-v8a/include/python3.1 conftest.c >&5
configure:19349: $? = 0
configure:19349: /usr/local/bin/ccache /Users/clementtongpersonal/.buildozer/android/platform/android-ndk-r25b/toolchains/llvm/prebuilt/darwin-x86_64/bin/clang -target aarch64-linux-android21 -fomit-frame-pointer -march=armv8-a -fPIC -c -target aarch64-linux-android21 -fomit-frame-pointer -march=armv8-a -fPIC -Wall -fexceptions -DANDROID -I/Users/clementtongpersonal/.buildozer/android/platform/android-ndk-r25b/toolchains/llvm/prebuilt/darwin-x86_64/sysroot/usr/include -I/Users/clementtongpersonal/Desktop/Programming/2023/safelybuoy-debug2/safelybuoy-debug2/kivy-app/.buildozer/android/platform/build-arm64-v8a_armeabi-v7a/build/python-installs/safelybuoydebug/arm64-v8a/include/python3.1 conftest.c >&5
configure:19349: $? = 0
configure:19349: /usr/local/bin/ccache /Users/clementtongpersonal/.buildozer/android/platform/android-ndk-r25b/toolchains/llvm/prebuilt/darwin-x86_64/bin/clang -target aarch64-linux-android21 -fomit-frame-pointer -march=armv8-a -fPIC -c -target aarch64-linux-android21 -fomit-frame-pointer -march=armv8-a -fPIC -Wall -fexceptions -DANDROID -I/Users/clementtongpersonal/.buildozer/android/platform/android-ndk-r25b/toolchains/llvm/prebuilt/darwin-x86_64/sysroot/usr/include -I/Users/clementtongpersonal/Desktop/Programming/2023/safelybuoy-debug2/safelybuoy-debug2/kivy-app/.buildozer/android/platform/build-arm64-v8a_armeabi-v7a/build/python-installs/safelybuoydebug/arm64-v8a/include/python3.1 conftest.c >&5
configure:19349: $? = 0
configure:19349: /usr/local/bin/ccache /Users/clementtongpersonal/.buildozer/android/platform/android-ndk-r25b/toolchains/llvm/prebuilt/darwin-x86_64/bin/clang -target aarch64-linux-android21 -fomit-frame-pointer -march=armv8-a -fPIC -c -target aarch64-linux-android21 -fomit-frame-pointer -march=armv8-a -fPIC -Wall -fexceptions -DANDROID -I/Users/clementtongpersonal/.buildozer/android/platform/android-ndk-r25b/toolchains/llvm/prebuilt/darwin-x86_64/sysroot/usr/include -I/Users/clementtongpersonal/Desktop/Programming/2023/safelybuoy-debug2/safelybuoy-debug2/kivy-app/.buildozer/android/platform/build-arm64-v8a_armeabi-v7a/build/python-installs/safelybuoydebug/arm64-v8a/include/python3.1 conftest.c >&5
configure:19349: $? = 0
configure:19366: result: 8
configure:19378: checking size of long double
configure:19384: /usr/local/bin/ccache /Users/clementtongpersonal/.buildozer/android/platform/android-ndk-r25b/toolchains/llvm/prebuilt/darwin-x86_64/bin/clang -target aarch64-linux-android21 -fomit-frame-pointer -march=armv8-a -fPIC -c -target aarch64-linux-android21 -fomit-frame-pointer -march=armv8-a -fPIC -Wall -fexceptions -DANDROID -I/Users/clementtongpersonal/.buildozer/android/platform/android-ndk-r25b/toolchains/llvm/prebuilt/darwin-x86_64/sysroot/usr/include -I/Users/clementtongpersonal/Desktop/Programming/2023/safelybuoy-debug2/safelybuoy-debug2/kivy-app/.buildozer/android/platform/build-arm64-v8a_armeabi-v7a/build/python-installs/safelybuoydebug/arm64-v8a/include/python3.1 conftest.c >&5
configure:19384: $? = 0
configure:19384: /usr/local/bin/ccache /Users/clementtongpersonal/.buildozer/android/platform/android-ndk-r25b/toolchains/llvm/prebuilt/darwin-x86_64/bin/clang -target aarch64-linux-android21 -fomit-frame-pointer -march=armv8-a -fPIC -c -target aarch64-linux-android21 -fomit-frame-pointer -march=armv8-a -fPIC -Wall -fexceptions -DANDROID -I/Users/clementtongpersonal/.buildozer/android/platform/android-ndk-r25b/toolchains/llvm/prebuilt/darwin-x86_64/sysroot/usr/include -I/Users/clementtongpersonal/Desktop/Programming/2023/safelybuoy-debug2/safelybuoy-debug2/kivy-app/.buildozer/android/platform/build-arm64-v8a_armeabi-v7a/build/python-installs/safelybuoydebug/arm64-v8a/include/python3.1 conftest.c >&5
conftest.c:65:24: error: 'test_array' declared as an array with a negative size
static int test_array [1 - 2 * !(((long int) (sizeof (long double))) <= 0)];
                       ^~~~~~~~~~~~~~~~~~~~~~~~~~~~~~~~~~~~~~~~~~~~~~~~~~~
1 error generated.
configure:19384: $? = 1
configure: failed program was:
| /* confdefs.h */
| #define PACKAGE_NAME "libffi"
| #define PACKAGE_TARNAME "libffi"
| #define PACKAGE_VERSION "3.4.2"
| #define PACKAGE_STRING "libffi 3.4.2"
| #define PACKAGE_BUGREPORT "http://github.com/libffi/libffi/issues"
| #define PACKAGE_URL ""
| #define PACKAGE "libffi"
| #define VERSION "3.4.2"
| #define HAVE_STDIO_H 1
| #define HAVE_STDLIB_H 1
| #define HAVE_STRING_H 1
| #define HAVE_INTTYPES_H 1
| #define HAVE_STDINT_H 1
| #define HAVE_STRINGS_H 1
| #define HAVE_SYS_STAT_H 1
| #define HAVE_SYS_TYPES_H 1
| #define HAVE_UNISTD_H 1
| #define STDC_HEADERS 1
| #define HAVE_DLFCN_H 1
| #define LT_OBJDIR ".libs/"
| #define SIZEOF_SIZE_T 8
| #define HAVE_SYS_MMAN_H 1
| #define HAVE_MMAP 1
| #define HAVE_MKSTEMP 1
| #define HAVE_MMAP_FILE 1
| #define HAVE_MMAP_DEV_ZERO 1
| #define HAVE_MMAP_ANON 1
| #define HAVE_MEMCPY 1
| #define HAVE_ALLOCA_H 1
| #define HAVE_ALLOCA 1
| #define SIZEOF_DOUBLE 8
| /* end confdefs.h.  */
| #include <stddef.h>
| #ifdef HAVE_STDIO_H
| # include <stdio.h>
| #endif
| #ifdef HAVE_STDLIB_H
| # include <stdlib.h>
| #endif
| #ifdef HAVE_STRING_H
| # include <string.h>
| #endif
| #ifdef HAVE_INTTYPES_H
| # include <inttypes.h>
| #endif
| #ifdef HAVE_STDINT_H
| # include <stdint.h>
| #endif
| #ifdef HAVE_STRINGS_H
| # include <strings.h>
| #endif
| #ifdef HAVE_SYS_TYPES_H
| # include <sys/types.h>
| #endif
| #ifdef HAVE_SYS_STAT_H
| # include <sys/stat.h>
| #endif
| #ifdef HAVE_UNISTD_H
| # include <unistd.h>
| #endif
| int
| main (void)
| {
| static int test_array [1 - 2 * !(((long int) (sizeof (long double))) <= 0)];
| test_array [0] = 0;
| return test_array [0];
| 
|   ;
|   return 0;
| }
configure:19384: /usr/local/bin/ccache /Users/clementtongpersonal/.buildozer/android/platform/android-ndk-r25b/toolchains/llvm/prebuilt/darwin-x86_64/bin/clang -target aarch64-linux-android21 -fomit-frame-pointer -march=armv8-a -fPIC -c -target aarch64-linux-android21 -fomit-frame-pointer -march=armv8-a -fPIC -Wall -fexceptions -DANDROID -I/Users/clementtongpersonal/.buildozer/android/platform/android-ndk-r25b/toolchains/llvm/prebuilt/darwin-x86_64/sysroot/usr/include -I/Users/clementtongpersonal/Desktop/Programming/2023/safelybuoy-debug2/safelybuoy-debug2/kivy-app/.buildozer/android/platform/build-arm64-v8a_armeabi-v7a/build/python-installs/safelybuoydebug/arm64-v8a/include/python3.1 conftest.c >&5
conftest.c:65:24: error: 'test_array' declared as an array with a negative size
static int test_array [1 - 2 * !(((long int) (sizeof (long double))) <= 1)];
                       ^~~~~~~~~~~~~~~~~~~~~~~~~~~~~~~~~~~~~~~~~~~~~~~~~~~
1 error generated.
configure:19384: $? = 1
configure: failed program was:
| /* confdefs.h */
| #define PACKAGE_NAME "libffi"
| #define PACKAGE_TARNAME "libffi"
| #define PACKAGE_VERSION "3.4.2"
| #define PACKAGE_STRING "libffi 3.4.2"
| #define PACKAGE_BUGREPORT "http://github.com/libffi/libffi/issues"
| #define PACKAGE_URL ""
| #define PACKAGE "libffi"
| #define VERSION "3.4.2"
| #define HAVE_STDIO_H 1
| #define HAVE_STDLIB_H 1
| #define HAVE_STRING_H 1
| #define HAVE_INTTYPES_H 1
| #define HAVE_STDINT_H 1
| #define HAVE_STRINGS_H 1
| #define HAVE_SYS_STAT_H 1
| #define HAVE_SYS_TYPES_H 1
| #define HAVE_UNISTD_H 1
| #define STDC_HEADERS 1
| #define HAVE_DLFCN_H 1
| #define LT_OBJDIR ".libs/"
| #define SIZEOF_SIZE_T 8
| #define HAVE_SYS_MMAN_H 1
| #define HAVE_MMAP 1
| #define HAVE_MKSTEMP 1
| #define HAVE_MMAP_FILE 1
| #define HAVE_MMAP_DEV_ZERO 1
| #define HAVE_MMAP_ANON 1
| #define HAVE_MEMCPY 1
| #define HAVE_ALLOCA_H 1
| #define HAVE_ALLOCA 1
| #define SIZEOF_DOUBLE 8
| /* end confdefs.h.  */
| #include <stddef.h>
| #ifdef HAVE_STDIO_H
| # include <stdio.h>
| #endif
| #ifdef HAVE_STDLIB_H
| # include <stdlib.h>
| #endif
| #ifdef HAVE_STRING_H
| # include <string.h>
| #endif
| #ifdef HAVE_INTTYPES_H
| # include <inttypes.h>
| #endif
| #ifdef HAVE_STDINT_H
| # include <stdint.h>
| #endif
| #ifdef HAVE_STRINGS_H
| # include <strings.h>
| #endif
| #ifdef HAVE_SYS_TYPES_H
| # include <sys/types.h>
| #endif
| #ifdef HAVE_SYS_STAT_H
| # include <sys/stat.h>
| #endif
| #ifdef HAVE_UNISTD_H
| # include <unistd.h>
| #endif
| int
| main (void)
| {
| static int test_array [1 - 2 * !(((long int) (sizeof (long double))) <= 1)];
| test_array [0] = 0;
| return test_array [0];
| 
|   ;
|   return 0;
| }
configure:19384: /usr/local/bin/ccache /Users/clementtongpersonal/.buildozer/android/platform/android-ndk-r25b/toolchains/llvm/prebuilt/darwin-x86_64/bin/clang -target aarch64-linux-android21 -fomit-frame-pointer -march=armv8-a -fPIC -c -target aarch64-linux-android21 -fomit-frame-pointer -march=armv8-a -fPIC -Wall -fexceptions -DANDROID -I/Users/clementtongpersonal/.buildozer/android/platform/android-ndk-r25b/toolchains/llvm/prebuilt/darwin-x86_64/sysroot/usr/include -I/Users/clementtongpersonal/Desktop/Programming/2023/safelybuoy-debug2/safelybuoy-debug2/kivy-app/.buildozer/android/platform/build-arm64-v8a_armeabi-v7a/build/python-installs/safelybuoydebug/arm64-v8a/include/python3.1 conftest.c >&5
conftest.c:65:24: error: 'test_array' declared as an array with a negative size
static int test_array [1 - 2 * !(((long int) (sizeof (long double))) <= 3)];
                       ^~~~~~~~~~~~~~~~~~~~~~~~~~~~~~~~~~~~~~~~~~~~~~~~~~~
1 error generated.
configure:19384: $? = 1
configure: failed program was:
| /* confdefs.h */
| #define PACKAGE_NAME "libffi"
| #define PACKAGE_TARNAME "libffi"
| #define PACKAGE_VERSION "3.4.2"
| #define PACKAGE_STRING "libffi 3.4.2"
| #define PACKAGE_BUGREPORT "http://github.com/libffi/libffi/issues"
| #define PACKAGE_URL ""
| #define PACKAGE "libffi"
| #define VERSION "3.4.2"
| #define HAVE_STDIO_H 1
| #define HAVE_STDLIB_H 1
| #define HAVE_STRING_H 1
| #define HAVE_INTTYPES_H 1
| #define HAVE_STDINT_H 1
| #define HAVE_STRINGS_H 1
| #define HAVE_SYS_STAT_H 1
| #define HAVE_SYS_TYPES_H 1
| #define HAVE_UNISTD_H 1
| #define STDC_HEADERS 1
| #define HAVE_DLFCN_H 1
| #define LT_OBJDIR ".libs/"
| #define SIZEOF_SIZE_T 8
| #define HAVE_SYS_MMAN_H 1
| #define HAVE_MMAP 1
| #define HAVE_MKSTEMP 1
| #define HAVE_MMAP_FILE 1
| #define HAVE_MMAP_DEV_ZERO 1
| #define HAVE_MMAP_ANON 1
| #define HAVE_MEMCPY 1
| #define HAVE_ALLOCA_H 1
| #define HAVE_ALLOCA 1
| #define SIZEOF_DOUBLE 8
| /* end confdefs.h.  */
| #include <stddef.h>
| #ifdef HAVE_STDIO_H
| # include <stdio.h>
| #endif
| #ifdef HAVE_STDLIB_H
| # include <stdlib.h>
| #endif
| #ifdef HAVE_STRING_H
| # include <string.h>
| #endif
| #ifdef HAVE_INTTYPES_H
| # include <inttypes.h>
| #endif
| #ifdef HAVE_STDINT_H
| # include <stdint.h>
| #endif
| #ifdef HAVE_STRINGS_H
| # include <strings.h>
| #endif
| #ifdef HAVE_SYS_TYPES_H
| # include <sys/types.h>
| #endif
| #ifdef HAVE_SYS_STAT_H
| # include <sys/stat.h>
| #endif
| #ifdef HAVE_UNISTD_H
| # include <unistd.h>
| #endif
| int
| main (void)
| {
| static int test_array [1 - 2 * !(((long int) (sizeof (long double))) <= 3)];
| test_array [0] = 0;
| return test_array [0];
| 
|   ;
|   return 0;
| }
configure:19384: /usr/local/bin/ccache /Users/clementtongpersonal/.buildozer/android/platform/android-ndk-r25b/toolchains/llvm/prebuilt/darwin-x86_64/bin/clang -target aarch64-linux-android21 -fomit-frame-pointer -march=armv8-a -fPIC -c -target aarch64-linux-android21 -fomit-frame-pointer -march=armv8-a -fPIC -Wall -fexceptions -DANDROID -I/Users/clementtongpersonal/.buildozer/android/platform/android-ndk-r25b/toolchains/llvm/prebuilt/darwin-x86_64/sysroot/usr/include -I/Users/clementtongpersonal/Desktop/Programming/2023/safelybuoy-debug2/safelybuoy-debug2/kivy-app/.buildozer/android/platform/build-arm64-v8a_armeabi-v7a/build/python-installs/safelybuoydebug/arm64-v8a/include/python3.1 conftest.c >&5
conftest.c:65:24: error: 'test_array' declared as an array with a negative size
static int test_array [1 - 2 * !(((long int) (sizeof (long double))) <= 7)];
                       ^~~~~~~~~~~~~~~~~~~~~~~~~~~~~~~~~~~~~~~~~~~~~~~~~~~
1 error generated.
configure:19384: $? = 1
configure: failed program was:
| /* confdefs.h */
| #define PACKAGE_NAME "libffi"
| #define PACKAGE_TARNAME "libffi"
| #define PACKAGE_VERSION "3.4.2"
| #define PACKAGE_STRING "libffi 3.4.2"
| #define PACKAGE_BUGREPORT "http://github.com/libffi/libffi/issues"
| #define PACKAGE_URL ""
| #define PACKAGE "libffi"
| #define VERSION "3.4.2"
| #define HAVE_STDIO_H 1
| #define HAVE_STDLIB_H 1
| #define HAVE_STRING_H 1
| #define HAVE_INTTYPES_H 1
| #define HAVE_STDINT_H 1
| #define HAVE_STRINGS_H 1
| #define HAVE_SYS_STAT_H 1
| #define HAVE_SYS_TYPES_H 1
| #define HAVE_UNISTD_H 1
| #define STDC_HEADERS 1
| #define HAVE_DLFCN_H 1
| #define LT_OBJDIR ".libs/"
| #define SIZEOF_SIZE_T 8
| #define HAVE_SYS_MMAN_H 1
| #define HAVE_MMAP 1
| #define HAVE_MKSTEMP 1
| #define HAVE_MMAP_FILE 1
| #define HAVE_MMAP_DEV_ZERO 1
| #define HAVE_MMAP_ANON 1
| #define HAVE_MEMCPY 1
| #define HAVE_ALLOCA_H 1
| #define HAVE_ALLOCA 1
| #define SIZEOF_DOUBLE 8
| /* end confdefs.h.  */
| #include <stddef.h>
| #ifdef HAVE_STDIO_H
| # include <stdio.h>
| #endif
| #ifdef HAVE_STDLIB_H
| # include <stdlib.h>
| #endif
| #ifdef HAVE_STRING_H
| # include <string.h>
| #endif
| #ifdef HAVE_INTTYPES_H
| # include <inttypes.h>
| #endif
| #ifdef HAVE_STDINT_H
| # include <stdint.h>
| #endif
| #ifdef HAVE_STRINGS_H
| # include <strings.h>
| #endif
| #ifdef HAVE_SYS_TYPES_H
| # include <sys/types.h>
| #endif
| #ifdef HAVE_SYS_STAT_H
| # include <sys/stat.h>
| #endif
| #ifdef HAVE_UNISTD_H
| # include <unistd.h>
| #endif
| int
| main (void)
| {
| static int test_array [1 - 2 * !(((long int) (sizeof (long double))) <= 7)];
| test_array [0] = 0;
| return test_array [0];
| 
|   ;
|   return 0;
| }
configure:19384: /usr/local/bin/ccache /Users/clementtongpersonal/.buildozer/android/platform/android-ndk-r25b/toolchains/llvm/prebuilt/darwin-x86_64/bin/clang -target aarch64-linux-android21 -fomit-frame-pointer -march=armv8-a -fPIC -c -target aarch64-linux-android21 -fomit-frame-pointer -march=armv8-a -fPIC -Wall -fexceptions -DANDROID -I/Users/clementtongpersonal/.buildozer/android/platform/android-ndk-r25b/toolchains/llvm/prebuilt/darwin-x86_64/sysroot/usr/include -I/Users/clementtongpersonal/Desktop/Programming/2023/safelybuoy-debug2/safelybuoy-debug2/kivy-app/.buildozer/android/platform/build-arm64-v8a_armeabi-v7a/build/python-installs/safelybuoydebug/arm64-v8a/include/python3.1 conftest.c >&5
conftest.c:65:24: error: 'test_array' declared as an array with a negative size
static int test_array [1 - 2 * !(((long int) (sizeof (long double))) <= 15)];
                       ^~~~~~~~~~~~~~~~~~~~~~~~~~~~~~~~~~~~~~~~~~~~~~~~~~~~
1 error generated.
configure:19384: $? = 1
configure: failed program was:
| /* confdefs.h */
| #define PACKAGE_NAME "libffi"
| #define PACKAGE_TARNAME "libffi"
| #define PACKAGE_VERSION "3.4.2"
| #define PACKAGE_STRING "libffi 3.4.2"
| #define PACKAGE_BUGREPORT "http://github.com/libffi/libffi/issues"
| #define PACKAGE_URL ""
| #define PACKAGE "libffi"
| #define VERSION "3.4.2"
| #define HAVE_STDIO_H 1
| #define HAVE_STDLIB_H 1
| #define HAVE_STRING_H 1
| #define HAVE_INTTYPES_H 1
| #define HAVE_STDINT_H 1
| #define HAVE_STRINGS_H 1
| #define HAVE_SYS_STAT_H 1
| #define HAVE_SYS_TYPES_H 1
| #define HAVE_UNISTD_H 1
| #define STDC_HEADERS 1
| #define HAVE_DLFCN_H 1
| #define LT_OBJDIR ".libs/"
| #define SIZEOF_SIZE_T 8
| #define HAVE_SYS_MMAN_H 1
| #define HAVE_MMAP 1
| #define HAVE_MKSTEMP 1
| #define HAVE_MMAP_FILE 1
| #define HAVE_MMAP_DEV_ZERO 1
| #define HAVE_MMAP_ANON 1
| #define HAVE_MEMCPY 1
| #define HAVE_ALLOCA_H 1
| #define HAVE_ALLOCA 1
| #define SIZEOF_DOUBLE 8
| /* end confdefs.h.  */
| #include <stddef.h>
| #ifdef HAVE_STDIO_H
| # include <stdio.h>
| #endif
| #ifdef HAVE_STDLIB_H
| # include <stdlib.h>
| #endif
| #ifdef HAVE_STRING_H
| # include <string.h>
| #endif
| #ifdef HAVE_INTTYPES_H
| # include <inttypes.h>
| #endif
| #ifdef HAVE_STDINT_H
| # include <stdint.h>
| #endif
| #ifdef HAVE_STRINGS_H
| # include <strings.h>
| #endif
| #ifdef HAVE_SYS_TYPES_H
| # include <sys/types.h>
| #endif
| #ifdef HAVE_SYS_STAT_H
| # include <sys/stat.h>
| #endif
| #ifdef HAVE_UNISTD_H
| # include <unistd.h>
| #endif
| int
| main (void)
| {
| static int test_array [1 - 2 * !(((long int) (sizeof (long double))) <= 15)];
| test_array [0] = 0;
| return test_array [0];
| 
|   ;
|   return 0;
| }
configure:19384: /usr/local/bin/ccache /Users/clementtongpersonal/.buildozer/android/platform/android-ndk-r25b/toolchains/llvm/prebuilt/darwin-x86_64/bin/clang -target aarch64-linux-android21 -fomit-frame-pointer -march=armv8-a -fPIC -c -target aarch64-linux-android21 -fomit-frame-pointer -march=armv8-a -fPIC -Wall -fexceptions -DANDROID -I/Users/clementtongpersonal/.buildozer/android/platform/android-ndk-r25b/toolchains/llvm/prebuilt/darwin-x86_64/sysroot/usr/include -I/Users/clementtongpersonal/Desktop/Programming/2023/safelybuoy-debug2/safelybuoy-debug2/kivy-app/.buildozer/android/platform/build-arm64-v8a_armeabi-v7a/build/python-installs/safelybuoydebug/arm64-v8a/include/python3.1 conftest.c >&5
configure:19384: $? = 0
configure:19384: /usr/local/bin/ccache /Users/clementtongpersonal/.buildozer/android/platform/android-ndk-r25b/toolchains/llvm/prebuilt/darwin-x86_64/bin/clang -target aarch64-linux-android21 -fomit-frame-pointer -march=armv8-a -fPIC -c -target aarch64-linux-android21 -fomit-frame-pointer -march=armv8-a -fPIC -Wall -fexceptions -DANDROID -I/Users/clementtongpersonal/.buildozer/android/platform/android-ndk-r25b/toolchains/llvm/prebuilt/darwin-x86_64/sysroot/usr/include -I/Users/clementtongpersonal/Desktop/Programming/2023/safelybuoy-debug2/safelybuoy-debug2/kivy-app/.buildozer/android/platform/build-arm64-v8a_armeabi-v7a/build/python-installs/safelybuoydebug/arm64-v8a/include/python3.1 conftest.c >&5
configure:19384: $? = 0
configure:19384: /usr/local/bin/ccache /Users/clementtongpersonal/.buildozer/android/platform/android-ndk-r25b/toolchains/llvm/prebuilt/darwin-x86_64/bin/clang -target aarch64-linux-android21 -fomit-frame-pointer -march=armv8-a -fPIC -c -target aarch64-linux-android21 -fomit-frame-pointer -march=armv8-a -fPIC -Wall -fexceptions -DANDROID -I/Users/clementtongpersonal/.buildozer/android/platform/android-ndk-r25b/toolchains/llvm/prebuilt/darwin-x86_64/sysroot/usr/include -I/Users/clementtongpersonal/Desktop/Programming/2023/safelybuoy-debug2/safelybuoy-debug2/kivy-app/.buildozer/android/platform/build-arm64-v8a_armeabi-v7a/build/python-installs/safelybuoydebug/arm64-v8a/include/python3.1 conftest.c >&5
configure:19384: $? = 0
configure:19384: /usr/local/bin/ccache /Users/clementtongpersonal/.buildozer/android/platform/android-ndk-r25b/toolchains/llvm/prebuilt/darwin-x86_64/bin/clang -target aarch64-linux-android21 -fomit-frame-pointer -march=armv8-a -fPIC -c -target aarch64-linux-android21 -fomit-frame-pointer -march=armv8-a -fPIC -Wall -fexceptions -DANDROID -I/Users/clementtongpersonal/.buildozer/android/platform/android-ndk-r25b/toolchains/llvm/prebuilt/darwin-x86_64/sysroot/usr/include -I/Users/clementtongpersonal/Desktop/Programming/2023/safelybuoy-debug2/safelybuoy-debug2/kivy-app/.buildozer/android/platform/build-arm64-v8a_armeabi-v7a/build/python-installs/safelybuoydebug/arm64-v8a/include/python3.1 conftest.c >&5
configure:19384: $? = 0
configure:19384: /usr/local/bin/ccache /Users/clementtongpersonal/.buildozer/android/platform/android-ndk-r25b/toolchains/llvm/prebuilt/darwin-x86_64/bin/clang -target aarch64-linux-android21 -fomit-frame-pointer -march=armv8-a -fPIC -c -target aarch64-linux-android21 -fomit-frame-pointer -march=armv8-a -fPIC -Wall -fexceptions -DANDROID -I/Users/clementtongpersonal/.buildozer/android/platform/android-ndk-r25b/toolchains/llvm/prebuilt/darwin-x86_64/sysroot/usr/include -I/Users/clementtongpersonal/Desktop/Programming/2023/safelybuoy-debug2/safelybuoy-debug2/kivy-app/.buildozer/android/platform/build-arm64-v8a_armeabi-v7a/build/python-installs/safelybuoydebug/arm64-v8a/include/python3.1 conftest.c >&5
configure:19384: $? = 0
configure:19401: result: 16
configure:19432: checking whether byte ordering is bigendian
configure:19448: /usr/local/bin/ccache /Users/clementtongpersonal/.buildozer/android/platform/android-ndk-r25b/toolchains/llvm/prebuilt/darwin-x86_64/bin/clang -target aarch64-linux-android21 -fomit-frame-pointer -march=armv8-a -fPIC -c -target aarch64-linux-android21 -fomit-frame-pointer -march=armv8-a -fPIC -Wall -fexceptions -DANDROID -I/Users/clementtongpersonal/.buildozer/android/platform/android-ndk-r25b/toolchains/llvm/prebuilt/darwin-x86_64/sysroot/usr/include -I/Users/clementtongpersonal/Desktop/Programming/2023/safelybuoy-debug2/safelybuoy-debug2/kivy-app/.buildozer/android/platform/build-arm64-v8a_armeabi-v7a/build/python-installs/safelybuoydebug/arm64-v8a/include/python3.1 conftest.c >&5
conftest.c:37:9: error: unknown type name 'not'
               not a universal capable compiler
               ^
conftest.c:37:14: error: expected ';' after top level declarator
               not a universal capable compiler
                    ^
                    ;
2 errors generated.
configure:19448: $? = 1
configure: failed program was:
| /* confdefs.h */
| #define PACKAGE_NAME "libffi"
| #define PACKAGE_TARNAME "libffi"
| #define PACKAGE_VERSION "3.4.2"
| #define PACKAGE_STRING "libffi 3.4.2"
| #define PACKAGE_BUGREPORT "http://github.com/libffi/libffi/issues"
| #define PACKAGE_URL ""
| #define PACKAGE "libffi"
| #define VERSION "3.4.2"
| #define HAVE_STDIO_H 1
| #define HAVE_STDLIB_H 1
| #define HAVE_STRING_H 1
| #define HAVE_INTTYPES_H 1
| #define HAVE_STDINT_H 1
| #define HAVE_STRINGS_H 1
| #define HAVE_SYS_STAT_H 1
| #define HAVE_SYS_TYPES_H 1
| #define HAVE_UNISTD_H 1
| #define STDC_HEADERS 1
| #define HAVE_DLFCN_H 1
| #define LT_OBJDIR ".libs/"
| #define SIZEOF_SIZE_T 8
| #define HAVE_SYS_MMAN_H 1
| #define HAVE_MMAP 1
| #define HAVE_MKSTEMP 1
| #define HAVE_MMAP_FILE 1
| #define HAVE_MMAP_DEV_ZERO 1
| #define HAVE_MMAP_ANON 1
| #define HAVE_MEMCPY 1
| #define HAVE_ALLOCA_H 1
| #define HAVE_ALLOCA 1
| #define SIZEOF_DOUBLE 8
| #define SIZEOF_LONG_DOUBLE 16
| #define HAVE_LONG_DOUBLE 1
| /* end confdefs.h.  */
| #ifndef __APPLE_CC__
| 	       not a universal capable compiler
| 	     #endif
| 	     typedef int dummy;
| 
configure:19494: /usr/local/bin/ccache /Users/clementtongpersonal/.buildozer/android/platform/android-ndk-r25b/toolchains/llvm/prebuilt/darwin-x86_64/bin/clang -target aarch64-linux-android21 -fomit-frame-pointer -march=armv8-a -fPIC -c -target aarch64-linux-android21 -fomit-frame-pointer -march=armv8-a -fPIC -Wall -fexceptions -DANDROID -I/Users/clementtongpersonal/.buildozer/android/platform/android-ndk-r25b/toolchains/llvm/prebuilt/darwin-x86_64/sysroot/usr/include -I/Users/clementtongpersonal/Desktop/Programming/2023/safelybuoy-debug2/safelybuoy-debug2/kivy-app/.buildozer/android/platform/build-arm64-v8a_armeabi-v7a/build/python-installs/safelybuoydebug/arm64-v8a/include/python3.1 conftest.c >&5
configure:19494: $? = 0
configure:19513: /usr/local/bin/ccache /Users/clementtongpersonal/.buildozer/android/platform/android-ndk-r25b/toolchains/llvm/prebuilt/darwin-x86_64/bin/clang -target aarch64-linux-android21 -fomit-frame-pointer -march=armv8-a -fPIC -c -target aarch64-linux-android21 -fomit-frame-pointer -march=armv8-a -fPIC -Wall -fexceptions -DANDROID -I/Users/clementtongpersonal/.buildozer/android/platform/android-ndk-r25b/toolchains/llvm/prebuilt/darwin-x86_64/sysroot/usr/include -I/Users/clementtongpersonal/Desktop/Programming/2023/safelybuoy-debug2/safelybuoy-debug2/kivy-app/.buildozer/android/platform/build-arm64-v8a_armeabi-v7a/build/python-installs/safelybuoydebug/arm64-v8a/include/python3.1 conftest.c >&5
conftest.c:43:4: error: use of undeclared identifier 'not'
                 not big endian
                 ^
1 error generated.
configure:19513: $? = 1
configure: failed program was:
| /* confdefs.h */
| #define PACKAGE_NAME "libffi"
| #define PACKAGE_TARNAME "libffi"
| #define PACKAGE_VERSION "3.4.2"
| #define PACKAGE_STRING "libffi 3.4.2"
| #define PACKAGE_BUGREPORT "http://github.com/libffi/libffi/issues"
| #define PACKAGE_URL ""
| #define PACKAGE "libffi"
| #define VERSION "3.4.2"
| #define HAVE_STDIO_H 1
| #define HAVE_STDLIB_H 1
| #define HAVE_STRING_H 1
| #define HAVE_INTTYPES_H 1
| #define HAVE_STDINT_H 1
| #define HAVE_STRINGS_H 1
| #define HAVE_SYS_STAT_H 1
| #define HAVE_SYS_TYPES_H 1
| #define HAVE_UNISTD_H 1
| #define STDC_HEADERS 1
| #define HAVE_DLFCN_H 1
| #define LT_OBJDIR ".libs/"
| #define SIZEOF_SIZE_T 8
| #define HAVE_SYS_MMAN_H 1
| #define HAVE_MMAP 1
| #define HAVE_MKSTEMP 1
| #define HAVE_MMAP_FILE 1
| #define HAVE_MMAP_DEV_ZERO 1
| #define HAVE_MMAP_ANON 1
| #define HAVE_MEMCPY 1
| #define HAVE_ALLOCA_H 1
| #define HAVE_ALLOCA 1
| #define SIZEOF_DOUBLE 8
| #define SIZEOF_LONG_DOUBLE 16
| #define HAVE_LONG_DOUBLE 1
| /* end confdefs.h.  */
| #include <sys/types.h>
| 		#include <sys/param.h>
| 
| int
| main (void)
| {
| #if BYTE_ORDER != BIG_ENDIAN
| 		 not big endian
| 		#endif
| 
|   ;
|   return 0;
| }
configure:19654: result: no
configure:19673: checking assembler .cfi pseudo-op support
configure:19692: /usr/local/bin/ccache /Users/clementtongpersonal/.buildozer/android/platform/android-ndk-r25b/toolchains/llvm/prebuilt/darwin-x86_64/bin/clang -target aarch64-linux-android21 -fomit-frame-pointer -march=armv8-a -fPIC -c -target aarch64-linux-android21 -fomit-frame-pointer -march=armv8-a -fPIC -Wall -fexceptions -DANDROID -I/Users/clementtongpersonal/.buildozer/android/platform/android-ndk-r25b/toolchains/llvm/prebuilt/darwin-x86_64/sysroot/usr/include -I/Users/clementtongpersonal/Desktop/Programming/2023/safelybuoy-debug2/safelybuoy-debug2/kivy-app/.buildozer/android/platform/build-arm64-v8a_armeabi-v7a/build/python-installs/safelybuoydebug/arm64-v8a/include/python3.1 conftest.c >&5
configure:19692: $? = 0
configure:19703: result: yes
configure:19850: checking whether compiler supports pointer authentication
configure:19879: /usr/local/bin/ccache /Users/clementtongpersonal/.buildozer/android/platform/android-ndk-r25b/toolchains/llvm/prebuilt/darwin-x86_64/bin/clang -target aarch64-linux-android21 -fomit-frame-pointer -march=armv8-a -fPIC -c -target aarch64-linux-android21 -fomit-frame-pointer -march=armv8-a -fPIC -Wall -fexceptions -DANDROID -I/Users/clementtongpersonal/.buildozer/android/platform/android-ndk-r25b/toolchains/llvm/prebuilt/darwin-x86_64/sysroot/usr/include -I/Users/clementtongpersonal/Desktop/Programming/2023/safelybuoy-debug2/safelybuoy-debug2/kivy-app/.buildozer/android/platform/build-arm64-v8a_armeabi-v7a/build/python-installs/safelybuoydebug/arm64-v8a/include/python3.1 conftest.c >&5
conftest.c:49:3: error: Pointer authentication not supported
# error Pointer authentication not supported
  ^
1 error generated.
configure:19879: $? = 1
configure: failed program was:
| /* confdefs.h */
| #define PACKAGE_NAME "libffi"
| #define PACKAGE_TARNAME "libffi"
| #define PACKAGE_VERSION "3.4.2"
| #define PACKAGE_STRING "libffi 3.4.2"
| #define PACKAGE_BUGREPORT "http://github.com/libffi/libffi/issues"
| #define PACKAGE_URL ""
| #define PACKAGE "libffi"
| #define VERSION "3.4.2"
| #define HAVE_STDIO_H 1
| #define HAVE_STDLIB_H 1
| #define HAVE_STRING_H 1
| #define HAVE_INTTYPES_H 1
| #define HAVE_STDINT_H 1
| #define HAVE_STRINGS_H 1
| #define HAVE_SYS_STAT_H 1
| #define HAVE_SYS_TYPES_H 1
| #define HAVE_UNISTD_H 1
| #define STDC_HEADERS 1
| #define HAVE_DLFCN_H 1
| #define LT_OBJDIR ".libs/"
| #define SIZEOF_SIZE_T 8
| #define HAVE_SYS_MMAN_H 1
| #define HAVE_MMAP 1
| #define HAVE_MKSTEMP 1
| #define HAVE_MMAP_FILE 1
| #define HAVE_MMAP_DEV_ZERO 1
| #define HAVE_MMAP_ANON 1
| #define HAVE_MEMCPY 1
| #define HAVE_ALLOCA_H 1
| #define HAVE_ALLOCA 1
| #define SIZEOF_DOUBLE 8
| #define SIZEOF_LONG_DOUBLE 16
| #define HAVE_LONG_DOUBLE 1
| #define HAVE_AS_CFI_PSEUDO_OP 1
| /* end confdefs.h.  */
| 
| int
| main (void)
| {
| 
| #ifdef __clang__
| # if __has_feature(ptrauth_calls)
| #  define HAVE_PTRAUTH 1
| # endif
| #endif
| 
| #ifndef HAVE_PTRAUTH
| # error Pointer authentication not supported
| #endif
| 
|   ;
|   return 0;
| }
configure:19890: result: no
configure:19910: checking for _ prefix in compiled symbols
configure:19921: /usr/local/bin/ccache /Users/clementtongpersonal/.buildozer/android/platform/android-ndk-r25b/toolchains/llvm/prebuilt/darwin-x86_64/bin/clang -target aarch64-linux-android21 -fomit-frame-pointer -march=armv8-a -fPIC -c -target aarch64-linux-android21 -fomit-frame-pointer -march=armv8-a -fPIC -Wall -fexceptions -DANDROID -I/Users/clementtongpersonal/.buildozer/android/platform/android-ndk-r25b/toolchains/llvm/prebuilt/darwin-x86_64/sysroot/usr/include -I/Users/clementtongpersonal/Desktop/Programming/2023/safelybuoy-debug2/safelybuoy-debug2/kivy-app/.buildozer/android/platform/build-arm64-v8a_armeabi-v7a/build/python-installs/safelybuoydebug/arm64-v8a/include/python3.1 conftest.c >&5
conftest.c:2:12: warning: expression result unused [-Wunused-value]
int main(){nm_test_func;return 0;}
           ^~~~~~~~~~~~
1 warning generated.
configure:19924: $? = 0
configure:19928: nm conftest.o \| /usr/bin/sed -n -e 's/^.*[	 ]\([ABCDGIRSTW][ABCDGIRSTW]*\)[	 ][	 ]*\([_A-Za-z][_A-Za-z0-9]*\)$/\1 \2 \2/p' | /usr/bin/sed '/ __gnu_lto/d' \> conftest.nm
configure:19931: $? = 0
configure:19954: result: no
configure:20031: checking whether C compiler accepts -fno-lto
configure:20051: /usr/local/bin/ccache /Users/clementtongpersonal/.buildozer/android/platform/android-ndk-r25b/toolchains/llvm/prebuilt/darwin-x86_64/bin/clang -target aarch64-linux-android21 -fomit-frame-pointer -march=armv8-a -fPIC -c -target aarch64-linux-android21 -fomit-frame-pointer -march=armv8-a -fPIC -Wall -fexceptions  -fno-lto -DANDROID -I/Users/clementtongpersonal/.buildozer/android/platform/android-ndk-r25b/toolchains/llvm/prebuilt/darwin-x86_64/sysroot/usr/include -I/Users/clementtongpersonal/Desktop/Programming/2023/safelybuoy-debug2/safelybuoy-debug2/kivy-app/.buildozer/android/platform/build-arm64-v8a_armeabi-v7a/build/python-installs/safelybuoydebug/arm64-v8a/include/python3.1 conftest.c >&5
configure:20051: $? = 0
configure:20062: result: yes
configure:20073: checking whether .eh_frame section should be read-only
configure:20091: result: yes
configure:20106: checking for __attribute__((visibility("hidden")))
configure:20116: /usr/local/bin/ccache /Users/clementtongpersonal/.buildozer/android/platform/android-ndk-r25b/toolchains/llvm/prebuilt/darwin-x86_64/bin/clang -target aarch64-linux-android21 -fomit-frame-pointer -march=armv8-a -fPIC -Werror -S conftest.c -o conftest.s 1>&5
configure:20119: $? = 0
configure:20129: result: yes
configure:20296: checking for ld used by /usr/local/bin/ccache /Users/clementtongpersonal/.buildozer/android/platform/android-ndk-r25b/toolchains/llvm/prebuilt/darwin-x86_64/bin/clang -target aarch64-linux-android21 -fomit-frame-pointer -march=armv8-a -fPIC
configure:20365: result: /Users/clementtongpersonal/.buildozer/android/platform/android-ndk-r25b/toolchains/llvm/prebuilt/darwin-x86_64/bin/ld
configure:20372: checking if the linker (/Users/clementtongpersonal/.buildozer/android/platform/android-ndk-r25b/toolchains/llvm/prebuilt/darwin-x86_64/bin/ld) is GNU ld
configure:20389: result: yes
configure:20569: checking for shared libgcc
configure:20584: /usr/local/bin/ccache /Users/clementtongpersonal/.buildozer/android/platform/android-ndk-r25b/toolchains/llvm/prebuilt/darwin-x86_64/bin/clang -target aarch64-linux-android21 -fomit-frame-pointer -march=armv8-a -fPIC -o conftest  -lgcc_s -DANDROID -I/Users/clementtongpersonal/.buildozer/android/platform/android-ndk-r25b/toolchains/llvm/prebuilt/darwin-x86_64/sysroot/usr/include -I/Users/clementtongpersonal/Desktop/Programming/2023/safelybuoy-debug2/safelybuoy-debug2/kivy-app/.buildozer/android/platform/build-arm64-v8a_armeabi-v7a/build/python-installs/safelybuoydebug/arm64-v8a/include/python3.1   -L/Users/clementtongpersonal/Desktop/Programming/2023/safelybuoy-debug2/safelybuoy-debug2/kivy-app/.buildozer/android/platform/build-arm64-v8a_armeabi-v7a/build/libs_collections/safelybuoydebug/arm64-v8a conftest.c  >&5
ld: error: unable to find library -lgcc_s
clang-14: error: linker command failed with exit code 1 (use -v to see invocation)
configure:20584: $? = 1
configure: failed program was:
| /* confdefs.h */
| #define PACKAGE_NAME "libffi"
| #define PACKAGE_TARNAME "libffi"
| #define PACKAGE_VERSION "3.4.2"
| #define PACKAGE_STRING "libffi 3.4.2"
| #define PACKAGE_BUGREPORT "http://github.com/libffi/libffi/issues"
| #define PACKAGE_URL ""
| #define PACKAGE "libffi"
| #define VERSION "3.4.2"
| #define HAVE_STDIO_H 1
| #define HAVE_STDLIB_H 1
| #define HAVE_STRING_H 1
| #define HAVE_INTTYPES_H 1
| #define HAVE_STDINT_H 1
| #define HAVE_STRINGS_H 1
| #define HAVE_SYS_STAT_H 1
| #define HAVE_SYS_TYPES_H 1
| #define HAVE_UNISTD_H 1
| #define STDC_HEADERS 1
| #define HAVE_DLFCN_H 1
| #define LT_OBJDIR ".libs/"
| #define SIZEOF_SIZE_T 8
| #define HAVE_SYS_MMAN_H 1
| #define HAVE_MMAP 1
| #define HAVE_MKSTEMP 1
| #define HAVE_MMAP_FILE 1
| #define HAVE_MMAP_DEV_ZERO 1
| #define HAVE_MMAP_ANON 1
| #define HAVE_MEMCPY 1
| #define HAVE_ALLOCA_H 1
| #define HAVE_ALLOCA 1
| #define SIZEOF_DOUBLE 8
| #define SIZEOF_LONG_DOUBLE 16
| #define HAVE_LONG_DOUBLE 1
| #define HAVE_AS_CFI_PSEUDO_OP 1
| #define FFI_MMAP_EXEC_WRIT 1
| #define HAVE_RO_EH_FRAME 1
| #define EH_FRAME_FLAGS "a"
| #define HAVE_HIDDEN_VISIBILITY_ATTRIBUTE 1
| #define FFI_EXEC_STATIC_TRAMP 1
| /* end confdefs.h.  */
| 
| int
| main (void)
| {
| return 0;
|   ;
|   return 0;
| }
configure:20616: /usr/local/bin/ccache /Users/clementtongpersonal/.buildozer/android/platform/android-ndk-r25b/toolchains/llvm/prebuilt/darwin-x86_64/bin/clang -target aarch64-linux-android21 -fomit-frame-pointer -march=armv8-a -fPIC -o conftest  -lgcc_s -DANDROID -I/Users/clementtongpersonal/.buildozer/android/platform/android-ndk-r25b/toolchains/llvm/prebuilt/darwin-x86_64/sysroot/usr/include -I/Users/clementtongpersonal/Desktop/Programming/2023/safelybuoy-debug2/safelybuoy-debug2/kivy-app/.buildozer/android/platform/build-arm64-v8a_armeabi-v7a/build/python-installs/safelybuoydebug/arm64-v8a/include/python3.1   -L/Users/clementtongpersonal/Desktop/Programming/2023/safelybuoy-debug2/safelybuoy-debug2/kivy-app/.buildozer/android/platform/build-arm64-v8a_armeabi-v7a/build/libs_collections/safelybuoydebug/arm64-v8a conftest.c  >&5
ld: error: unable to find library -lgcc_s
clang-14: error: linker command failed with exit code 1 (use -v to see invocation)
configure:20616: $? = 1
configure: failed program was:
| /* confdefs.h */
| #define PACKAGE_NAME "libffi"
| #define PACKAGE_TARNAME "libffi"
| #define PACKAGE_VERSION "3.4.2"
| #define PACKAGE_STRING "libffi 3.4.2"
| #define PACKAGE_BUGREPORT "http://github.com/libffi/libffi/issues"
| #define PACKAGE_URL ""
| #define PACKAGE "libffi"
| #define VERSION "3.4.2"
| #define HAVE_STDIO_H 1
| #define HAVE_STDLIB_H 1
| #define HAVE_STRING_H 1
| #define HAVE_INTTYPES_H 1
| #define HAVE_STDINT_H 1
| #define HAVE_STRINGS_H 1
| #define HAVE_SYS_STAT_H 1
| #define HAVE_SYS_TYPES_H 1
| #define HAVE_UNISTD_H 1
| #define STDC_HEADERS 1
| #define HAVE_DLFCN_H 1
| #define LT_OBJDIR ".libs/"
| #define SIZEOF_SIZE_T 8
| #define HAVE_SYS_MMAN_H 1
| #define HAVE_MMAP 1
| #define HAVE_MKSTEMP 1
| #define HAVE_MMAP_FILE 1
| #define HAVE_MMAP_DEV_ZERO 1
| #define HAVE_MMAP_ANON 1
| #define HAVE_MEMCPY 1
| #define HAVE_ALLOCA_H 1
| #define HAVE_ALLOCA 1
| #define SIZEOF_DOUBLE 8
| #define SIZEOF_LONG_DOUBLE 16
| #define HAVE_LONG_DOUBLE 1
| #define HAVE_AS_CFI_PSEUDO_OP 1
| #define FFI_MMAP_EXEC_WRIT 1
| #define HAVE_RO_EH_FRAME 1
| #define EH_FRAME_FLAGS "a"
| #define HAVE_HIDDEN_VISIBILITY_ATTRIBUTE 1
| #define FFI_EXEC_STATIC_TRAMP 1
| /* end confdefs.h.  */
| 
| int
| main (void)
| {
| return 0;
|   ;
|   return 0;
| }
configure:20625: result: no
configure:20711: versioning on shared library symbols is gnu
configure:20832: checking that generated files are newer than configure
configure:20838: result: done
configure:20906: creating ./config.status

## ---------------------- ##
## Running config.status. ##
## ---------------------- ##

This file was extended by libffi config.status 3.4.2, which was
generated by GNU Autoconf 2.72.  Invocation command line was

  CONFIG_FILES    = 
  CONFIG_HEADERS  = 
  CONFIG_LINKS    = 
  CONFIG_COMMANDS = 
  $ ./config.status 

on HISHK-MBP1210-3.local

config.status:1243: creating include/Makefile
config.status:1243: creating include/ffi.h
config.status:1243: creating Makefile
config.status:1243: creating testsuite/Makefile
config.status:1243: creating man/Makefile
config.status:1243: creating doc/Makefile
config.status:1243: creating libffi.pc
config.status:1243: creating fficonfig.h
config.status:1472: executing buildir commands
config.status:1485: skipping top_srcdir/Makefile - not created
config.status:1472: executing depfiles commands
config.status:1693: cd .       && sed -e '/# am--include-marker/d' Makefile         | make -j8 -f - am--depfiles
config.status:1698: $? = 0
config.status:1472: executing libtool commands
config.status:1472: executing include commands
config.status:1472: executing src commands

## ---------------- ##
## Cache variables. ##
## ---------------- ##

ac_cv_build=x86_64-apple-darwin23.1.0
ac_cv_c_bigendian=no
ac_cv_c_compiler_gnu=yes
ac_cv_cflags_warn_all=-Wall
ac_cv_cxx_compiler_gnu=yes
ac_cv_decl_map_anon=yes
ac_cv_env_CCASFLAGS_set=
ac_cv_env_CCASFLAGS_value=
ac_cv_env_CCAS_set=
ac_cv_env_CCAS_value=
ac_cv_env_CPPFLAGS_set=set
ac_cv_env_CPPFLAGS_value='-DANDROID -I/Users/clementtongpersonal/.buildozer/android/platform/android-ndk-r25b/toolchains/llvm/prebuilt/darwin-x86_64/sysroot/usr/include -I/Users/clementtongpersonal/Desktop/Programming/2023/safelybuoy-debug2/safelybuoy-debug2/kivy-app/.buildozer/android/platform/build-arm64-v8a_armeabi-v7a/build/python-installs/safelybuoydebug/arm64-v8a/include/python3.1'
ac_cv_env_CXXCPP_set=
ac_cv_env_CXXCPP_value=
ac_cv_env_LT_SYS_LIBRARY_PATH_set=
ac_cv_env_LT_SYS_LIBRARY_PATH_value=
ac_cv_env_build_alias_set=
ac_cv_env_build_alias_value=
ac_cv_env_host_alias_set=set
ac_cv_env_host_alias_value=aarch64-linux-android
ac_cv_env_target_alias_set=
ac_cv_env_target_alias_value=
ac_cv_func_alloca_works=yes
ac_cv_func_memcpy=yes
ac_cv_func_memfd_create=no
ac_cv_func_mkostemp=no
ac_cv_func_mkstemp=yes
ac_cv_func_mmap=yes
ac_cv_func_mmap_anon=yes
ac_cv_func_mmap_dev_zero=yes
ac_cv_func_mmap_file=yes
ac_cv_header_dlfcn_h=yes
ac_cv_header_inttypes_h=yes
ac_cv_header_stdint_h=yes
ac_cv_header_stdio_h=yes
ac_cv_header_stdlib_h=yes
ac_cv_header_string_h=yes
ac_cv_header_strings_h=yes
ac_cv_header_sys_memfd_h=no
ac_cv_header_sys_mman_h=yes
ac_cv_header_sys_stat_h=yes
ac_cv_header_sys_types_h=yes
ac_cv_header_unistd_h=yes
ac_cv_host=aarch64-unknown-linux-android
ac_cv_objext=o
ac_cv_path_EGREP='/usr/bin/grep -E'
ac_cv_path_EGREP_TRADITIONAL='/usr/bin/grep -E'
ac_cv_path_FGREP='/usr/bin/grep -F'
ac_cv_path_GREP=/usr/bin/grep
ac_cv_path_SED=/usr/bin/sed
ac_cv_path_ax_enable_builddir_sed=sed
ac_cv_path_install='/usr/local/bin/ginstall -c'
ac_cv_path_lt_DD=/bin/dd
ac_cv_path_mkdir=/usr/local/bin/gmkdir
ac_cv_prog_AR=/Users/clementtongpersonal/.buildozer/android/platform/android-ndk-r25b/toolchains/llvm/prebuilt/darwin-x86_64/bin/llvm-ar
ac_cv_prog_AWK=awk
ac_cv_prog_CC='/usr/local/bin/ccache /Users/clementtongpersonal/.buildozer/android/platform/android-ndk-r25b/toolchains/llvm/prebuilt/darwin-x86_64/bin/clang -target aarch64-linux-android21 -fomit-frame-pointer -march=armv8-a -fPIC'
ac_cv_prog_CXXCPP='/usr/local/bin/ccache /Users/clementtongpersonal/.buildozer/android/platform/android-ndk-r25b/toolchains/llvm/prebuilt/darwin-x86_64/bin/clang++ -target aarch64-linux-android21 -fomit-frame-pointer -march=armv8-a -fPIC -E'
ac_cv_prog_RANLIB=/Users/clementtongpersonal/.buildozer/android/platform/android-ndk-r25b/toolchains/llvm/prebuilt/darwin-x86_64/bin/llvm-ranlib
ac_cv_prog_READELF=/Users/clementtongpersonal/.buildozer/android/platform/android-ndk-r25b/toolchains/llvm/prebuilt/darwin-x86_64/bin/llvm-readelf
ac_cv_prog_STRIP='/Users/clementtongpersonal/.buildozer/android/platform/android-ndk-r25b/toolchains/llvm/prebuilt/darwin-x86_64/bin/llvm-strip --strip-unneeded'
ac_cv_prog_ac_ct_DUMPBIN='link -dump'
ac_cv_prog_ac_ct_FILECMD=file
ac_cv_prog_ac_ct_OBJDUMP=objdump
ac_cv_prog_cc_c11=
ac_cv_prog_cc_g=yes
ac_cv_prog_cc_stdc=
ac_cv_prog_cxx_cxx11=
ac_cv_prog_cxx_g=yes
ac_cv_prog_cxx_stdcxx=
ac_cv_prog_make_make_set=yes
ac_cv_sizeof_double=8
ac_cv_sizeof_long_double=16
ac_cv_sizeof_size_t=8
ac_cv_target=aarch64-unknown-linux-android
ac_cv_type_size_t=yes
ac_cv_working_alloca_h=yes
am_cv_CCAS_dependencies_compiler_type=gcc3
am_cv_CC_dependencies_compiler_type=gcc3
am_cv_CXX_dependencies_compiler_type=gcc3
am_cv_make_support_nested_variables=yes
am_cv_prog_cc_c_o=yes
ax_cv_c_compiler_vendor=clang
ax_cv_check_cflags___fno_lto=yes
ax_cv_check_cflags___target_aarch64_linux_android21__fomit_frame_pointer__march_armv8_a__fPIC=yes
gcc_cv_as_cfi_pseudo_op=yes
libffi_cv_as_ptrauth=no
libffi_cv_hidden_visibility_attribute=yes
libffi_cv_no_lto=-fno-lto
libffi_cv_ro_eh_frame=yes
lt_cv_ar_at_file=@
lt_cv_archive_cmds_need_lc=no
lt_cv_deplibs_check_method=pass_all
lt_cv_file_magic_cmd='$MAGIC_CMD'
lt_cv_file_magic_test_file=
lt_cv_ld_reload_flag=-r
lt_cv_nm_interface='BSD nm'
lt_cv_objdir=.libs
lt_cv_path_LD=/Users/clementtongpersonal/.buildozer/android/platform/android-ndk-r25b/toolchains/llvm/prebuilt/darwin-x86_64/bin/ld
lt_cv_path_LDCXX=/Users/clementtongpersonal/.buildozer/android/platform/android-ndk-r25b/toolchains/llvm/prebuilt/darwin-x86_64/bin/ld
lt_cv_path_NM=no
lt_cv_path_mainfest_tool=no
lt_cv_prog_compiler_c_o=yes
lt_cv_prog_compiler_c_o_CXX=yes
lt_cv_prog_compiler_pic='-fPIC -DPIC'
lt_cv_prog_compiler_pic_CXX='-fPIC -DPIC'
lt_cv_prog_compiler_pic_works=yes
lt_cv_prog_compiler_pic_works_CXX=yes
lt_cv_prog_compiler_rtti_exceptions=yes
lt_cv_prog_compiler_static_works=yes
lt_cv_prog_compiler_static_works_CXX=yes
lt_cv_prog_gnu_ld=yes
lt_cv_prog_gnu_ldcxx=yes
lt_cv_sharedlib_from_linklib_cmd='printf %s\n'
lt_cv_sys_global_symbol_pipe='/usr/bin/sed -n -e '\''s/^.*[	 ]\([ABCDGIRSTW][ABCDGIRSTW]*\)[	 ][	 ]*\([_A-Za-z][_A-Za-z0-9]*\)$/\1 \2 \2/p'\'' | /usr/bin/sed '\''/ __gnu_lto/d'\'''
lt_cv_sys_global_symbol_to_c_name_address='/usr/bin/sed -n -e '\''s/^: \(.*\) .*$/  {"\1", (void *) 0},/p'\'' -e '\''s/^[ABCDGIRSTW][ABCDGIRSTW]* .* \(.*\)$/  {"\1", (void *) \&\1},/p'\'''
lt_cv_sys_global_symbol_to_c_name_address_lib_prefix='/usr/bin/sed -n -e '\''s/^: \(.*\) .*$/  {"\1", (void *) 0},/p'\'' -e '\''s/^[ABCDGIRSTW][ABCDGIRSTW]* .* \(lib.*\)$/  {"\1", (void *) \&\1},/p'\'' -e '\''s/^[ABCDGIRSTW][ABCDGIRSTW]* .* \(.*\)$/  {"lib\1", (void *) \&\1},/p'\'''
lt_cv_sys_global_symbol_to_cdecl='/usr/bin/sed -n -e '\''s/^T .* \(.*\)$/extern int \1();/p'\'' -e '\''s/^[ABCDGIRSTW][ABCDGIRSTW]* .* \(.*\)$/extern char \1;/p'\'''
lt_cv_sys_global_symbol_to_import=
lt_cv_sys_max_cmd_len=786432
lt_cv_sys_symbol_underscore=no
lt_cv_to_host_file_cmd=func_convert_file_noop
lt_cv_to_tool_file_cmd=func_convert_file_noop
lt_cv_truncate_bin='/bin/dd bs=4096 count=1'

## ----------------- ##
## Output variables. ##
## ----------------- ##

ACLOCAL='${SHELL} '\''/Users/clementtongpersonal/Desktop/Programming/2023/safelybuoy-debug2/safelybuoy-debug2/kivy-app/.buildozer/android/platform/build-arm64-v8a_armeabi-v7a/build/other_builds/libffi/arm64-v8a__ndk_target_21/libffi/missing'\'' aclocal-1.16'
ALLOCA=''
AMDEPBACKSLASH='\'
AMDEP_FALSE='#'
AMDEP_TRUE=''
AMTAR='$${TAR-tar}'
AM_BACKSLASH='\'
AM_DEFAULT_V='$(AM_DEFAULT_VERBOSITY)'
AM_DEFAULT_VERBOSITY='1'
AM_LTLDFLAGS=''
AM_RUNTESTFLAGS=''
AM_V='$(V)'
AR='/Users/clementtongpersonal/.buildozer/android/platform/android-ndk-r25b/toolchains/llvm/prebuilt/darwin-x86_64/bin/llvm-ar'
AUTOCONF='${SHELL} '\''/Users/clementtongpersonal/Desktop/Programming/2023/safelybuoy-debug2/safelybuoy-debug2/kivy-app/.buildozer/android/platform/build-arm64-v8a_armeabi-v7a/build/other_builds/libffi/arm64-v8a__ndk_target_21/libffi/missing'\'' autoconf'
AUTOHEADER='${SHELL} '\''/Users/clementtongpersonal/Desktop/Programming/2023/safelybuoy-debug2/safelybuoy-debug2/kivy-app/.buildozer/android/platform/build-arm64-v8a_armeabi-v7a/build/other_builds/libffi/arm64-v8a__ndk_target_21/libffi/missing'\'' autoheader'
AUTOMAKE='${SHELL} '\''/Users/clementtongpersonal/Desktop/Programming/2023/safelybuoy-debug2/safelybuoy-debug2/kivy-app/.buildozer/android/platform/build-arm64-v8a_armeabi-v7a/build/other_builds/libffi/arm64-v8a__ndk_target_21/libffi/missing'\'' automake-1.16'
AWK='awk'
BUILD_DOCS_FALSE='#'
BUILD_DOCS_TRUE=''
CC='/usr/local/bin/ccache /Users/clementtongpersonal/.buildozer/android/platform/android-ndk-r25b/toolchains/llvm/prebuilt/darwin-x86_64/bin/clang -target aarch64-linux-android21 -fomit-frame-pointer -march=armv8-a -fPIC'
CCAS='/usr/local/bin/ccache /Users/clementtongpersonal/.buildozer/android/platform/android-ndk-r25b/toolchains/llvm/prebuilt/darwin-x86_64/bin/clang -target aarch64-linux-android21 -fomit-frame-pointer -march=armv8-a -fPIC'
CCASDEPMODE='depmode=gcc3'
CCASFLAGS='-target aarch64-linux-android21 -fomit-frame-pointer -march=armv8-a -fPIC'
CCDEPMODE='depmode=gcc3'
CFLAGS='-target aarch64-linux-android21 -fomit-frame-pointer -march=armv8-a -fPIC -Wall -fexceptions'
CPPFLAGS='-DANDROID -I/Users/clementtongpersonal/.buildozer/android/platform/android-ndk-r25b/toolchains/llvm/prebuilt/darwin-x86_64/sysroot/usr/include -I/Users/clementtongpersonal/Desktop/Programming/2023/safelybuoy-debug2/safelybuoy-debug2/kivy-app/.buildozer/android/platform/build-arm64-v8a_armeabi-v7a/build/python-installs/safelybuoydebug/arm64-v8a/include/python3.1'
CSCOPE='cscope'
CTAGS='ctags'
CXX='/usr/local/bin/ccache /Users/clementtongpersonal/.buildozer/android/platform/android-ndk-r25b/toolchains/llvm/prebuilt/darwin-x86_64/bin/clang++ -target aarch64-linux-android21 -fomit-frame-pointer -march=armv8-a -fPIC'
CXXCPP='/usr/local/bin/ccache /Users/clementtongpersonal/.buildozer/android/platform/android-ndk-r25b/toolchains/llvm/prebuilt/darwin-x86_64/bin/clang++ -target aarch64-linux-android21 -fomit-frame-pointer -march=armv8-a -fPIC -E'
CXXDEPMODE='depmode=gcc3'
CXXFLAGS='-target aarch64-linux-android21 -fomit-frame-pointer -march=armv8-a -fPIC'
CYGPATH_W='echo'
DEFS='-DHAVE_CONFIG_H'
DEPDIR='.deps'
DLLTOOL='false'
DSYMUTIL=''
DUMPBIN=':'
ECHO_C='\c'
ECHO_N=''
ECHO_T=''
EGREP='/usr/bin/grep -E'
ETAGS='etags'
EXEEXT=''
FFI_DEBUG_FALSE=''
FFI_DEBUG_TRUE='#'
FFI_EXEC_TRAMPOLINE_TABLE='0'
FFI_EXEC_TRAMPOLINE_TABLE_FALSE=''
FFI_EXEC_TRAMPOLINE_TABLE_TRUE='#'
FGREP='/usr/bin/grep -F'
FILECMD='file'
GREP='/usr/bin/grep'
HAVE_LONG_DOUBLE='1'
HAVE_LONG_DOUBLE_VARIANT='0'
INSTALL_DATA='${INSTALL} -m 644'
INSTALL_PROGRAM='${INSTALL}'
INSTALL_SCRIPT='${INSTALL}'
INSTALL_STRIP_PROGRAM='$(install_sh) -c -s'
LD='/Users/clementtongpersonal/.buildozer/android/platform/android-ndk-r25b/toolchains/llvm/prebuilt/darwin-x86_64/bin/ld'
LDFLAGS='  -L/Users/clementtongpersonal/Desktop/Programming/2023/safelybuoy-debug2/safelybuoy-debug2/kivy-app/.buildozer/android/platform/build-arm64-v8a_armeabi-v7a/build/libs_collections/safelybuoydebug/arm64-v8a'
LIBFFI_BUILD_VERSIONED_SHLIB_FALSE='#'
LIBFFI_BUILD_VERSIONED_SHLIB_GNU_FALSE='#'
LIBFFI_BUILD_VERSIONED_SHLIB_GNU_TRUE=''
LIBFFI_BUILD_VERSIONED_SHLIB_SUN_FALSE=''
LIBFFI_BUILD_VERSIONED_SHLIB_SUN_TRUE='#'
LIBFFI_BUILD_VERSIONED_SHLIB_TRUE=''
LIBOBJS=''
LIBS=''
LIBTOOL='$(SHELL) $(top_builddir)/libtool'
LIPO=''
LN_S='ln -s'
LTLIBOBJS=''
LT_SYS_LIBRARY_PATH=''
MAINT='#'
MAINTAINER_MODE_FALSE=''
MAINTAINER_MODE_TRUE='#'
MAKEINFO='${SHELL} '\''/Users/clementtongpersonal/Desktop/Programming/2023/safelybuoy-debug2/safelybuoy-debug2/kivy-app/.buildozer/android/platform/build-arm64-v8a_armeabi-v7a/build/other_builds/libffi/arm64-v8a__ndk_target_21/libffi/missing'\'' makeinfo'
MANIFEST_TOOL=':'
MKDIR_P='/usr/local/bin/gmkdir -p'
NM='nm'
NMEDIT=''
OBJDUMP='objdump'
OBJEXT='o'
OPT_LDFLAGS='-Wl,-O1 '
OTOOL64=''
OTOOL=''
PACKAGE='libffi'
PACKAGE_BUGREPORT='http://github.com/libffi/libffi/issues'
PACKAGE_NAME='libffi'
PACKAGE_STRING='libffi 3.4.2'
PACKAGE_TARNAME='libffi'
PACKAGE_URL=''
PACKAGE_VERSION='3.4.2'
PATH_SEPARATOR=':'
PRTDIAG=''
RANLIB='/Users/clementtongpersonal/.buildozer/android/platform/android-ndk-r25b/toolchains/llvm/prebuilt/darwin-x86_64/bin/llvm-ranlib'
READELF='/Users/clementtongpersonal/.buildozer/android/platform/android-ndk-r25b/toolchains/llvm/prebuilt/darwin-x86_64/bin/llvm-readelf'
SECTION_LDFLAGS=''
SED='/usr/bin/sed'
SET_MAKE=''
SHELL='/bin/sh'
STRIP='/Users/clementtongpersonal/.buildozer/android/platform/android-ndk-r25b/toolchains/llvm/prebuilt/darwin-x86_64/bin/llvm-strip --strip-unneeded'
TARGET='AARCH64'
TARGETDIR='aarch64'
TARGET_OBJ=' src/aarch64/ffi.lo src/aarch64/sysv.lo'
TESTSUBDIR_FALSE='#'
TESTSUBDIR_TRUE=''
VERSION='3.4.2'
ac_ct_AR=''
ac_ct_CC=''
ac_ct_CXX=''
ac_ct_DUMPBIN='link -dump'
am__EXEEXT_FALSE=''
am__EXEEXT_TRUE='#'
am__fastdepCCAS_FALSE='#'
am__fastdepCCAS_TRUE=''
am__fastdepCC_FALSE='#'
am__fastdepCC_TRUE=''
am__fastdepCXX_FALSE='#'
am__fastdepCXX_TRUE=''
am__include='include'
am__isrc=''
am__leading_dot='.'
am__nodep='_no'
am__quote=''
am__tar='$${TAR-tar} chof - "$$tardir"'
am__untar='$${TAR-tar} xf -'
ax_enable_builddir_sed='sed'
bindir='${exec_prefix}/bin'
build='x86_64-apple-darwin23.1.0'
build_alias=''
build_cpu='x86_64'
build_os='darwin23.1.0'
build_vendor='apple'
datadir='${datarootdir}'
datarootdir='${prefix}/share'
docdir='${datarootdir}/doc/${PACKAGE_TARNAME}'
dvidir='${docdir}'
exec_prefix='${prefix}'
host='aarch64-unknown-linux-android'
host_alias='aarch64-linux-android'
host_cpu='aarch64'
host_os='linux-android'
host_vendor='unknown'
htmldir='${docdir}'
includedir='${prefix}/include'
infodir='${datarootdir}/info'
install_sh='${SHELL} /Users/clementtongpersonal/Desktop/Programming/2023/safelybuoy-debug2/safelybuoy-debug2/kivy-app/.buildozer/android/platform/build-arm64-v8a_armeabi-v7a/build/other_builds/libffi/arm64-v8a__ndk_target_21/libffi/install-sh'
libdir='${exec_prefix}/lib'
libexecdir='${exec_prefix}/libexec'
localedir='${datarootdir}/locale'
localstatedir='${prefix}/var'
mandir='${datarootdir}/man'
mkdir_p='$(MKDIR_P)'
oldincludedir='/usr/include'
pdfdir='${docdir}'
prefix='/Users/clementtongpersonal/Desktop/Programming/2023/safelybuoy-debug2/safelybuoy-debug2/kivy-app/.buildozer/android/platform/build-arm64-v8a_armeabi-v7a/build/other_builds/libffi/arm64-v8a__ndk_target_21/libffi'
program_transform_name='s,x,x,'
psdir='${docdir}'
runstatedir='${localstatedir}/run'
sbindir='${exec_prefix}/sbin'
sharedstatedir='${prefix}/com'
sys_symbol_underscore='no'
sysconfdir='${prefix}/etc'
target='aarch64-unknown-linux-android'
target_alias='aarch64-linux-android'
target_cpu='aarch64'
target_os='linux-android'
target_vendor='unknown'
toolexecdir='${libdir}/gcc-lib/$(target_alias)'
toolexeclibdir='${libdir}'

## ----------- ##
## confdefs.h. ##
## ----------- ##

/* confdefs.h */
#define PACKAGE_NAME "libffi"
#define PACKAGE_TARNAME "libffi"
#define PACKAGE_VERSION "3.4.2"
#define PACKAGE_STRING "libffi 3.4.2"
#define PACKAGE_BUGREPORT "http://github.com/libffi/libffi/issues"
#define PACKAGE_URL ""
#define PACKAGE "libffi"
#define VERSION "3.4.2"
#define HAVE_STDIO_H 1
#define HAVE_STDLIB_H 1
#define HAVE_STRING_H 1
#define HAVE_INTTYPES_H 1
#define HAVE_STDINT_H 1
#define HAVE_STRINGS_H 1
#define HAVE_SYS_STAT_H 1
#define HAVE_SYS_TYPES_H 1
#define HAVE_UNISTD_H 1
#define STDC_HEADERS 1
#define HAVE_DLFCN_H 1
#define LT_OBJDIR ".libs/"
#define SIZEOF_SIZE_T 8
#define HAVE_SYS_MMAN_H 1
#define HAVE_MMAP 1
#define HAVE_MKSTEMP 1
#define HAVE_MMAP_FILE 1
#define HAVE_MMAP_DEV_ZERO 1
#define HAVE_MMAP_ANON 1
#define HAVE_MEMCPY 1
#define HAVE_ALLOCA_H 1
#define HAVE_ALLOCA 1
#define SIZEOF_DOUBLE 8
#define SIZEOF_LONG_DOUBLE 16
#define HAVE_LONG_DOUBLE 1
#define HAVE_AS_CFI_PSEUDO_OP 1
#define FFI_MMAP_EXEC_WRIT 1
#define HAVE_RO_EH_FRAME 1
#define EH_FRAME_FLAGS "a"
#define HAVE_HIDDEN_VISIBILITY_ATTRIBUTE 1
#define FFI_EXEC_STATIC_TRAMP 1
#define LIBFFI_GNU_SYMBOL_VERSIONING 1

configure: exit 0
